<?xml version="1.0" encoding="UTF-8"?>
<testsuites tests="46" failures="4" disabled="0" errors="0" time="1.771" timestamp="2025-12-23T14:42:06.159" name="AllTests">
  <testsuite name="TextTransformPropertyTest" tests="9" failures="0" disabled="0" skipped="0" errors="0" time="0.024" timestamp="2025-12-23T14:42:06.164">
    <testcase name="UppercaseLowercasePreservesLength" file="C:\Users\Administrator\Desktop\code\MBink\tests\property\render\test_text_transform_properties.cpp" line="105" status="run" result="completed" time="0.001" timestamp="2025-12-23T14:42:06.165" classname="TextTransformPropertyTest" />
    <testcase name="UppercaseConvertsAllLowercase" file="C:\Users\Administrator\Desktop\code\MBink\tests\property\render\test_text_transform_properties.cpp" line="126" status="run" result="completed" time="0." timestamp="2025-12-23T14:42:06.169" classname="TextTransformPropertyTest" />
    <testcase name="LowercaseConvertsAllUppercase" file="C:\Users\Administrator\Desktop\code\MBink\tests\property\render\test_text_transform_properties.cpp" line="151" status="run" result="completed" time="0." timestamp="2025-12-23T14:42:06.172" classname="TextTransformPropertyTest" />
    <testcase name="CapitalizeFirstCharacters" file="C:\Users\Administrator\Desktop\code\MBink\tests\property\render\test_text_transform_properties.cpp" line="178" status="run" result="completed" time="0." timestamp="2025-12-23T14:42:06.174" classname="TextTransformPropertyTest" />
    <testcase name="NoneIsIdentity" file="C:\Users\Administrator\Desktop\code\MBink\tests\property\render\test_text_transform_properties.cpp" line="212" status="run" result="completed" time="0." timestamp="2025-12-23T14:42:06.180" classname="TextTransformPropertyTest" />
    <testcase name="EmptyTransformIsIdentity" file="C:\Users\Administrator\Desktop\code\MBink\tests\property\render\test_text_transform_properties.cpp" line="231" status="run" result="completed" time="0." timestamp="2025-12-23T14:42:06.182" classname="TextTransformPropertyTest" />
    <testcase name="DoesNotModifyInput" file="C:\Users\Administrator\Desktop\code\MBink\tests\property\render\test_text_transform_properties.cpp" line="252" status="run" result="completed" time="0." timestamp="2025-12-23T14:42:06.184" classname="TextTransformPropertyTest" />
    <testcase name="RenderTextPreservesOriginalText" file="C:\Users\Administrator\Desktop\code\MBink\tests\property\render\test_text_transform_properties.cpp" line="280" status="run" result="completed" time="0." timestamp="2025-12-23T14:42:06.186" classname="TextTransformPropertyTest" />
    <testcase name="UpperLowerIdempotence" file="C:\Users\Administrator\Desktop\code\MBink\tests\property\render\test_text_transform_properties.cpp" line="306" status="run" result="completed" time="0." timestamp="2025-12-23T14:42:06.187" classname="TextTransformPropertyTest" />
  </testsuite>
  <testsuite name="KeyframesPropertyTest" tests="3" failures="0" disabled="0" skipped="0" errors="0" time="0.267" timestamp="2025-12-23T14:42:06.190">
    <testcase name="KeyframesRegistrationConsistency" file="C:\Users\Administrator\Desktop\code\MBink\tests\property\render\test_animation_keyframes_properties.cpp" line="161" status="run" result="completed" time="0.053" timestamp="2025-12-23T14:42:06.191" classname="KeyframesPropertyTest" />
    <testcase name="KeyframesCascadeOverride" file="C:\Users\Administrator\Desktop\code\MBink\tests\property\render\test_animation_keyframes_properties.cpp" line="219" status="run" result="completed" time="0.067" timestamp="2025-12-23T14:42:06.248" classname="KeyframesPropertyTest" />
    <testcase name="MultipleDistinctKeyframesCoexist" file="C:\Users\Administrator\Desktop\code\MBink\tests\property\render\test_animation_keyframes_properties.cpp" line="280" status="run" result="completed" time="0.139" timestamp="2025-12-23T14:42:06.317" classname="KeyframesPropertyTest" />
  </testsuite>
  <testsuite name="AnimationParsingPropertyTest" tests="3" failures="0" disabled="0" skipped="0" errors="0" time="0.053" timestamp="2025-12-23T14:42:06.459">
    <testcase name="AnimationShorthandParsingCompleteness" file="C:\Users\Administrator\Desktop\code\MBink\tests\property\render\test_animation_parsing_properties.cpp" line="179" status="run" result="completed" time="0.017" timestamp="2025-12-23T14:42:06.460" classname="AnimationParsingPropertyTest" />
    <testcase name="MultiAnimationPreservation" file="C:\Users\Administrator\Desktop\code\MBink\tests\property\render\test_animation_parsing_properties.cpp" line="256" status="run" result="completed" time="0.021" timestamp="2025-12-23T14:42:06.479" classname="AnimationParsingPropertyTest" />
    <testcase name="AnimationPlayStateParsing" file="C:\Users\Administrator\Desktop\code\MBink\tests\property\render\test_animation_parsing_properties.cpp" line="331" status="run" result="completed" time="0.009" timestamp="2025-12-23T14:42:06.503" classname="AnimationParsingPropertyTest" />
  </testsuite>
  <testsuite name="AnimationInterpolationPropertyTest" tests="6" failures="1" disabled="0" skipped="0" errors="0" time="0.438" timestamp="2025-12-23T14:42:06.515">
    <testcase name="NumericInterpolationCorrectness" file="C:\Users\Administrator\Desktop\code\MBink\tests\property\render\test_animation_interpolation_properties.cpp" line="94" status="run" result="completed" time="0.005" timestamp="2025-12-23T14:42:06.515" classname="AnimationInterpolationPropertyTest" />
    <testcase name="ColorInterpolationCorrectness" file="C:\Users\Administrator\Desktop\code\MBink\tests\property\render\test_animation_interpolation_properties.cpp" line="140" status="run" result="completed" time="0.384" timestamp="2025-12-23T14:42:06.522" classname="AnimationInterpolationPropertyTest">
      <failure message="C:\Users\Administrator\Desktop\code\MBink\tests\property\render\test_animation_interpolation_properties.cpp:180&#x0A;The difference between result_b and expected_b is 97, which exceeds 1, where&#x0A;result_b evaluates to 0,&#x0A;expected_b evaluates to 97, and&#x0A;1 evaluates to 1.&#x0A;Blue component incorrect at iteration 0&#x0A;" type=""><![CDATA[C:\Users\Administrator\Desktop\code\MBink\tests\property\render\test_animation_interpolation_properties.cpp:180
The difference between result_b and expected_b is 97, which exceeds 1, where
result_b evaluates to 0,
expected_b evaluates to 97, and
1 evaluates to 1.
Blue component incorrect at iteration 0
]]></failure>
      <failure message="C:\Users\Administrator\Desktop\code\MBink\tests\property\render\test_animation_interpolation_properties.cpp:176&#x0A;The difference between result_r and expected_r is 188, which exceeds 1, where&#x0A;result_r evaluates to 0,&#x0A;expected_r evaluates to 188, and&#x0A;1 evaluates to 1.&#x0A;Red component incorrect at iteration 1&#x0A;" type=""><![CDATA[C:\Users\Administrator\Desktop\code\MBink\tests\property\render\test_animation_interpolation_properties.cpp:176
The difference between result_r and expected_r is 188, which exceeds 1, where
result_r evaluates to 0,
expected_r evaluates to 188, and
1 evaluates to 1.
Red component incorrect at iteration 1
]]></failure>
      <failure message="C:\Users\Administrator\Desktop\code\MBink\tests\property\render\test_animation_interpolation_properties.cpp:180&#x0A;The difference between result_b and expected_b is 217, which exceeds 1, where&#x0A;result_b evaluates to 0,&#x0A;expected_b evaluates to 217, and&#x0A;1 evaluates to 1.&#x0A;Blue component incorrect at iteration 1&#x0A;" type=""><![CDATA[C:\Users\Administrator\Desktop\code\MBink\tests\property\render\test_animation_interpolation_properties.cpp:180
The difference between result_b and expected_b is 217, which exceeds 1, where
result_b evaluates to 0,
expected_b evaluates to 217, and
1 evaluates to 1.
Blue component incorrect at iteration 1
]]></failure>
      <failure message="C:\Users\Administrator\Desktop\code\MBink\tests\property\render\test_animation_interpolation_properties.cpp:176&#x0A;The difference between result_r and expected_r is 80, which exceeds 1, where&#x0A;result_r evaluates to 128,&#x0A;expected_r evaluates to 48, and&#x0A;1 evaluates to 1.&#x0A;Red component incorrect at iteration 2&#x0A;" type=""><![CDATA[C:\Users\Administrator\Desktop\code\MBink\tests\property\render\test_animation_interpolation_properties.cpp:176
The difference between result_r and expected_r is 80, which exceeds 1, where
result_r evaluates to 128,
expected_r evaluates to 48, and
1 evaluates to 1.
Red component incorrect at iteration 2
]]></failure>
      <failure message="C:\Users\Administrator\Desktop\code\MBink\tests\property\render\test_animation_interpolation_properties.cpp:180&#x0A;The difference between result_b and expected_b is 10, which exceeds 1, where&#x0A;result_b evaluates to 0,&#x0A;expected_b evaluates to 10, and&#x0A;1 evaluates to 1.&#x0A;Blue component incorrect at iteration 2&#x0A;" type=""><![CDATA[C:\Users\Administrator\Desktop\code\MBink\tests\property\render\test_animation_interpolation_properties.cpp:180
The difference between result_b and expected_b is 10, which exceeds 1, where
result_b evaluates to 0,
expected_b evaluates to 10, and
1 evaluates to 1.
Blue component incorrect at iteration 2
]]></failure>
      <failure message="C:\Users\Administrator\Desktop\code\MBink\tests\property\render\test_animation_interpolation_properties.cpp:178&#x0A;The difference between result_g and expected_g is 13, which exceeds 1, where&#x0A;result_g evaluates to 160,&#x0A;expected_g evaluates to 173, and&#x0A;1 evaluates to 1.&#x0A;Green component incorrect at iteration 3&#x0A;" type=""><![CDATA[C:\Users\Administrator\Desktop\code\MBink\tests\property\render\test_animation_interpolation_properties.cpp:178
The difference between result_g and expected_g is 13, which exceeds 1, where
result_g evaluates to 160,
expected_g evaluates to 173, and
1 evaluates to 1.
Green component incorrect at iteration 3
]]></failure>
      <failure message="C:\Users\Administrator\Desktop\code\MBink\tests\property\render\test_animation_interpolation_properties.cpp:180&#x0A;The difference between result_b and expected_b is 5, which exceeds 1, where&#x0A;result_b evaluates to 128,&#x0A;expected_b evaluates to 123, and&#x0A;1 evaluates to 1.&#x0A;Blue component incorrect at iteration 3&#x0A;" type=""><![CDATA[C:\Users\Administrator\Desktop\code\MBink\tests\property\render\test_animation_interpolation_properties.cpp:180
The difference between result_b and expected_b is 5, which exceeds 1, where
result_b evaluates to 128,
expected_b evaluates to 123, and
1 evaluates to 1.
Blue component incorrect at iteration 3
]]></failure>
      <failure message="C:\Users\Administrator\Desktop\code\MBink\tests\property\render\test_animation_interpolation_properties.cpp:176&#x0A;The difference between result_r and expected_r is 35, which exceeds 1, where&#x0A;result_r evaluates to 128,&#x0A;expected_r evaluates to 163, and&#x0A;1 evaluates to 1.&#x0A;Red component incorrect at iteration 4&#x0A;" type=""><![CDATA[C:\Users\Administrator\Desktop\code\MBink\tests\property\render\test_animation_interpolation_properties.cpp:176
The difference between result_r and expected_r is 35, which exceeds 1, where
result_r evaluates to 128,
expected_r evaluates to 163, and
1 evaluates to 1.
Red component incorrect at iteration 4
]]></failure>
      <failure message="C:\Users\Administrator\Desktop\code\MBink\tests\property\render\test_animation_interpolation_properties.cpp:178&#x0A;The difference between result_g and expected_g is 119, which exceeds 1, where&#x0A;result_g evaluates to 0,&#x0A;expected_g evaluates to 119, and&#x0A;1 evaluates to 1.&#x0A;Green component incorrect at iteration 4&#x0A;" type=""><![CDATA[C:\Users\Administrator\Desktop\code\MBink\tests\property\render\test_animation_interpolation_properties.cpp:178
The difference between result_g and expected_g is 119, which exceeds 1, where
result_g evaluates to 0,
expected_g evaluates to 119, and
1 evaluates to 1.
Green component incorrect at iteration 4
]]></failure>
      <failure message="C:\Users\Administrator\Desktop\code\MBink\tests\property\render\test_animation_interpolation_properties.cpp:180&#x0A;The difference between result_b and expected_b is 17, which exceeds 1, where&#x0A;result_b evaluates to 128,&#x0A;expected_b evaluates to 145, and&#x0A;1 evaluates to 1.&#x0A;Blue component incorrect at iteration 4&#x0A;" type=""><![CDATA[C:\Users\Administrator\Desktop\code\MBink\tests\property\render\test_animation_interpolation_properties.cpp:180
The difference between result_b and expected_b is 17, which exceeds 1, where
result_b evaluates to 128,
expected_b evaluates to 145, and
1 evaluates to 1.
Blue component incorrect at iteration 4
]]></failure>
      <failure message="C:\Users\Administrator\Desktop\code\MBink\tests\property\render\test_animation_interpolation_properties.cpp:176&#x0A;The difference between result_r and expected_r is 188, which exceeds 1, where&#x0A;result_r evaluates to 0,&#x0A;expected_r evaluates to 188, and&#x0A;1 evaluates to 1.&#x0A;Red component incorrect at iteration 5&#x0A;" type=""><![CDATA[C:\Users\Administrator\Desktop\code\MBink\tests\property\render\test_animation_interpolation_properties.cpp:176
The difference between result_r and expected_r is 188, which exceeds 1, where
result_r evaluates to 0,
expected_r evaluates to 188, and
1 evaluates to 1.
Red component incorrect at iteration 5
]]></failure>
      <failure message="C:\Users\Administrator\Desktop\code\MBink\tests\property\render\test_animation_interpolation_properties.cpp:180&#x0A;The difference between result_b and expected_b is 166, which exceeds 1, where&#x0A;result_b evaluates to 0,&#x0A;expected_b evaluates to 166, and&#x0A;1 evaluates to 1.&#x0A;Blue component incorrect at iteration 5&#x0A;" type=""><![CDATA[C:\Users\Administrator\Desktop\code\MBink\tests\property\render\test_animation_interpolation_properties.cpp:180
The difference between result_b and expected_b is 166, which exceeds 1, where
result_b evaluates to 0,
expected_b evaluates to 166, and
1 evaluates to 1.
Blue component incorrect at iteration 5
]]></failure>
      <failure message="C:\Users\Administrator\Desktop\code\MBink\tests\property\render\test_animation_interpolation_properties.cpp:176&#x0A;The difference between result_r and expected_r is 110, which exceeds 1, where&#x0A;result_r evaluates to 0,&#x0A;expected_r evaluates to 110, and&#x0A;1 evaluates to 1.&#x0A;Red component incorrect at iteration 6&#x0A;" type=""><![CDATA[C:\Users\Administrator\Desktop\code\MBink\tests\property\render\test_animation_interpolation_properties.cpp:176
The difference between result_r and expected_r is 110, which exceeds 1, where
result_r evaluates to 0,
expected_r evaluates to 110, and
1 evaluates to 1.
Red component incorrect at iteration 6
]]></failure>
      <failure message="C:\Users\Administrator\Desktop\code\MBink\tests\property\render\test_animation_interpolation_properties.cpp:178&#x0A;The difference between result_g and expected_g is 90, which exceeds 1, where&#x0A;result_g evaluates to 0,&#x0A;expected_g evaluates to 90, and&#x0A;1 evaluates to 1.&#x0A;Green component incorrect at iteration 6&#x0A;" type=""><![CDATA[C:\Users\Administrator\Desktop\code\MBink\tests\property\render\test_animation_interpolation_properties.cpp:178
The difference between result_g and expected_g is 90, which exceeds 1, where
result_g evaluates to 0,
expected_g evaluates to 90, and
1 evaluates to 1.
Green component incorrect at iteration 6
]]></failure>
      <failure message="C:\Users\Administrator\Desktop\code\MBink\tests\property\render\test_animation_interpolation_properties.cpp:180&#x0A;The difference between result_b and expected_b is 53, which exceeds 1, where&#x0A;result_b evaluates to 0,&#x0A;expected_b evaluates to 53, and&#x0A;1 evaluates to 1.&#x0A;Blue component incorrect at iteration 6&#x0A;" type=""><![CDATA[C:\Users\Administrator\Desktop\code\MBink\tests\property\render\test_animation_interpolation_properties.cpp:180
The difference between result_b and expected_b is 53, which exceeds 1, where
result_b evaluates to 0,
expected_b evaluates to 53, and
1 evaluates to 1.
Blue component incorrect at iteration 6
]]></failure>
      <failure message="C:\Users\Administrator\Desktop\code\MBink\tests\property\render\test_animation_interpolation_properties.cpp:176&#x0A;The difference between result_r and expected_r is 12, which exceeds 1, where&#x0A;result_r evaluates to 128,&#x0A;expected_r evaluates to 140, and&#x0A;1 evaluates to 1.&#x0A;Red component incorrect at iteration 7&#x0A;" type=""><![CDATA[C:\Users\Administrator\Desktop\code\MBink\tests\property\render\test_animation_interpolation_properties.cpp:176
The difference between result_r and expected_r is 12, which exceeds 1, where
result_r evaluates to 128,
expected_r evaluates to 140, and
1 evaluates to 1.
Red component incorrect at iteration 7
]]></failure>
      <failure message="C:\Users\Administrator\Desktop\code\MBink\tests\property\render\test_animation_interpolation_properties.cpp:178&#x0A;The difference between result_g and expected_g is 33, which exceeds 1, where&#x0A;result_g evaluates to 128,&#x0A;expected_g evaluates to 95, and&#x0A;1 evaluates to 1.&#x0A;Green component incorrect at iteration 7&#x0A;" type=""><![CDATA[C:\Users\Administrator\Desktop\code\MBink\tests\property\render\test_animation_interpolation_properties.cpp:178
The difference between result_g and expected_g is 33, which exceeds 1, where
result_g evaluates to 128,
expected_g evaluates to 95, and
1 evaluates to 1.
Green component incorrect at iteration 7
]]></failure>
      <failure message="C:\Users\Administrator\Desktop\code\MBink\tests\property\render\test_animation_interpolation_properties.cpp:178&#x0A;The difference between result_g and expected_g is 34, which exceeds 1, where&#x0A;result_g evaluates to 192,&#x0A;expected_g evaluates to 158, and&#x0A;1 evaluates to 1.&#x0A;Green component incorrect at iteration 8&#x0A;" type=""><![CDATA[C:\Users\Administrator\Desktop\code\MBink\tests\property\render\test_animation_interpolation_properties.cpp:178
The difference between result_g and expected_g is 34, which exceeds 1, where
result_g evaluates to 192,
expected_g evaluates to 158, and
1 evaluates to 1.
Green component incorrect at iteration 8
]]></failure>
      <failure message="C:\Users\Administrator\Desktop\code\MBink\tests\property\render\test_animation_interpolation_properties.cpp:180&#x0A;The difference between result_b and expected_b is 18, which exceeds 1, where&#x0A;result_b evaluates to 192,&#x0A;expected_b evaluates to 210, and&#x0A;1 evaluates to 1.&#x0A;Blue component incorrect at iteration 8&#x0A;" type=""><![CDATA[C:\Users\Administrator\Desktop\code\MBink\tests\property\render\test_animation_interpolation_properties.cpp:180
The difference between result_b and expected_b is 18, which exceeds 1, where
result_b evaluates to 192,
expected_b evaluates to 210, and
1 evaluates to 1.
Blue component incorrect at iteration 8
]]></failure>
      <failure message="C:\Users\Administrator\Desktop\code\MBink\tests\property\render\test_animation_interpolation_properties.cpp:180&#x0A;The difference between result_b and expected_b is 126, which exceeds 1, where&#x0A;result_b evaluates to 0,&#x0A;expected_b evaluates to 126, and&#x0A;1 evaluates to 1.&#x0A;Blue component incorrect at iteration 9&#x0A;" type=""><![CDATA[C:\Users\Administrator\Desktop\code\MBink\tests\property\render\test_animation_interpolation_properties.cpp:180
The difference between result_b and expected_b is 126, which exceeds 1, where
result_b evaluates to 0,
expected_b evaluates to 126, and
1 evaluates to 1.
Blue component incorrect at iteration 9
]]></failure>
      <failure message="C:\Users\Administrator\Desktop\code\MBink\tests\property\render\test_animation_interpolation_properties.cpp:176&#x0A;The difference between result_r and expected_r is 139, which exceeds 1, where&#x0A;result_r evaluates to 0,&#x0A;expected_r evaluates to 139, and&#x0A;1 evaluates to 1.&#x0A;Red component incorrect at iteration 10&#x0A;" type=""><![CDATA[C:\Users\Administrator\Desktop\code\MBink\tests\property\render\test_animation_interpolation_properties.cpp:176
The difference between result_r and expected_r is 139, which exceeds 1, where
result_r evaluates to 0,
expected_r evaluates to 139, and
1 evaluates to 1.
Red component incorrect at iteration 10
]]></failure>
      <failure message="C:\Users\Administrator\Desktop\code\MBink\tests\property\render\test_animation_interpolation_properties.cpp:180&#x0A;The difference between result_b and expected_b is 139, which exceeds 1, where&#x0A;result_b evaluates to 0,&#x0A;expected_b evaluates to 139, and&#x0A;1 evaluates to 1.&#x0A;Blue component incorrect at iteration 10&#x0A;" type=""><![CDATA[C:\Users\Administrator\Desktop\code\MBink\tests\property\render\test_animation_interpolation_properties.cpp:180
The difference between result_b and expected_b is 139, which exceeds 1, where
result_b evaluates to 0,
expected_b evaluates to 139, and
1 evaluates to 1.
Blue component incorrect at iteration 10
]]></failure>
      <failure message="C:\Users\Administrator\Desktop\code\MBink\tests\property\render\test_animation_interpolation_properties.cpp:180&#x0A;The difference between result_b and expected_b is 91, which exceeds 1, where&#x0A;result_b evaluates to 0,&#x0A;expected_b evaluates to 91, and&#x0A;1 evaluates to 1.&#x0A;Blue component incorrect at iteration 11&#x0A;" type=""><![CDATA[C:\Users\Administrator\Desktop\code\MBink\tests\property\render\test_animation_interpolation_properties.cpp:180
The difference between result_b and expected_b is 91, which exceeds 1, where
result_b evaluates to 0,
expected_b evaluates to 91, and
1 evaluates to 1.
Blue component incorrect at iteration 11
]]></failure>
      <failure message="C:\Users\Administrator\Desktop\code\MBink\tests\property\render\test_animation_interpolation_properties.cpp:176&#x0A;The difference between result_r and expected_r is 33, which exceeds 1, where&#x0A;result_r evaluates to 128,&#x0A;expected_r evaluates to 95, and&#x0A;1 evaluates to 1.&#x0A;Red component incorrect at iteration 12&#x0A;" type=""><![CDATA[C:\Users\Administrator\Desktop\code\MBink\tests\property\render\test_animation_interpolation_properties.cpp:176
The difference between result_r and expected_r is 33, which exceeds 1, where
result_r evaluates to 128,
expected_r evaluates to 95, and
1 evaluates to 1.
Red component incorrect at iteration 12
]]></failure>
      <failure message="C:\Users\Administrator\Desktop\code\MBink\tests\property\render\test_animation_interpolation_properties.cpp:180&#x0A;The difference between result_b and expected_b is 10, which exceeds 1, where&#x0A;result_b evaluates to 128,&#x0A;expected_b evaluates to 138, and&#x0A;1 evaluates to 1.&#x0A;Blue component incorrect at iteration 12&#x0A;" type=""><![CDATA[C:\Users\Administrator\Desktop\code\MBink\tests\property\render\test_animation_interpolation_properties.cpp:180
The difference between result_b and expected_b is 10, which exceeds 1, where
result_b evaluates to 128,
expected_b evaluates to 138, and
1 evaluates to 1.
Blue component incorrect at iteration 12
]]></failure>
      <failure message="C:\Users\Administrator\Desktop\code\MBink\tests\property\render\test_animation_interpolation_properties.cpp:176&#x0A;The difference between result_r and expected_r is 7, which exceeds 1, where&#x0A;result_r evaluates to 160,&#x0A;expected_r evaluates to 167, and&#x0A;1 evaluates to 1.&#x0A;Red component incorrect at iteration 13&#x0A;" type=""><![CDATA[C:\Users\Administrator\Desktop\code\MBink\tests\property\render\test_animation_interpolation_properties.cpp:176
The difference between result_r and expected_r is 7, which exceeds 1, where
result_r evaluates to 160,
expected_r evaluates to 167, and
1 evaluates to 1.
Red component incorrect at iteration 13
]]></failure>
      <failure message="C:\Users\Administrator\Desktop\code\MBink\tests\property\render\test_animation_interpolation_properties.cpp:180&#x0A;The difference between result_b and expected_b is 12, which exceeds 1, where&#x0A;result_b evaluates to 224,&#x0A;expected_b evaluates to 212, and&#x0A;1 evaluates to 1.&#x0A;Blue component incorrect at iteration 13&#x0A;" type=""><![CDATA[C:\Users\Administrator\Desktop\code\MBink\tests\property\render\test_animation_interpolation_properties.cpp:180
The difference between result_b and expected_b is 12, which exceeds 1, where
result_b evaluates to 224,
expected_b evaluates to 212, and
1 evaluates to 1.
Blue component incorrect at iteration 13
]]></failure>
      <failure message="C:\Users\Administrator\Desktop\code\MBink\tests\property\render\test_animation_interpolation_properties.cpp:176&#x0A;The difference between result_r and expected_r is 25, which exceeds 1, where&#x0A;result_r evaluates to 0,&#x0A;expected_r evaluates to 25, and&#x0A;1 evaluates to 1.&#x0A;Red component incorrect at iteration 14&#x0A;" type=""><![CDATA[C:\Users\Administrator\Desktop\code\MBink\tests\property\render\test_animation_interpolation_properties.cpp:176
The difference between result_r and expected_r is 25, which exceeds 1, where
result_r evaluates to 0,
expected_r evaluates to 25, and
1 evaluates to 1.
Red component incorrect at iteration 14
]]></failure>
      <failure message="C:\Users\Administrator\Desktop\code\MBink\tests\property\render\test_animation_interpolation_properties.cpp:176&#x0A;The difference between result_r and expected_r is 45, which exceeds 1, where&#x0A;result_r evaluates to 128,&#x0A;expected_r evaluates to 173, and&#x0A;1 evaluates to 1.&#x0A;Red component incorrect at iteration 16&#x0A;" type=""><![CDATA[C:\Users\Administrator\Desktop\code\MBink\tests\property\render\test_animation_interpolation_properties.cpp:176
The difference between result_r and expected_r is 45, which exceeds 1, where
result_r evaluates to 128,
expected_r evaluates to 173, and
1 evaluates to 1.
Red component incorrect at iteration 16
]]></failure>
      <failure message="C:\Users\Administrator\Desktop\code\MBink\tests\property\render\test_animation_interpolation_properties.cpp:178&#x0A;The difference between result_g and expected_g is 63, which exceeds 1, where&#x0A;result_g evaluates to 128,&#x0A;expected_g evaluates to 191, and&#x0A;1 evaluates to 1.&#x0A;Green component incorrect at iteration 16&#x0A;" type=""><![CDATA[C:\Users\Administrator\Desktop\code\MBink\tests\property\render\test_animation_interpolation_properties.cpp:178
The difference between result_g and expected_g is 63, which exceeds 1, where
result_g evaluates to 128,
expected_g evaluates to 191, and
1 evaluates to 1.
Green component incorrect at iteration 16
]]></failure>
      <failure message="C:\Users\Administrator\Desktop\code\MBink\tests\property\render\test_animation_interpolation_properties.cpp:176&#x0A;The difference between result_r and expected_r is 76, which exceeds 1, where&#x0A;result_r evaluates to 0,&#x0A;expected_r evaluates to 76, and&#x0A;1 evaluates to 1.&#x0A;Red component incorrect at iteration 17&#x0A;" type=""><![CDATA[C:\Users\Administrator\Desktop\code\MBink\tests\property\render\test_animation_interpolation_properties.cpp:176
The difference between result_r and expected_r is 76, which exceeds 1, where
result_r evaluates to 0,
expected_r evaluates to 76, and
1 evaluates to 1.
Red component incorrect at iteration 17
]]></failure>
      <failure message="C:\Users\Administrator\Desktop\code\MBink\tests\property\render\test_animation_interpolation_properties.cpp:180&#x0A;The difference between result_b and expected_b is 93, which exceeds 1, where&#x0A;result_b evaluates to 0,&#x0A;expected_b evaluates to 93, and&#x0A;1 evaluates to 1.&#x0A;Blue component incorrect at iteration 17&#x0A;" type=""><![CDATA[C:\Users\Administrator\Desktop\code\MBink\tests\property\render\test_animation_interpolation_properties.cpp:180
The difference between result_b and expected_b is 93, which exceeds 1, where
result_b evaluates to 0,
expected_b evaluates to 93, and
1 evaluates to 1.
Blue component incorrect at iteration 17
]]></failure>
      <failure message="C:\Users\Administrator\Desktop\code\MBink\tests\property\render\test_animation_interpolation_properties.cpp:178&#x0A;The difference between result_g and expected_g is 49, which exceeds 1, where&#x0A;result_g evaluates to 0,&#x0A;expected_g evaluates to 49, and&#x0A;1 evaluates to 1.&#x0A;Green component incorrect at iteration 18&#x0A;" type=""><![CDATA[C:\Users\Administrator\Desktop\code\MBink\tests\property\render\test_animation_interpolation_properties.cpp:178
The difference between result_g and expected_g is 49, which exceeds 1, where
result_g evaluates to 0,
expected_g evaluates to 49, and
1 evaluates to 1.
Green component incorrect at iteration 18
]]></failure>
      <failure message="C:\Users\Administrator\Desktop\code\MBink\tests\property\render\test_animation_interpolation_properties.cpp:178&#x0A;The difference between result_g and expected_g is 4, which exceeds 1, where&#x0A;result_g evaluates to 128,&#x0A;expected_g evaluates to 132, and&#x0A;1 evaluates to 1.&#x0A;Green component incorrect at iteration 20&#x0A;" type=""><![CDATA[C:\Users\Administrator\Desktop\code\MBink\tests\property\render\test_animation_interpolation_properties.cpp:178
The difference between result_g and expected_g is 4, which exceeds 1, where
result_g evaluates to 128,
expected_g evaluates to 132, and
1 evaluates to 1.
Green component incorrect at iteration 20
]]></failure>
      <failure message="C:\Users\Administrator\Desktop\code\MBink\tests\property\render\test_animation_interpolation_properties.cpp:178&#x0A;The difference between result_g and expected_g is 92, which exceeds 1, where&#x0A;result_g evaluates to 0,&#x0A;expected_g evaluates to 92, and&#x0A;1 evaluates to 1.&#x0A;Green component incorrect at iteration 21&#x0A;" type=""><![CDATA[C:\Users\Administrator\Desktop\code\MBink\tests\property\render\test_animation_interpolation_properties.cpp:178
The difference between result_g and expected_g is 92, which exceeds 1, where
result_g evaluates to 0,
expected_g evaluates to 92, and
1 evaluates to 1.
Green component incorrect at iteration 21
]]></failure>
      <failure message="C:\Users\Administrator\Desktop\code\MBink\tests\property\render\test_animation_interpolation_properties.cpp:180&#x0A;The difference between result_b and expected_b is 164, which exceeds 1, where&#x0A;result_b evaluates to 0,&#x0A;expected_b evaluates to 164, and&#x0A;1 evaluates to 1.&#x0A;Blue component incorrect at iteration 21&#x0A;" type=""><![CDATA[C:\Users\Administrator\Desktop\code\MBink\tests\property\render\test_animation_interpolation_properties.cpp:180
The difference between result_b and expected_b is 164, which exceeds 1, where
result_b evaluates to 0,
expected_b evaluates to 164, and
1 evaluates to 1.
Blue component incorrect at iteration 21
]]></failure>
      <failure message="C:\Users\Administrator\Desktop\code\MBink\tests\property\render\test_animation_interpolation_properties.cpp:176&#x0A;The difference between result_r and expected_r is 181, which exceeds 1, where&#x0A;result_r evaluates to 0,&#x0A;expected_r evaluates to 181, and&#x0A;1 evaluates to 1.&#x0A;Red component incorrect at iteration 22&#x0A;" type=""><![CDATA[C:\Users\Administrator\Desktop\code\MBink\tests\property\render\test_animation_interpolation_properties.cpp:176
The difference between result_r and expected_r is 181, which exceeds 1, where
result_r evaluates to 0,
expected_r evaluates to 181, and
1 evaluates to 1.
Red component incorrect at iteration 22
]]></failure>
      <failure message="C:\Users\Administrator\Desktop\code\MBink\tests\property\render\test_animation_interpolation_properties.cpp:178&#x0A;The difference between result_g and expected_g is 13, which exceeds 1, where&#x0A;result_g evaluates to 128,&#x0A;expected_g evaluates to 115, and&#x0A;1 evaluates to 1.&#x0A;Green component incorrect at iteration 22&#x0A;" type=""><![CDATA[C:\Users\Administrator\Desktop\code\MBink\tests\property\render\test_animation_interpolation_properties.cpp:178
The difference between result_g and expected_g is 13, which exceeds 1, where
result_g evaluates to 128,
expected_g evaluates to 115, and
1 evaluates to 1.
Green component incorrect at iteration 22
]]></failure>
      <failure message="C:\Users\Administrator\Desktop\code\MBink\tests\property\render\test_animation_interpolation_properties.cpp:178&#x0A;The difference between result_g and expected_g is 79, which exceeds 1, where&#x0A;result_g evaluates to 128,&#x0A;expected_g evaluates to 49, and&#x0A;1 evaluates to 1.&#x0A;Green component incorrect at iteration 24&#x0A;" type=""><![CDATA[C:\Users\Administrator\Desktop\code\MBink\tests\property\render\test_animation_interpolation_properties.cpp:178
The difference between result_g and expected_g is 79, which exceeds 1, where
result_g evaluates to 128,
expected_g evaluates to 49, and
1 evaluates to 1.
Green component incorrect at iteration 24
]]></failure>
      <failure message="C:\Users\Administrator\Desktop\code\MBink\tests\property\render\test_animation_interpolation_properties.cpp:178&#x0A;The difference between result_g and expected_g is 99, which exceeds 1, where&#x0A;result_g evaluates to 0,&#x0A;expected_g evaluates to 99, and&#x0A;1 evaluates to 1.&#x0A;Green component incorrect at iteration 25&#x0A;" type=""><![CDATA[C:\Users\Administrator\Desktop\code\MBink\tests\property\render\test_animation_interpolation_properties.cpp:178
The difference between result_g and expected_g is 99, which exceeds 1, where
result_g evaluates to 0,
expected_g evaluates to 99, and
1 evaluates to 1.
Green component incorrect at iteration 25
]]></failure>
      <failure message="C:\Users\Administrator\Desktop\code\MBink\tests\property\render\test_animation_interpolation_properties.cpp:180&#x0A;The difference between result_b and expected_b is 70, which exceeds 1, where&#x0A;result_b evaluates to 0,&#x0A;expected_b evaluates to 70, and&#x0A;1 evaluates to 1.&#x0A;Blue component incorrect at iteration 25&#x0A;" type=""><![CDATA[C:\Users\Administrator\Desktop\code\MBink\tests\property\render\test_animation_interpolation_properties.cpp:180
The difference between result_b and expected_b is 70, which exceeds 1, where
result_b evaluates to 0,
expected_b evaluates to 70, and
1 evaluates to 1.
Blue component incorrect at iteration 25
]]></failure>
      <failure message="C:\Users\Administrator\Desktop\code\MBink\tests\property\render\test_animation_interpolation_properties.cpp:176&#x0A;The difference between result_r and expected_r is 4, which exceeds 1, where&#x0A;result_r evaluates to 80,&#x0A;expected_r evaluates to 84, and&#x0A;1 evaluates to 1.&#x0A;Red component incorrect at iteration 26&#x0A;" type=""><![CDATA[C:\Users\Administrator\Desktop\code\MBink\tests\property\render\test_animation_interpolation_properties.cpp:176
The difference between result_r and expected_r is 4, which exceeds 1, where
result_r evaluates to 80,
expected_r evaluates to 84, and
1 evaluates to 1.
Red component incorrect at iteration 26
]]></failure>
      <failure message="C:\Users\Administrator\Desktop\code\MBink\tests\property\render\test_animation_interpolation_properties.cpp:180&#x0A;The difference between result_b and expected_b is 2, which exceeds 1, where&#x0A;result_b evaluates to 192,&#x0A;expected_b evaluates to 194, and&#x0A;1 evaluates to 1.&#x0A;Blue component incorrect at iteration 26&#x0A;" type=""><![CDATA[C:\Users\Administrator\Desktop\code\MBink\tests\property\render\test_animation_interpolation_properties.cpp:180
The difference between result_b and expected_b is 2, which exceeds 1, where
result_b evaluates to 192,
expected_b evaluates to 194, and
1 evaluates to 1.
Blue component incorrect at iteration 26
]]></failure>
      <failure message="C:\Users\Administrator\Desktop\code\MBink\tests\property\render\test_animation_interpolation_properties.cpp:178&#x0A;The difference between result_g and expected_g is 149, which exceeds 1, where&#x0A;result_g evaluates to 0,&#x0A;expected_g evaluates to 149, and&#x0A;1 evaluates to 1.&#x0A;Green component incorrect at iteration 27&#x0A;" type=""><![CDATA[C:\Users\Administrator\Desktop\code\MBink\tests\property\render\test_animation_interpolation_properties.cpp:178
The difference between result_g and expected_g is 149, which exceeds 1, where
result_g evaluates to 0,
expected_g evaluates to 149, and
1 evaluates to 1.
Green component incorrect at iteration 27
]]></failure>
      <failure message="C:\Users\Administrator\Desktop\code\MBink\tests\property\render\test_animation_interpolation_properties.cpp:180&#x0A;The difference between result_b and expected_b is 59, which exceeds 1, where&#x0A;result_b evaluates to 0,&#x0A;expected_b evaluates to 59, and&#x0A;1 evaluates to 1.&#x0A;Blue component incorrect at iteration 27&#x0A;" type=""><![CDATA[C:\Users\Administrator\Desktop\code\MBink\tests\property\render\test_animation_interpolation_properties.cpp:180
The difference between result_b and expected_b is 59, which exceeds 1, where
result_b evaluates to 0,
expected_b evaluates to 59, and
1 evaluates to 1.
Blue component incorrect at iteration 27
]]></failure>
      <failure message="C:\Users\Administrator\Desktop\code\MBink\tests\property\render\test_animation_interpolation_properties.cpp:176&#x0A;The difference between result_r and expected_r is 181, which exceeds 1, where&#x0A;result_r evaluates to 0,&#x0A;expected_r evaluates to 181, and&#x0A;1 evaluates to 1.&#x0A;Red component incorrect at iteration 28&#x0A;" type=""><![CDATA[C:\Users\Administrator\Desktop\code\MBink\tests\property\render\test_animation_interpolation_properties.cpp:176
The difference between result_r and expected_r is 181, which exceeds 1, where
result_r evaluates to 0,
expected_r evaluates to 181, and
1 evaluates to 1.
Red component incorrect at iteration 28
]]></failure>
      <failure message="C:\Users\Administrator\Desktop\code\MBink\tests\property\render\test_animation_interpolation_properties.cpp:178&#x0A;The difference between result_g and expected_g is 41, which exceeds 1, where&#x0A;result_g evaluates to 128,&#x0A;expected_g evaluates to 87, and&#x0A;1 evaluates to 1.&#x0A;Green component incorrect at iteration 28&#x0A;" type=""><![CDATA[C:\Users\Administrator\Desktop\code\MBink\tests\property\render\test_animation_interpolation_properties.cpp:178
The difference between result_g and expected_g is 41, which exceeds 1, where
result_g evaluates to 128,
expected_g evaluates to 87, and
1 evaluates to 1.
Green component incorrect at iteration 28
]]></failure>
      <failure message="C:\Users\Administrator\Desktop\code\MBink\tests\property\render\test_animation_interpolation_properties.cpp:176&#x0A;The difference between result_r and expected_r is 25, which exceeds 1, where&#x0A;result_r evaluates to 192,&#x0A;expected_r evaluates to 217, and&#x0A;1 evaluates to 1.&#x0A;Red component incorrect at iteration 29&#x0A;" type=""><![CDATA[C:\Users\Administrator\Desktop\code\MBink\tests\property\render\test_animation_interpolation_properties.cpp:176
The difference between result_r and expected_r is 25, which exceeds 1, where
result_r evaluates to 192,
expected_r evaluates to 217, and
1 evaluates to 1.
Red component incorrect at iteration 29
]]></failure>
      <failure message="C:\Users\Administrator\Desktop\code\MBink\tests\property\render\test_animation_interpolation_properties.cpp:176&#x0A;The difference between result_r and expected_r is 46, which exceeds 1, where&#x0A;result_r evaluates to 128,&#x0A;expected_r evaluates to 174, and&#x0A;1 evaluates to 1.&#x0A;Red component incorrect at iteration 30&#x0A;" type=""><![CDATA[C:\Users\Administrator\Desktop\code\MBink\tests\property\render\test_animation_interpolation_properties.cpp:176
The difference between result_r and expected_r is 46, which exceeds 1, where
result_r evaluates to 128,
expected_r evaluates to 174, and
1 evaluates to 1.
Red component incorrect at iteration 30
]]></failure>
      <failure message="C:\Users\Administrator\Desktop\code\MBink\tests\property\render\test_animation_interpolation_properties.cpp:178&#x0A;The difference between result_g and expected_g is 18, which exceeds 1, where&#x0A;result_g evaluates to 192,&#x0A;expected_g evaluates to 210, and&#x0A;1 evaluates to 1.&#x0A;Green component incorrect at iteration 31&#x0A;" type=""><![CDATA[C:\Users\Administrator\Desktop\code\MBink\tests\property\render\test_animation_interpolation_properties.cpp:178
The difference between result_g and expected_g is 18, which exceeds 1, where
result_g evaluates to 192,
expected_g evaluates to 210, and
1 evaluates to 1.
Green component incorrect at iteration 31
]]></failure>
      <failure message="C:\Users\Administrator\Desktop\code\MBink\tests\property\render\test_animation_interpolation_properties.cpp:178&#x0A;The difference between result_g and expected_g is 20, which exceeds 1, where&#x0A;result_g evaluates to 128,&#x0A;expected_g evaluates to 108, and&#x0A;1 evaluates to 1.&#x0A;Green component incorrect at iteration 32&#x0A;" type=""><![CDATA[C:\Users\Administrator\Desktop\code\MBink\tests\property\render\test_animation_interpolation_properties.cpp:178
The difference between result_g and expected_g is 20, which exceeds 1, where
result_g evaluates to 128,
expected_g evaluates to 108, and
1 evaluates to 1.
Green component incorrect at iteration 32
]]></failure>
      <failure message="C:\Users\Administrator\Desktop\code\MBink\tests\property\render\test_animation_interpolation_properties.cpp:176&#x0A;The difference between result_r and expected_r is 2, which exceeds 1, where&#x0A;result_r evaluates to 192,&#x0A;expected_r evaluates to 194, and&#x0A;1 evaluates to 1.&#x0A;Red component incorrect at iteration 33&#x0A;" type=""><![CDATA[C:\Users\Administrator\Desktop\code\MBink\tests\property\render\test_animation_interpolation_properties.cpp:176
The difference between result_r and expected_r is 2, which exceeds 1, where
result_r evaluates to 192,
expected_r evaluates to 194, and
1 evaluates to 1.
Red component incorrect at iteration 33
]]></failure>
      <failure message="C:\Users\Administrator\Desktop\code\MBink\tests\property\render\test_animation_interpolation_properties.cpp:178&#x0A;The difference between result_g and expected_g is 22, which exceeds 1, where&#x0A;result_g evaluates to 192,&#x0A;expected_g evaluates to 170, and&#x0A;1 evaluates to 1.&#x0A;Green component incorrect at iteration 33&#x0A;" type=""><![CDATA[C:\Users\Administrator\Desktop\code\MBink\tests\property\render\test_animation_interpolation_properties.cpp:178
The difference between result_g and expected_g is 22, which exceeds 1, where
result_g evaluates to 192,
expected_g evaluates to 170, and
1 evaluates to 1.
Green component incorrect at iteration 33
]]></failure>
      <failure message="C:\Users\Administrator\Desktop\code\MBink\tests\property\render\test_animation_interpolation_properties.cpp:176&#x0A;The difference between result_r and expected_r is 2, which exceeds 1, where&#x0A;result_r evaluates to 208,&#x0A;expected_r evaluates to 206, and&#x0A;1 evaluates to 1.&#x0A;Red component incorrect at iteration 34&#x0A;" type=""><![CDATA[C:\Users\Administrator\Desktop\code\MBink\tests\property\render\test_animation_interpolation_properties.cpp:176
The difference between result_r and expected_r is 2, which exceeds 1, where
result_r evaluates to 208,
expected_r evaluates to 206, and
1 evaluates to 1.
Red component incorrect at iteration 34
]]></failure>
      <failure message="C:\Users\Administrator\Desktop\code\MBink\tests\property\render\test_animation_interpolation_properties.cpp:180&#x0A;The difference between result_b and expected_b is 4, which exceeds 1, where&#x0A;result_b evaluates to 160,&#x0A;expected_b evaluates to 164, and&#x0A;1 evaluates to 1.&#x0A;Blue component incorrect at iteration 34&#x0A;" type=""><![CDATA[C:\Users\Administrator\Desktop\code\MBink\tests\property\render\test_animation_interpolation_properties.cpp:180
The difference between result_b and expected_b is 4, which exceeds 1, where
result_b evaluates to 160,
expected_b evaluates to 164, and
1 evaluates to 1.
Blue component incorrect at iteration 34
]]></failure>
      <failure message="C:\Users\Administrator\Desktop\code\MBink\tests\property\render\test_animation_interpolation_properties.cpp:178&#x0A;The difference between result_g and expected_g is 50, which exceeds 1, where&#x0A;result_g evaluates to 0,&#x0A;expected_g evaluates to 50, and&#x0A;1 evaluates to 1.&#x0A;Green component incorrect at iteration 35&#x0A;" type=""><![CDATA[C:\Users\Administrator\Desktop\code\MBink\tests\property\render\test_animation_interpolation_properties.cpp:178
The difference between result_g and expected_g is 50, which exceeds 1, where
result_g evaluates to 0,
expected_g evaluates to 50, and
1 evaluates to 1.
Green component incorrect at iteration 35
]]></failure>
      <failure message="C:\Users\Administrator\Desktop\code\MBink\tests\property\render\test_animation_interpolation_properties.cpp:176&#x0A;The difference between result_r and expected_r is 202, which exceeds 1, where&#x0A;result_r evaluates to 0,&#x0A;expected_r evaluates to 202, and&#x0A;1 evaluates to 1.&#x0A;Red component incorrect at iteration 36&#x0A;" type=""><![CDATA[C:\Users\Administrator\Desktop\code\MBink\tests\property\render\test_animation_interpolation_properties.cpp:176
The difference between result_r and expected_r is 202, which exceeds 1, where
result_r evaluates to 0,
expected_r evaluates to 202, and
1 evaluates to 1.
Red component incorrect at iteration 36
]]></failure>
      <failure message="C:\Users\Administrator\Desktop\code\MBink\tests\property\render\test_animation_interpolation_properties.cpp:180&#x0A;The difference between result_b and expected_b is 79, which exceeds 1, where&#x0A;result_b evaluates to 128,&#x0A;expected_b evaluates to 49, and&#x0A;1 evaluates to 1.&#x0A;Blue component incorrect at iteration 36&#x0A;" type=""><![CDATA[C:\Users\Administrator\Desktop\code\MBink\tests\property\render\test_animation_interpolation_properties.cpp:180
The difference between result_b and expected_b is 79, which exceeds 1, where
result_b evaluates to 128,
expected_b evaluates to 49, and
1 evaluates to 1.
Blue component incorrect at iteration 36
]]></failure>
      <failure message="C:\Users\Administrator\Desktop\code\MBink\tests\property\render\test_animation_interpolation_properties.cpp:178&#x0A;The difference between result_g and expected_g is 9, which exceeds 1, where&#x0A;result_g evaluates to 0,&#x0A;expected_g evaluates to 9, and&#x0A;1 evaluates to 1.&#x0A;Green component incorrect at iteration 37&#x0A;" type=""><![CDATA[C:\Users\Administrator\Desktop\code\MBink\tests\property\render\test_animation_interpolation_properties.cpp:178
The difference between result_g and expected_g is 9, which exceeds 1, where
result_g evaluates to 0,
expected_g evaluates to 9, and
1 evaluates to 1.
Green component incorrect at iteration 37
]]></failure>
      <failure message="C:\Users\Administrator\Desktop\code\MBink\tests\property\render\test_animation_interpolation_properties.cpp:180&#x0A;The difference between result_b and expected_b is 55, which exceeds 1, where&#x0A;result_b evaluates to 0,&#x0A;expected_b evaluates to 55, and&#x0A;1 evaluates to 1.&#x0A;Blue component incorrect at iteration 37&#x0A;" type=""><![CDATA[C:\Users\Administrator\Desktop\code\MBink\tests\property\render\test_animation_interpolation_properties.cpp:180
The difference between result_b and expected_b is 55, which exceeds 1, where
result_b evaluates to 0,
expected_b evaluates to 55, and
1 evaluates to 1.
Blue component incorrect at iteration 37
]]></failure>
      <failure message="C:\Users\Administrator\Desktop\code\MBink\tests\property\render\test_animation_interpolation_properties.cpp:178&#x0A;The difference between result_g and expected_g is 14, which exceeds 1, where&#x0A;result_g evaluates to 192,&#x0A;expected_g evaluates to 178, and&#x0A;1 evaluates to 1.&#x0A;Green component incorrect at iteration 38&#x0A;" type=""><![CDATA[C:\Users\Administrator\Desktop\code\MBink\tests\property\render\test_animation_interpolation_properties.cpp:178
The difference between result_g and expected_g is 14, which exceeds 1, where
result_g evaluates to 192,
expected_g evaluates to 178, and
1 evaluates to 1.
Green component incorrect at iteration 38
]]></failure>
      <failure message="C:\Users\Administrator\Desktop\code\MBink\tests\property\render\test_animation_interpolation_properties.cpp:180&#x0A;The difference between result_b and expected_b is 36, which exceeds 1, where&#x0A;result_b evaluates to 192,&#x0A;expected_b evaluates to 156, and&#x0A;1 evaluates to 1.&#x0A;Blue component incorrect at iteration 38&#x0A;" type=""><![CDATA[C:\Users\Administrator\Desktop\code\MBink\tests\property\render\test_animation_interpolation_properties.cpp:180
The difference between result_b and expected_b is 36, which exceeds 1, where
result_b evaluates to 192,
expected_b evaluates to 156, and
1 evaluates to 1.
Blue component incorrect at iteration 38
]]></failure>
      <failure message="C:\Users\Administrator\Desktop\code\MBink\tests\property\render\test_animation_interpolation_properties.cpp:176&#x0A;The difference between result_r and expected_r is 24, which exceeds 1, where&#x0A;result_r evaluates to 128,&#x0A;expected_r evaluates to 104, and&#x0A;1 evaluates to 1.&#x0A;Red component incorrect at iteration 39&#x0A;" type=""><![CDATA[C:\Users\Administrator\Desktop\code\MBink\tests\property\render\test_animation_interpolation_properties.cpp:176
The difference between result_r and expected_r is 24, which exceeds 1, where
result_r evaluates to 128,
expected_r evaluates to 104, and
1 evaluates to 1.
Red component incorrect at iteration 39
]]></failure>
      <failure message="C:\Users\Administrator\Desktop\code\MBink\tests\property\render\test_animation_interpolation_properties.cpp:180&#x0A;The difference between result_b and expected_b is 43, which exceeds 1, where&#x0A;result_b evaluates to 128,&#x0A;expected_b evaluates to 171, and&#x0A;1 evaluates to 1.&#x0A;Blue component incorrect at iteration 39&#x0A;" type=""><![CDATA[C:\Users\Administrator\Desktop\code\MBink\tests\property\render\test_animation_interpolation_properties.cpp:180
The difference between result_b and expected_b is 43, which exceeds 1, where
result_b evaluates to 128,
expected_b evaluates to 171, and
1 evaluates to 1.
Blue component incorrect at iteration 39
]]></failure>
      <failure message="C:\Users\Administrator\Desktop\code\MBink\tests\property\render\test_animation_interpolation_properties.cpp:178&#x0A;The difference between result_g and expected_g is 231, which exceeds 1, where&#x0A;result_g evaluates to 0,&#x0A;expected_g evaluates to 231, and&#x0A;1 evaluates to 1.&#x0A;Green component incorrect at iteration 40&#x0A;" type=""><![CDATA[C:\Users\Administrator\Desktop\code\MBink\tests\property\render\test_animation_interpolation_properties.cpp:178
The difference between result_g and expected_g is 231, which exceeds 1, where
result_g evaluates to 0,
expected_g evaluates to 231, and
1 evaluates to 1.
Green component incorrect at iteration 40
]]></failure>
      <failure message="C:\Users\Administrator\Desktop\code\MBink\tests\property\render\test_animation_interpolation_properties.cpp:180&#x0A;The difference between result_b and expected_b is 20, which exceeds 1, where&#x0A;result_b evaluates to 128,&#x0A;expected_b evaluates to 148, and&#x0A;1 evaluates to 1.&#x0A;Blue component incorrect at iteration 40&#x0A;" type=""><![CDATA[C:\Users\Administrator\Desktop\code\MBink\tests\property\render\test_animation_interpolation_properties.cpp:180
The difference between result_b and expected_b is 20, which exceeds 1, where
result_b evaluates to 128,
expected_b evaluates to 148, and
1 evaluates to 1.
Blue component incorrect at iteration 40
]]></failure>
      <failure message="C:\Users\Administrator\Desktop\code\MBink\tests\property\render\test_animation_interpolation_properties.cpp:178&#x0A;The difference between result_g and expected_g is 127, which exceeds 1, where&#x0A;result_g evaluates to 0,&#x0A;expected_g evaluates to 127, and&#x0A;1 evaluates to 1.&#x0A;Green component incorrect at iteration 42&#x0A;" type=""><![CDATA[C:\Users\Administrator\Desktop\code\MBink\tests\property\render\test_animation_interpolation_properties.cpp:178
The difference between result_g and expected_g is 127, which exceeds 1, where
result_g evaluates to 0,
expected_g evaluates to 127, and
1 evaluates to 1.
Green component incorrect at iteration 42
]]></failure>
      <failure message="C:\Users\Administrator\Desktop\code\MBink\tests\property\render\test_animation_interpolation_properties.cpp:178&#x0A;The difference between result_g and expected_g is 200, which exceeds 1, where&#x0A;result_g evaluates to 0,&#x0A;expected_g evaluates to 200, and&#x0A;1 evaluates to 1.&#x0A;Green component incorrect at iteration 43&#x0A;" type=""><![CDATA[C:\Users\Administrator\Desktop\code\MBink\tests\property\render\test_animation_interpolation_properties.cpp:178
The difference between result_g and expected_g is 200, which exceeds 1, where
result_g evaluates to 0,
expected_g evaluates to 200, and
1 evaluates to 1.
Green component incorrect at iteration 43
]]></failure>
      <failure message="C:\Users\Administrator\Desktop\code\MBink\tests\property\render\test_animation_interpolation_properties.cpp:180&#x0A;The difference between result_b and expected_b is 72, which exceeds 1, where&#x0A;result_b evaluates to 0,&#x0A;expected_b evaluates to 72, and&#x0A;1 evaluates to 1.&#x0A;Blue component incorrect at iteration 43&#x0A;" type=""><![CDATA[C:\Users\Administrator\Desktop\code\MBink\tests\property\render\test_animation_interpolation_properties.cpp:180
The difference between result_b and expected_b is 72, which exceeds 1, where
result_b evaluates to 0,
expected_b evaluates to 72, and
1 evaluates to 1.
Blue component incorrect at iteration 43
]]></failure>
      <failure message="C:\Users\Administrator\Desktop\code\MBink\tests\property\render\test_animation_interpolation_properties.cpp:178&#x0A;The difference between result_g and expected_g is 86, which exceeds 1, where&#x0A;result_g evaluates to 0,&#x0A;expected_g evaluates to 86, and&#x0A;1 evaluates to 1.&#x0A;Green component incorrect at iteration 44&#x0A;" type=""><![CDATA[C:\Users\Administrator\Desktop\code\MBink\tests\property\render\test_animation_interpolation_properties.cpp:178
The difference between result_g and expected_g is 86, which exceeds 1, where
result_g evaluates to 0,
expected_g evaluates to 86, and
1 evaluates to 1.
Green component incorrect at iteration 44
]]></failure>
      <failure message="C:\Users\Administrator\Desktop\code\MBink\tests\property\render\test_animation_interpolation_properties.cpp:176&#x0A;The difference between result_r and expected_r is 75, which exceeds 1, where&#x0A;result_r evaluates to 0,&#x0A;expected_r evaluates to 75, and&#x0A;1 evaluates to 1.&#x0A;Red component incorrect at iteration 45&#x0A;" type=""><![CDATA[C:\Users\Administrator\Desktop\code\MBink\tests\property\render\test_animation_interpolation_properties.cpp:176
The difference between result_r and expected_r is 75, which exceeds 1, where
result_r evaluates to 0,
expected_r evaluates to 75, and
1 evaluates to 1.
Red component incorrect at iteration 45
]]></failure>
      <failure message="C:\Users\Administrator\Desktop\code\MBink\tests\property\render\test_animation_interpolation_properties.cpp:178&#x0A;The difference between result_g and expected_g is 101, which exceeds 1, where&#x0A;result_g evaluates to 0,&#x0A;expected_g evaluates to 101, and&#x0A;1 evaluates to 1.&#x0A;Green component incorrect at iteration 45&#x0A;" type=""><![CDATA[C:\Users\Administrator\Desktop\code\MBink\tests\property\render\test_animation_interpolation_properties.cpp:178
The difference between result_g and expected_g is 101, which exceeds 1, where
result_g evaluates to 0,
expected_g evaluates to 101, and
1 evaluates to 1.
Green component incorrect at iteration 45
]]></failure>
      <failure message="C:\Users\Administrator\Desktop\code\MBink\tests\property\render\test_animation_interpolation_properties.cpp:180&#x0A;The difference between result_b and expected_b is 134, which exceeds 1, where&#x0A;result_b evaluates to 0,&#x0A;expected_b evaluates to 134, and&#x0A;1 evaluates to 1.&#x0A;Blue component incorrect at iteration 45&#x0A;" type=""><![CDATA[C:\Users\Administrator\Desktop\code\MBink\tests\property\render\test_animation_interpolation_properties.cpp:180
The difference between result_b and expected_b is 134, which exceeds 1, where
result_b evaluates to 0,
expected_b evaluates to 134, and
1 evaluates to 1.
Blue component incorrect at iteration 45
]]></failure>
      <failure message="C:\Users\Administrator\Desktop\code\MBink\tests\property\render\test_animation_interpolation_properties.cpp:176&#x0A;The difference between result_r and expected_r is 40, which exceeds 1, where&#x0A;result_r evaluates to 0,&#x0A;expected_r evaluates to 40, and&#x0A;1 evaluates to 1.&#x0A;Red component incorrect at iteration 46&#x0A;" type=""><![CDATA[C:\Users\Administrator\Desktop\code\MBink\tests\property\render\test_animation_interpolation_properties.cpp:176
The difference between result_r and expected_r is 40, which exceeds 1, where
result_r evaluates to 0,
expected_r evaluates to 40, and
1 evaluates to 1.
Red component incorrect at iteration 46
]]></failure>
      <failure message="C:\Users\Administrator\Desktop\code\MBink\tests\property\render\test_animation_interpolation_properties.cpp:176&#x0A;The difference between result_r and expected_r is 137, which exceeds 1, where&#x0A;result_r evaluates to 0,&#x0A;expected_r evaluates to 137, and&#x0A;1 evaluates to 1.&#x0A;Red component incorrect at iteration 47&#x0A;" type=""><![CDATA[C:\Users\Administrator\Desktop\code\MBink\tests\property\render\test_animation_interpolation_properties.cpp:176
The difference between result_r and expected_r is 137, which exceeds 1, where
result_r evaluates to 0,
expected_r evaluates to 137, and
1 evaluates to 1.
Red component incorrect at iteration 47
]]></failure>
      <failure message="C:\Users\Administrator\Desktop\code\MBink\tests\property\render\test_animation_interpolation_properties.cpp:178&#x0A;The difference between result_g and expected_g is 18, which exceeds 1, where&#x0A;result_g evaluates to 0,&#x0A;expected_g evaluates to 18, and&#x0A;1 evaluates to 1.&#x0A;Green component incorrect at iteration 47&#x0A;" type=""><![CDATA[C:\Users\Administrator\Desktop\code\MBink\tests\property\render\test_animation_interpolation_properties.cpp:178
The difference between result_g and expected_g is 18, which exceeds 1, where
result_g evaluates to 0,
expected_g evaluates to 18, and
1 evaluates to 1.
Green component incorrect at iteration 47
]]></failure>
      <failure message="C:\Users\Administrator\Desktop\code\MBink\tests\property\render\test_animation_interpolation_properties.cpp:180&#x0A;The difference between result_b and expected_b is 36, which exceeds 1, where&#x0A;result_b evaluates to 0,&#x0A;expected_b evaluates to 36, and&#x0A;1 evaluates to 1.&#x0A;Blue component incorrect at iteration 47&#x0A;" type=""><![CDATA[C:\Users\Administrator\Desktop\code\MBink\tests\property\render\test_animation_interpolation_properties.cpp:180
The difference between result_b and expected_b is 36, which exceeds 1, where
result_b evaluates to 0,
expected_b evaluates to 36, and
1 evaluates to 1.
Blue component incorrect at iteration 47
]]></failure>
      <failure message="C:\Users\Administrator\Desktop\code\MBink\tests\property\render\test_animation_interpolation_properties.cpp:176&#x0A;The difference between result_r and expected_r is 134, which exceeds 1, where&#x0A;result_r evaluates to 0,&#x0A;expected_r evaluates to 134, and&#x0A;1 evaluates to 1.&#x0A;Red component incorrect at iteration 48&#x0A;" type=""><![CDATA[C:\Users\Administrator\Desktop\code\MBink\tests\property\render\test_animation_interpolation_properties.cpp:176
The difference between result_r and expected_r is 134, which exceeds 1, where
result_r evaluates to 0,
expected_r evaluates to 134, and
1 evaluates to 1.
Red component incorrect at iteration 48
]]></failure>
      <failure message="C:\Users\Administrator\Desktop\code\MBink\tests\property\render\test_animation_interpolation_properties.cpp:180&#x0A;The difference between result_b and expected_b is 39, which exceeds 1, where&#x0A;result_b evaluates to 128,&#x0A;expected_b evaluates to 167, and&#x0A;1 evaluates to 1.&#x0A;Blue component incorrect at iteration 48&#x0A;" type=""><![CDATA[C:\Users\Administrator\Desktop\code\MBink\tests\property\render\test_animation_interpolation_properties.cpp:180
The difference between result_b and expected_b is 39, which exceeds 1, where
result_b evaluates to 128,
expected_b evaluates to 167, and
1 evaluates to 1.
Blue component incorrect at iteration 48
]]></failure>
      <failure message="C:\Users\Administrator\Desktop\code\MBink\tests\property\render\test_animation_interpolation_properties.cpp:176&#x0A;The difference between result_r and expected_r is 185, which exceeds 1, where&#x0A;result_r evaluates to 0,&#x0A;expected_r evaluates to 185, and&#x0A;1 evaluates to 1.&#x0A;Red component incorrect at iteration 49&#x0A;" type=""><![CDATA[C:\Users\Administrator\Desktop\code\MBink\tests\property\render\test_animation_interpolation_properties.cpp:176
The difference between result_r and expected_r is 185, which exceeds 1, where
result_r evaluates to 0,
expected_r evaluates to 185, and
1 evaluates to 1.
Red component incorrect at iteration 49
]]></failure>
      <failure message="C:\Users\Administrator\Desktop\code\MBink\tests\property\render\test_animation_interpolation_properties.cpp:180&#x0A;The difference between result_b and expected_b is 10, which exceeds 1, where&#x0A;result_b evaluates to 128,&#x0A;expected_b evaluates to 118, and&#x0A;1 evaluates to 1.&#x0A;Blue component incorrect at iteration 49&#x0A;" type=""><![CDATA[C:\Users\Administrator\Desktop\code\MBink\tests\property\render\test_animation_interpolation_properties.cpp:180
The difference between result_b and expected_b is 10, which exceeds 1, where
result_b evaluates to 128,
expected_b evaluates to 118, and
1 evaluates to 1.
Blue component incorrect at iteration 49
]]></failure>
      <failure message="C:\Users\Administrator\Desktop\code\MBink\tests\property\render\test_animation_interpolation_properties.cpp:180&#x0A;The difference between result_b and expected_b is 2, which exceeds 1, where&#x0A;result_b evaluates to 72,&#x0A;expected_b evaluates to 74, and&#x0A;1 evaluates to 1.&#x0A;Blue component incorrect at iteration 50&#x0A;" type=""><![CDATA[C:\Users\Administrator\Desktop\code\MBink\tests\property\render\test_animation_interpolation_properties.cpp:180
The difference between result_b and expected_b is 2, which exceeds 1, where
result_b evaluates to 72,
expected_b evaluates to 74, and
1 evaluates to 1.
Blue component incorrect at iteration 50
]]></failure>
      <failure message="C:\Users\Administrator\Desktop\code\MBink\tests\property\render\test_animation_interpolation_properties.cpp:176&#x0A;The difference between result_r and expected_r is 232, which exceeds 1, where&#x0A;result_r evaluates to 0,&#x0A;expected_r evaluates to 232, and&#x0A;1 evaluates to 1.&#x0A;Red component incorrect at iteration 51&#x0A;" type=""><![CDATA[C:\Users\Administrator\Desktop\code\MBink\tests\property\render\test_animation_interpolation_properties.cpp:176
The difference between result_r and expected_r is 232, which exceeds 1, where
result_r evaluates to 0,
expected_r evaluates to 232, and
1 evaluates to 1.
Red component incorrect at iteration 51
]]></failure>
      <failure message="C:\Users\Administrator\Desktop\code\MBink\tests\property\render\test_animation_interpolation_properties.cpp:178&#x0A;The difference between result_g and expected_g is 8, which exceeds 1, where&#x0A;result_g evaluates to 192,&#x0A;expected_g evaluates to 184, and&#x0A;1 evaluates to 1.&#x0A;Green component incorrect at iteration 51&#x0A;" type=""><![CDATA[C:\Users\Administrator\Desktop\code\MBink\tests\property\render\test_animation_interpolation_properties.cpp:178
The difference between result_g and expected_g is 8, which exceeds 1, where
result_g evaluates to 192,
expected_g evaluates to 184, and
1 evaluates to 1.
Green component incorrect at iteration 51
]]></failure>
      <failure message="C:\Users\Administrator\Desktop\code\MBink\tests\property\render\test_animation_interpolation_properties.cpp:178&#x0A;The difference between result_g and expected_g is 147, which exceeds 1, where&#x0A;result_g evaluates to 0,&#x0A;expected_g evaluates to 147, and&#x0A;1 evaluates to 1.&#x0A;Green component incorrect at iteration 52&#x0A;" type=""><![CDATA[C:\Users\Administrator\Desktop\code\MBink\tests\property\render\test_animation_interpolation_properties.cpp:178
The difference between result_g and expected_g is 147, which exceeds 1, where
result_g evaluates to 0,
expected_g evaluates to 147, and
1 evaluates to 1.
Green component incorrect at iteration 52
]]></failure>
      <failure message="C:\Users\Administrator\Desktop\code\MBink\tests\property\render\test_animation_interpolation_properties.cpp:180&#x0A;The difference between result_b and expected_b is 16, which exceeds 1, where&#x0A;result_b evaluates to 128,&#x0A;expected_b evaluates to 144, and&#x0A;1 evaluates to 1.&#x0A;Blue component incorrect at iteration 52&#x0A;" type=""><![CDATA[C:\Users\Administrator\Desktop\code\MBink\tests\property\render\test_animation_interpolation_properties.cpp:180
The difference between result_b and expected_b is 16, which exceeds 1, where
result_b evaluates to 128,
expected_b evaluates to 144, and
1 evaluates to 1.
Blue component incorrect at iteration 52
]]></failure>
      <failure message="C:\Users\Administrator\Desktop\code\MBink\tests\property\render\test_animation_interpolation_properties.cpp:178&#x0A;The difference between result_g and expected_g is 118, which exceeds 1, where&#x0A;result_g evaluates to 0,&#x0A;expected_g evaluates to 118, and&#x0A;1 evaluates to 1.&#x0A;Green component incorrect at iteration 53&#x0A;" type=""><![CDATA[C:\Users\Administrator\Desktop\code\MBink\tests\property\render\test_animation_interpolation_properties.cpp:178
The difference between result_g and expected_g is 118, which exceeds 1, where
result_g evaluates to 0,
expected_g evaluates to 118, and
1 evaluates to 1.
Green component incorrect at iteration 53
]]></failure>
      <failure message="C:\Users\Administrator\Desktop\code\MBink\tests\property\render\test_animation_interpolation_properties.cpp:178&#x0A;The difference between result_g and expected_g is 6, which exceeds 1, where&#x0A;result_g evaluates to 64,&#x0A;expected_g evaluates to 70, and&#x0A;1 evaluates to 1.&#x0A;Green component incorrect at iteration 54&#x0A;" type=""><![CDATA[C:\Users\Administrator\Desktop\code\MBink\tests\property\render\test_animation_interpolation_properties.cpp:178
The difference between result_g and expected_g is 6, which exceeds 1, where
result_g evaluates to 64,
expected_g evaluates to 70, and
1 evaluates to 1.
Green component incorrect at iteration 54
]]></failure>
      <failure message="C:\Users\Administrator\Desktop\code\MBink\tests\property\render\test_animation_interpolation_properties.cpp:176&#x0A;The difference between result_r and expected_r is 6, which exceeds 1, where&#x0A;result_r evaluates to 64,&#x0A;expected_r evaluates to 58, and&#x0A;1 evaluates to 1.&#x0A;Red component incorrect at iteration 56&#x0A;" type=""><![CDATA[C:\Users\Administrator\Desktop\code\MBink\tests\property\render\test_animation_interpolation_properties.cpp:176
The difference between result_r and expected_r is 6, which exceeds 1, where
result_r evaluates to 64,
expected_r evaluates to 58, and
1 evaluates to 1.
Red component incorrect at iteration 56
]]></failure>
      <failure message="C:\Users\Administrator\Desktop\code\MBink\tests\property\render\test_animation_interpolation_properties.cpp:178&#x0A;The difference between result_g and expected_g is 16, which exceeds 1, where&#x0A;result_g evaluates to 160,&#x0A;expected_g evaluates to 176, and&#x0A;1 evaluates to 1.&#x0A;Green component incorrect at iteration 58&#x0A;" type=""><![CDATA[C:\Users\Administrator\Desktop\code\MBink\tests\property\render\test_animation_interpolation_properties.cpp:178
The difference between result_g and expected_g is 16, which exceeds 1, where
result_g evaluates to 160,
expected_g evaluates to 176, and
1 evaluates to 1.
Green component incorrect at iteration 58
]]></failure>
      <failure message="C:\Users\Administrator\Desktop\code\MBink\tests\property\render\test_animation_interpolation_properties.cpp:178&#x0A;The difference between result_g and expected_g is 8, which exceeds 1, where&#x0A;result_g evaluates to 128,&#x0A;expected_g evaluates to 136, and&#x0A;1 evaluates to 1.&#x0A;Green component incorrect at iteration 59&#x0A;" type=""><![CDATA[C:\Users\Administrator\Desktop\code\MBink\tests\property\render\test_animation_interpolation_properties.cpp:178
The difference between result_g and expected_g is 8, which exceeds 1, where
result_g evaluates to 128,
expected_g evaluates to 136, and
1 evaluates to 1.
Green component incorrect at iteration 59
]]></failure>
      <failure message="C:\Users\Administrator\Desktop\code\MBink\tests\property\render\test_animation_interpolation_properties.cpp:180&#x0A;The difference between result_b and expected_b is 14, which exceeds 1, where&#x0A;result_b evaluates to 192,&#x0A;expected_b evaluates to 178, and&#x0A;1 evaluates to 1.&#x0A;Blue component incorrect at iteration 59&#x0A;" type=""><![CDATA[C:\Users\Administrator\Desktop\code\MBink\tests\property\render\test_animation_interpolation_properties.cpp:180
The difference between result_b and expected_b is 14, which exceeds 1, where
result_b evaluates to 192,
expected_b evaluates to 178, and
1 evaluates to 1.
Blue component incorrect at iteration 59
]]></failure>
      <failure message="C:\Users\Administrator\Desktop\code\MBink\tests\property\render\test_animation_interpolation_properties.cpp:180&#x0A;The difference between result_b and expected_b is 5, which exceeds 1, where&#x0A;result_b evaluates to 240,&#x0A;expected_b evaluates to 235, and&#x0A;1 evaluates to 1.&#x0A;Blue component incorrect at iteration 60&#x0A;" type=""><![CDATA[C:\Users\Administrator\Desktop\code\MBink\tests\property\render\test_animation_interpolation_properties.cpp:180
The difference between result_b and expected_b is 5, which exceeds 1, where
result_b evaluates to 240,
expected_b evaluates to 235, and
1 evaluates to 1.
Blue component incorrect at iteration 60
]]></failure>
      <failure message="C:\Users\Administrator\Desktop\code\MBink\tests\property\render\test_animation_interpolation_properties.cpp:176&#x0A;The difference between result_r and expected_r is 54, which exceeds 1, where&#x0A;result_r evaluates to 64,&#x0A;expected_r evaluates to 118, and&#x0A;1 evaluates to 1.&#x0A;Red component incorrect at iteration 61&#x0A;" type=""><![CDATA[C:\Users\Administrator\Desktop\code\MBink\tests\property\render\test_animation_interpolation_properties.cpp:176
The difference between result_r and expected_r is 54, which exceeds 1, where
result_r evaluates to 64,
expected_r evaluates to 118, and
1 evaluates to 1.
Red component incorrect at iteration 61
]]></failure>
      <failure message="C:\Users\Administrator\Desktop\code\MBink\tests\property\render\test_animation_interpolation_properties.cpp:178&#x0A;The difference between result_g and expected_g is 3, which exceeds 1, where&#x0A;result_g evaluates to 128,&#x0A;expected_g evaluates to 131, and&#x0A;1 evaluates to 1.&#x0A;Green component incorrect at iteration 61&#x0A;" type=""><![CDATA[C:\Users\Administrator\Desktop\code\MBink\tests\property\render\test_animation_interpolation_properties.cpp:178
The difference between result_g and expected_g is 3, which exceeds 1, where
result_g evaluates to 128,
expected_g evaluates to 131, and
1 evaluates to 1.
Green component incorrect at iteration 61
]]></failure>
      <failure message="C:\Users\Administrator\Desktop\code\MBink\tests\property\render\test_animation_interpolation_properties.cpp:176&#x0A;The difference between result_r and expected_r is 28, which exceeds 1, where&#x0A;result_r evaluates to 0,&#x0A;expected_r evaluates to 28, and&#x0A;1 evaluates to 1.&#x0A;Red component incorrect at iteration 63&#x0A;" type=""><![CDATA[C:\Users\Administrator\Desktop\code\MBink\tests\property\render\test_animation_interpolation_properties.cpp:176
The difference between result_r and expected_r is 28, which exceeds 1, where
result_r evaluates to 0,
expected_r evaluates to 28, and
1 evaluates to 1.
Red component incorrect at iteration 63
]]></failure>
      <failure message="C:\Users\Administrator\Desktop\code\MBink\tests\property\render\test_animation_interpolation_properties.cpp:176&#x0A;The difference between result_r and expected_r is 8, which exceeds 1, where&#x0A;result_r evaluates to 192,&#x0A;expected_r evaluates to 200, and&#x0A;1 evaluates to 1.&#x0A;Red component incorrect at iteration 64&#x0A;" type=""><![CDATA[C:\Users\Administrator\Desktop\code\MBink\tests\property\render\test_animation_interpolation_properties.cpp:176
The difference between result_r and expected_r is 8, which exceeds 1, where
result_r evaluates to 192,
expected_r evaluates to 200, and
1 evaluates to 1.
Red component incorrect at iteration 64
]]></failure>
      <failure message="C:\Users\Administrator\Desktop\code\MBink\tests\property\render\test_animation_interpolation_properties.cpp:178&#x0A;The difference between result_g and expected_g is 6, which exceeds 1, where&#x0A;result_g evaluates to 32,&#x0A;expected_g evaluates to 26, and&#x0A;1 evaluates to 1.&#x0A;Green component incorrect at iteration 64&#x0A;" type=""><![CDATA[C:\Users\Administrator\Desktop\code\MBink\tests\property\render\test_animation_interpolation_properties.cpp:178
The difference between result_g and expected_g is 6, which exceeds 1, where
result_g evaluates to 32,
expected_g evaluates to 26, and
1 evaluates to 1.
Green component incorrect at iteration 64
]]></failure>
      <failure message="C:\Users\Administrator\Desktop\code\MBink\tests\property\render\test_animation_interpolation_properties.cpp:176&#x0A;The difference between result_r and expected_r is 9, which exceeds 1, where&#x0A;result_r evaluates to 64,&#x0A;expected_r evaluates to 73, and&#x0A;1 evaluates to 1.&#x0A;Red component incorrect at iteration 65&#x0A;" type=""><![CDATA[C:\Users\Administrator\Desktop\code\MBink\tests\property\render\test_animation_interpolation_properties.cpp:176
The difference between result_r and expected_r is 9, which exceeds 1, where
result_r evaluates to 64,
expected_r evaluates to 73, and
1 evaluates to 1.
Red component incorrect at iteration 65
]]></failure>
      <failure message="C:\Users\Administrator\Desktop\code\MBink\tests\property\render\test_animation_interpolation_properties.cpp:178&#x0A;The difference between result_g and expected_g is 28, which exceeds 1, where&#x0A;result_g evaluates to 192,&#x0A;expected_g evaluates to 164, and&#x0A;1 evaluates to 1.&#x0A;Green component incorrect at iteration 65&#x0A;" type=""><![CDATA[C:\Users\Administrator\Desktop\code\MBink\tests\property\render\test_animation_interpolation_properties.cpp:178
The difference between result_g and expected_g is 28, which exceeds 1, where
result_g evaluates to 192,
expected_g evaluates to 164, and
1 evaluates to 1.
Green component incorrect at iteration 65
]]></failure>
      <failure message="C:\Users\Administrator\Desktop\code\MBink\tests\property\render\test_animation_interpolation_properties.cpp:176&#x0A;The difference between result_r and expected_r is 112, which exceeds 1, where&#x0A;result_r evaluates to 0,&#x0A;expected_r evaluates to 112, and&#x0A;1 evaluates to 1.&#x0A;Red component incorrect at iteration 66&#x0A;" type=""><![CDATA[C:\Users\Administrator\Desktop\code\MBink\tests\property\render\test_animation_interpolation_properties.cpp:176
The difference between result_r and expected_r is 112, which exceeds 1, where
result_r evaluates to 0,
expected_r evaluates to 112, and
1 evaluates to 1.
Red component incorrect at iteration 66
]]></failure>
      <failure message="C:\Users\Administrator\Desktop\code\MBink\tests\property\render\test_animation_interpolation_properties.cpp:178&#x0A;The difference between result_g and expected_g is 194, which exceeds 1, where&#x0A;result_g evaluates to 0,&#x0A;expected_g evaluates to 194, and&#x0A;1 evaluates to 1.&#x0A;Green component incorrect at iteration 66&#x0A;" type=""><![CDATA[C:\Users\Administrator\Desktop\code\MBink\tests\property\render\test_animation_interpolation_properties.cpp:178
The difference between result_g and expected_g is 194, which exceeds 1, where
result_g evaluates to 0,
expected_g evaluates to 194, and
1 evaluates to 1.
Green component incorrect at iteration 66
]]></failure>
      <failure message="C:\Users\Administrator\Desktop\code\MBink\tests\property\render\test_animation_interpolation_properties.cpp:180&#x0A;The difference between result_b and expected_b is 8, which exceeds 1, where&#x0A;result_b evaluates to 128,&#x0A;expected_b evaluates to 120, and&#x0A;1 evaluates to 1.&#x0A;Blue component incorrect at iteration 68&#x0A;" type=""><![CDATA[C:\Users\Administrator\Desktop\code\MBink\tests\property\render\test_animation_interpolation_properties.cpp:180
The difference between result_b and expected_b is 8, which exceeds 1, where
result_b evaluates to 128,
expected_b evaluates to 120, and
1 evaluates to 1.
Blue component incorrect at iteration 68
]]></failure>
      <failure message="C:\Users\Administrator\Desktop\code\MBink\tests\property\render\test_animation_interpolation_properties.cpp:178&#x0A;The difference between result_g and expected_g is 228, which exceeds 1, where&#x0A;result_g evaluates to 0,&#x0A;expected_g evaluates to 228, and&#x0A;1 evaluates to 1.&#x0A;Green component incorrect at iteration 69&#x0A;" type=""><![CDATA[C:\Users\Administrator\Desktop\code\MBink\tests\property\render\test_animation_interpolation_properties.cpp:178
The difference between result_g and expected_g is 228, which exceeds 1, where
result_g evaluates to 0,
expected_g evaluates to 228, and
1 evaluates to 1.
Green component incorrect at iteration 69
]]></failure>
      <failure message="C:\Users\Administrator\Desktop\code\MBink\tests\property\render\test_animation_interpolation_properties.cpp:180&#x0A;The difference between result_b and expected_b is 31, which exceeds 1, where&#x0A;result_b evaluates to 128,&#x0A;expected_b evaluates to 159, and&#x0A;1 evaluates to 1.&#x0A;Blue component incorrect at iteration 69&#x0A;" type=""><![CDATA[C:\Users\Administrator\Desktop\code\MBink\tests\property\render\test_animation_interpolation_properties.cpp:180
The difference between result_b and expected_b is 31, which exceeds 1, where
result_b evaluates to 128,
expected_b evaluates to 159, and
1 evaluates to 1.
Blue component incorrect at iteration 69
]]></failure>
      <failure message="C:\Users\Administrator\Desktop\code\MBink\tests\property\render\test_animation_interpolation_properties.cpp:180&#x0A;The difference between result_b and expected_b is 51, which exceeds 1, where&#x0A;result_b evaluates to 128,&#x0A;expected_b evaluates to 179, and&#x0A;1 evaluates to 1.&#x0A;Blue component incorrect at iteration 70&#x0A;" type=""><![CDATA[C:\Users\Administrator\Desktop\code\MBink\tests\property\render\test_animation_interpolation_properties.cpp:180
The difference between result_b and expected_b is 51, which exceeds 1, where
result_b evaluates to 128,
expected_b evaluates to 179, and
1 evaluates to 1.
Blue component incorrect at iteration 70
]]></failure>
[...]
The difference between result_opacity and 0.5f is 0.30240297317504883, which exceeds 0.15f, where
result_opacity evaluates to 0.80240297317504883,
0.5f evaluates to 0.5, and
0.15f evaluates to 0.15000000596046448.
Opacity should be ~0.5 at mid-point at iteration 78
]]></failure>
      <failure message="C:\Users\Administrator\Desktop\code\MBink\tests\property\render\test_animation_fillmode_properties.cpp:347&#x0A;The difference between result_opacity and 0.5f is 0.30240297317504883, which exceeds 0.15f, where&#x0A;result_opacity evaluates to 0.80240297317504883,&#x0A;0.5f evaluates to 0.5, and&#x0A;0.15f evaluates to 0.15000000596046448.&#x0A;Opacity should be ~0.5 at mid-point at iteration 79&#x0A;" type=""><![CDATA[C:\Users\Administrator\Desktop\code\MBink\tests\property\render\test_animation_fillmode_properties.cpp:347
The difference between result_opacity and 0.5f is 0.30240297317504883, which exceeds 0.15f, where
result_opacity evaluates to 0.80240297317504883,
0.5f evaluates to 0.5, and
0.15f evaluates to 0.15000000596046448.
Opacity should be ~0.5 at mid-point at iteration 79
]]></failure>
      <failure message="C:\Users\Administrator\Desktop\code\MBink\tests\property\render\test_animation_fillmode_properties.cpp:347&#x0A;The difference between result_opacity and 0.5f is 0.30240297317504883, which exceeds 0.15f, where&#x0A;result_opacity evaluates to 0.80240297317504883,&#x0A;0.5f evaluates to 0.5, and&#x0A;0.15f evaluates to 0.15000000596046448.&#x0A;Opacity should be ~0.5 at mid-point at iteration 80&#x0A;" type=""><![CDATA[C:\Users\Administrator\Desktop\code\MBink\tests\property\render\test_animation_fillmode_properties.cpp:347
The difference between result_opacity and 0.5f is 0.30240297317504883, which exceeds 0.15f, where
result_opacity evaluates to 0.80240297317504883,
0.5f evaluates to 0.5, and
0.15f evaluates to 0.15000000596046448.
Opacity should be ~0.5 at mid-point at iteration 80
]]></failure>
      <failure message="C:\Users\Administrator\Desktop\code\MBink\tests\property\render\test_animation_fillmode_properties.cpp:347&#x0A;The difference between result_opacity and 0.5f is 0.30240297317504883, which exceeds 0.15f, where&#x0A;result_opacity evaluates to 0.80240297317504883,&#x0A;0.5f evaluates to 0.5, and&#x0A;0.15f evaluates to 0.15000000596046448.&#x0A;Opacity should be ~0.5 at mid-point at iteration 81&#x0A;" type=""><![CDATA[C:\Users\Administrator\Desktop\code\MBink\tests\property\render\test_animation_fillmode_properties.cpp:347
The difference between result_opacity and 0.5f is 0.30240297317504883, which exceeds 0.15f, where
result_opacity evaluates to 0.80240297317504883,
0.5f evaluates to 0.5, and
0.15f evaluates to 0.15000000596046448.
Opacity should be ~0.5 at mid-point at iteration 81
]]></failure>
      <failure message="C:\Users\Administrator\Desktop\code\MBink\tests\property\render\test_animation_fillmode_properties.cpp:347&#x0A;The difference between result_opacity and 0.5f is 0.30240297317504883, which exceeds 0.15f, where&#x0A;result_opacity evaluates to 0.80240297317504883,&#x0A;0.5f evaluates to 0.5, and&#x0A;0.15f evaluates to 0.15000000596046448.&#x0A;Opacity should be ~0.5 at mid-point at iteration 82&#x0A;" type=""><![CDATA[C:\Users\Administrator\Desktop\code\MBink\tests\property\render\test_animation_fillmode_properties.cpp:347
The difference between result_opacity and 0.5f is 0.30240297317504883, which exceeds 0.15f, where
result_opacity evaluates to 0.80240297317504883,
0.5f evaluates to 0.5, and
0.15f evaluates to 0.15000000596046448.
Opacity should be ~0.5 at mid-point at iteration 82
]]></failure>
      <failure message="C:\Users\Administrator\Desktop\code\MBink\tests\property\render\test_animation_fillmode_properties.cpp:347&#x0A;The difference between result_opacity and 0.5f is 0.30240297317504883, which exceeds 0.15f, where&#x0A;result_opacity evaluates to 0.80240297317504883,&#x0A;0.5f evaluates to 0.5, and&#x0A;0.15f evaluates to 0.15000000596046448.&#x0A;Opacity should be ~0.5 at mid-point at iteration 83&#x0A;" type=""><![CDATA[C:\Users\Administrator\Desktop\code\MBink\tests\property\render\test_animation_fillmode_properties.cpp:347
The difference between result_opacity and 0.5f is 0.30240297317504883, which exceeds 0.15f, where
result_opacity evaluates to 0.80240297317504883,
0.5f evaluates to 0.5, and
0.15f evaluates to 0.15000000596046448.
Opacity should be ~0.5 at mid-point at iteration 83
]]></failure>
      <failure message="C:\Users\Administrator\Desktop\code\MBink\tests\property\render\test_animation_fillmode_properties.cpp:347&#x0A;The difference between result_opacity and 0.5f is 0.30240297317504883, which exceeds 0.15f, where&#x0A;result_opacity evaluates to 0.80240297317504883,&#x0A;0.5f evaluates to 0.5, and&#x0A;0.15f evaluates to 0.15000000596046448.&#x0A;Opacity should be ~0.5 at mid-point at iteration 84&#x0A;" type=""><![CDATA[C:\Users\Administrator\Desktop\code\MBink\tests\property\render\test_animation_fillmode_properties.cpp:347
The difference between result_opacity and 0.5f is 0.30240297317504883, which exceeds 0.15f, where
result_opacity evaluates to 0.80240297317504883,
0.5f evaluates to 0.5, and
0.15f evaluates to 0.15000000596046448.
Opacity should be ~0.5 at mid-point at iteration 84
]]></failure>
      <failure message="C:\Users\Administrator\Desktop\code\MBink\tests\property\render\test_animation_fillmode_properties.cpp:347&#x0A;The difference between result_opacity and 0.5f is 0.30240297317504883, which exceeds 0.15f, where&#x0A;result_opacity evaluates to 0.80240297317504883,&#x0A;0.5f evaluates to 0.5, and&#x0A;0.15f evaluates to 0.15000000596046448.&#x0A;Opacity should be ~0.5 at mid-point at iteration 85&#x0A;" type=""><![CDATA[C:\Users\Administrator\Desktop\code\MBink\tests\property\render\test_animation_fillmode_properties.cpp:347
The difference between result_opacity and 0.5f is 0.30240297317504883, which exceeds 0.15f, where
result_opacity evaluates to 0.80240297317504883,
0.5f evaluates to 0.5, and
0.15f evaluates to 0.15000000596046448.
Opacity should be ~0.5 at mid-point at iteration 85
]]></failure>
      <failure message="C:\Users\Administrator\Desktop\code\MBink\tests\property\render\test_animation_fillmode_properties.cpp:347&#x0A;The difference between result_opacity and 0.5f is 0.30240297317504883, which exceeds 0.15f, where&#x0A;result_opacity evaluates to 0.80240297317504883,&#x0A;0.5f evaluates to 0.5, and&#x0A;0.15f evaluates to 0.15000000596046448.&#x0A;Opacity should be ~0.5 at mid-point at iteration 86&#x0A;" type=""><![CDATA[C:\Users\Administrator\Desktop\code\MBink\tests\property\render\test_animation_fillmode_properties.cpp:347
The difference between result_opacity and 0.5f is 0.30240297317504883, which exceeds 0.15f, where
result_opacity evaluates to 0.80240297317504883,
0.5f evaluates to 0.5, and
0.15f evaluates to 0.15000000596046448.
Opacity should be ~0.5 at mid-point at iteration 86
]]></failure>
      <failure message="C:\Users\Administrator\Desktop\code\MBink\tests\property\render\test_animation_fillmode_properties.cpp:347&#x0A;The difference between result_opacity and 0.5f is 0.30240297317504883, which exceeds 0.15f, where&#x0A;result_opacity evaluates to 0.80240297317504883,&#x0A;0.5f evaluates to 0.5, and&#x0A;0.15f evaluates to 0.15000000596046448.&#x0A;Opacity should be ~0.5 at mid-point at iteration 87&#x0A;" type=""><![CDATA[C:\Users\Administrator\Desktop\code\MBink\tests\property\render\test_animation_fillmode_properties.cpp:347
The difference between result_opacity and 0.5f is 0.30240297317504883, which exceeds 0.15f, where
result_opacity evaluates to 0.80240297317504883,
0.5f evaluates to 0.5, and
0.15f evaluates to 0.15000000596046448.
Opacity should be ~0.5 at mid-point at iteration 87
]]></failure>
      <failure message="C:\Users\Administrator\Desktop\code\MBink\tests\property\render\test_animation_fillmode_properties.cpp:347&#x0A;The difference between result_opacity and 0.5f is 0.30240297317504883, which exceeds 0.15f, where&#x0A;result_opacity evaluates to 0.80240297317504883,&#x0A;0.5f evaluates to 0.5, and&#x0A;0.15f evaluates to 0.15000000596046448.&#x0A;Opacity should be ~0.5 at mid-point at iteration 88&#x0A;" type=""><![CDATA[C:\Users\Administrator\Desktop\code\MBink\tests\property\render\test_animation_fillmode_properties.cpp:347
The difference between result_opacity and 0.5f is 0.30240297317504883, which exceeds 0.15f, where
result_opacity evaluates to 0.80240297317504883,
0.5f evaluates to 0.5, and
0.15f evaluates to 0.15000000596046448.
Opacity should be ~0.5 at mid-point at iteration 88
]]></failure>
      <failure message="C:\Users\Administrator\Desktop\code\MBink\tests\property\render\test_animation_fillmode_properties.cpp:347&#x0A;The difference between result_opacity and 0.5f is 0.30240297317504883, which exceeds 0.15f, where&#x0A;result_opacity evaluates to 0.80240297317504883,&#x0A;0.5f evaluates to 0.5, and&#x0A;0.15f evaluates to 0.15000000596046448.&#x0A;Opacity should be ~0.5 at mid-point at iteration 89&#x0A;" type=""><![CDATA[C:\Users\Administrator\Desktop\code\MBink\tests\property\render\test_animation_fillmode_properties.cpp:347
The difference between result_opacity and 0.5f is 0.30240297317504883, which exceeds 0.15f, where
result_opacity evaluates to 0.80240297317504883,
0.5f evaluates to 0.5, and
0.15f evaluates to 0.15000000596046448.
Opacity should be ~0.5 at mid-point at iteration 89
]]></failure>
      <failure message="C:\Users\Administrator\Desktop\code\MBink\tests\property\render\test_animation_fillmode_properties.cpp:347&#x0A;The difference between result_opacity and 0.5f is 0.30240297317504883, which exceeds 0.15f, where&#x0A;result_opacity evaluates to 0.80240297317504883,&#x0A;0.5f evaluates to 0.5, and&#x0A;0.15f evaluates to 0.15000000596046448.&#x0A;Opacity should be ~0.5 at mid-point at iteration 90&#x0A;" type=""><![CDATA[C:\Users\Administrator\Desktop\code\MBink\tests\property\render\test_animation_fillmode_properties.cpp:347
The difference between result_opacity and 0.5f is 0.30240297317504883, which exceeds 0.15f, where
result_opacity evaluates to 0.80240297317504883,
0.5f evaluates to 0.5, and
0.15f evaluates to 0.15000000596046448.
Opacity should be ~0.5 at mid-point at iteration 90
]]></failure>
      <failure message="C:\Users\Administrator\Desktop\code\MBink\tests\property\render\test_animation_fillmode_properties.cpp:347&#x0A;The difference between result_opacity and 0.5f is 0.30240297317504883, which exceeds 0.15f, where&#x0A;result_opacity evaluates to 0.80240297317504883,&#x0A;0.5f evaluates to 0.5, and&#x0A;0.15f evaluates to 0.15000000596046448.&#x0A;Opacity should be ~0.5 at mid-point at iteration 91&#x0A;" type=""><![CDATA[C:\Users\Administrator\Desktop\code\MBink\tests\property\render\test_animation_fillmode_properties.cpp:347
The difference between result_opacity and 0.5f is 0.30240297317504883, which exceeds 0.15f, where
result_opacity evaluates to 0.80240297317504883,
0.5f evaluates to 0.5, and
0.15f evaluates to 0.15000000596046448.
Opacity should be ~0.5 at mid-point at iteration 91
]]></failure>
      <failure message="C:\Users\Administrator\Desktop\code\MBink\tests\property\render\test_animation_fillmode_properties.cpp:347&#x0A;The difference between result_opacity and 0.5f is 0.30240297317504883, which exceeds 0.15f, where&#x0A;result_opacity evaluates to 0.80240297317504883,&#x0A;0.5f evaluates to 0.5, and&#x0A;0.15f evaluates to 0.15000000596046448.&#x0A;Opacity should be ~0.5 at mid-point at iteration 92&#x0A;" type=""><![CDATA[C:\Users\Administrator\Desktop\code\MBink\tests\property\render\test_animation_fillmode_properties.cpp:347
The difference between result_opacity and 0.5f is 0.30240297317504883, which exceeds 0.15f, where
result_opacity evaluates to 0.80240297317504883,
0.5f evaluates to 0.5, and
0.15f evaluates to 0.15000000596046448.
Opacity should be ~0.5 at mid-point at iteration 92
]]></failure>
      <failure message="C:\Users\Administrator\Desktop\code\MBink\tests\property\render\test_animation_fillmode_properties.cpp:347&#x0A;The difference between result_opacity and 0.5f is 0.30240297317504883, which exceeds 0.15f, where&#x0A;result_opacity evaluates to 0.80240297317504883,&#x0A;0.5f evaluates to 0.5, and&#x0A;0.15f evaluates to 0.15000000596046448.&#x0A;Opacity should be ~0.5 at mid-point at iteration 93&#x0A;" type=""><![CDATA[C:\Users\Administrator\Desktop\code\MBink\tests\property\render\test_animation_fillmode_properties.cpp:347
The difference between result_opacity and 0.5f is 0.30240297317504883, which exceeds 0.15f, where
result_opacity evaluates to 0.80240297317504883,
0.5f evaluates to 0.5, and
0.15f evaluates to 0.15000000596046448.
Opacity should be ~0.5 at mid-point at iteration 93
]]></failure>
      <failure message="C:\Users\Administrator\Desktop\code\MBink\tests\property\render\test_animation_fillmode_properties.cpp:347&#x0A;The difference between result_opacity and 0.5f is 0.30240297317504883, which exceeds 0.15f, where&#x0A;result_opacity evaluates to 0.80240297317504883,&#x0A;0.5f evaluates to 0.5, and&#x0A;0.15f evaluates to 0.15000000596046448.&#x0A;Opacity should be ~0.5 at mid-point at iteration 94&#x0A;" type=""><![CDATA[C:\Users\Administrator\Desktop\code\MBink\tests\property\render\test_animation_fillmode_properties.cpp:347
The difference between result_opacity and 0.5f is 0.30240297317504883, which exceeds 0.15f, where
result_opacity evaluates to 0.80240297317504883,
0.5f evaluates to 0.5, and
0.15f evaluates to 0.15000000596046448.
Opacity should be ~0.5 at mid-point at iteration 94
]]></failure>
      <failure message="C:\Users\Administrator\Desktop\code\MBink\tests\property\render\test_animation_fillmode_properties.cpp:347&#x0A;The difference between result_opacity and 0.5f is 0.30240297317504883, which exceeds 0.15f, where&#x0A;result_opacity evaluates to 0.80240297317504883,&#x0A;0.5f evaluates to 0.5, and&#x0A;0.15f evaluates to 0.15000000596046448.&#x0A;Opacity should be ~0.5 at mid-point at iteration 95&#x0A;" type=""><![CDATA[C:\Users\Administrator\Desktop\code\MBink\tests\property\render\test_animation_fillmode_properties.cpp:347
The difference between result_opacity and 0.5f is 0.30240297317504883, which exceeds 0.15f, where
result_opacity evaluates to 0.80240297317504883,
0.5f evaluates to 0.5, and
0.15f evaluates to 0.15000000596046448.
Opacity should be ~0.5 at mid-point at iteration 95
]]></failure>
      <failure message="C:\Users\Administrator\Desktop\code\MBink\tests\property\render\test_animation_fillmode_properties.cpp:347&#x0A;The difference between result_opacity and 0.5f is 0.30240297317504883, which exceeds 0.15f, where&#x0A;result_opacity evaluates to 0.80240297317504883,&#x0A;0.5f evaluates to 0.5, and&#x0A;0.15f evaluates to 0.15000000596046448.&#x0A;Opacity should be ~0.5 at mid-point at iteration 96&#x0A;" type=""><![CDATA[C:\Users\Administrator\Desktop\code\MBink\tests\property\render\test_animation_fillmode_properties.cpp:347
The difference between result_opacity and 0.5f is 0.30240297317504883, which exceeds 0.15f, where
result_opacity evaluates to 0.80240297317504883,
0.5f evaluates to 0.5, and
0.15f evaluates to 0.15000000596046448.
Opacity should be ~0.5 at mid-point at iteration 96
]]></failure>
      <failure message="C:\Users\Administrator\Desktop\code\MBink\tests\property\render\test_animation_fillmode_properties.cpp:347&#x0A;The difference between result_opacity and 0.5f is 0.30240297317504883, which exceeds 0.15f, where&#x0A;result_opacity evaluates to 0.80240297317504883,&#x0A;0.5f evaluates to 0.5, and&#x0A;0.15f evaluates to 0.15000000596046448.&#x0A;Opacity should be ~0.5 at mid-point at iteration 97&#x0A;" type=""><![CDATA[C:\Users\Administrator\Desktop\code\MBink\tests\property\render\test_animation_fillmode_properties.cpp:347
The difference between result_opacity and 0.5f is 0.30240297317504883, which exceeds 0.15f, where
result_opacity evaluates to 0.80240297317504883,
0.5f evaluates to 0.5, and
0.15f evaluates to 0.15000000596046448.
Opacity should be ~0.5 at mid-point at iteration 97
]]></failure>
      <failure message="C:\Users\Administrator\Desktop\code\MBink\tests\property\render\test_animation_fillmode_properties.cpp:347&#x0A;The difference between result_opacity and 0.5f is 0.30240297317504883, which exceeds 0.15f, where&#x0A;result_opacity evaluates to 0.80240297317504883,&#x0A;0.5f evaluates to 0.5, and&#x0A;0.15f evaluates to 0.15000000596046448.&#x0A;Opacity should be ~0.5 at mid-point at iteration 98&#x0A;" type=""><![CDATA[C:\Users\Administrator\Desktop\code\MBink\tests\property\render\test_animation_fillmode_properties.cpp:347
The difference between result_opacity and 0.5f is 0.30240297317504883, which exceeds 0.15f, where
result_opacity evaluates to 0.80240297317504883,
0.5f evaluates to 0.5, and
0.15f evaluates to 0.15000000596046448.
Opacity should be ~0.5 at mid-point at iteration 98
]]></failure>
      <failure message="C:\Users\Administrator\Desktop\code\MBink\tests\property\render\test_animation_fillmode_properties.cpp:347&#x0A;The difference between result_opacity and 0.5f is 0.30240297317504883, which exceeds 0.15f, where&#x0A;result_opacity evaluates to 0.80240297317504883,&#x0A;0.5f evaluates to 0.5, and&#x0A;0.15f evaluates to 0.15000000596046448.&#x0A;Opacity should be ~0.5 at mid-point at iteration 99&#x0A;" type=""><![CDATA[C:\Users\Administrator\Desktop\code\MBink\tests\property\render\test_animation_fillmode_properties.cpp:347
The difference between result_opacity and 0.5f is 0.30240297317504883, which exceeds 0.15f, where
result_opacity evaluates to 0.80240297317504883,
0.5f evaluates to 0.5, and
0.15f evaluates to 0.15000000596046448.
Opacity should be ~0.5 at mid-point at iteration 99
]]></failure>
    </testcase>
  </testsuite>
  <testsuite name="AnimationPlayStatePropertyTest" tests="5" failures="0" disabled="0" skipped="0" errors="0" time="0.076" timestamp="2025-12-23T14:42:07.849">
    <testcase name="PausedStatePreservesProgress" file="C:\Users\Administrator\Desktop\code\MBink\tests\property\render\test_animation_playstate_properties.cpp" line="66" status="run" result="completed" time="0.006" timestamp="2025-12-23T14:42:07.850" classname="AnimationPlayStatePropertyTest" />
    <testcase name="ResumePositionContinuity" file="C:\Users\Administrator\Desktop\code\MBink\tests\property\render\test_animation_playstate_properties.cpp" line="134" status="run" result="completed" time="0.014" timestamp="2025-12-23T14:42:07.859" classname="AnimationPlayStatePropertyTest" />
    <testcase name="MultiplePauseResumeCycles" file="C:\Users\Administrator\Desktop\code\MBink\tests\property\render\test_animation_playstate_properties.cpp" line="208" status="run" result="completed" time="0.025" timestamp="2025-12-23T14:42:07.878" classname="AnimationPlayStatePropertyTest" />
    <testcase name="PauseDuringDelay" file="C:\Users\Administrator\Desktop\code\MBink\tests\property\render\test_animation_playstate_properties.cpp" line="273" status="run" result="completed" time="0.007" timestamp="2025-12-23T14:42:07.910" classname="AnimationPlayStatePropertyTest" />
    <testcase name="PauseNonExistentAnimationIsSafe" file="C:\Users\Administrator\Desktop\code\MBink\tests\property\render\test_animation_playstate_properties.cpp" line="325" status="run" result="completed" time="0." timestamp="2025-12-23T14:42:07.924" classname="AnimationPlayStatePropertyTest" />
  </testsuite>
</testsuites>
