<?xml version="1.0" encoding="UTF-8"?>
<testsuites tests="24" failures="0" disabled="0" errors="0" time="0.086" timestamp="2025-12-22T18:37:06.924" name="AllTests">
  <testsuite name="BlockLayoutTest" tests="24" failures="0" disabled="0" skipped="0" errors="0" time="0.061" timestamp="2025-12-22T18:37:06.946">
    <testcase name="DisplayBlock" file="C:\Users\Administrator\Desktop\code\MBink\tests\unit\layout\test_block_layout.cpp" line="23" status="run" result="completed" time="0." timestamp="2025-12-22T18:37:06.947" classname="BlockLayoutTest" />
    <testcase name="DisplayFlex" file="C:\Users\Administrator\Desktop\code\MBink\tests\unit\layout\test_block_layout.cpp" line="28" status="run" result="completed" time="0." timestamp="2025-12-22T18:37:06.950" classname="BlockLayoutTest" />
    <testcase name="DisplayGrid" file="C:\Users\Administrator\Desktop\code\MBink\tests\unit\layout\test_block_layout.cpp" line="33" status="run" result="completed" time="0." timestamp="2025-12-22T18:37:06.953" classname="BlockLayoutTest" />
    <testcase name="DisplayNone" file="C:\Users\Administrator\Desktop\code\MBink\tests\unit\layout\test_block_layout.cpp" line="38" status="run" result="completed" time="0." timestamp="2025-12-22T18:37:06.956" classname="BlockLayoutTest" />
    <testcase name="PositionRelative" file="C:\Users\Administrator\Desktop\code\MBink\tests\unit\layout\test_block_layout.cpp" line="45" status="run" result="completed" time="0." timestamp="2025-12-22T18:37:06.959" classname="BlockLayoutTest" />
    <testcase name="PositionAbsolute" file="C:\Users\Administrator\Desktop\code\MBink\tests\unit\layout\test_block_layout.cpp" line="50" status="run" result="completed" time="0." timestamp="2025-12-22T18:37:06.970" classname="BlockLayoutTest" />
    <testcase name="PositionFixed" file="C:\Users\Administrator\Desktop\code\MBink\tests\unit\layout\test_block_layout.cpp" line="55" status="run" result="completed" time="0." timestamp="2025-12-22T18:37:06.972" classname="BlockLayoutTest" />
    <testcase name="PositionSticky" file="C:\Users\Administrator\Desktop\code\MBink\tests\unit\layout\test_block_layout.cpp" line="60" status="run" result="completed" time="0." timestamp="2025-12-22T18:37:06.975" classname="BlockLayoutTest" />
    <testcase name="BoxSizingContentBox" file="C:\Users\Administrator\Desktop\code\MBink\tests\unit\layout\test_block_layout.cpp" line="67" status="run" result="completed" time="0." timestamp="2025-12-22T18:37:06.976" classname="BlockLayoutTest" />
    <testcase name="BoxSizingBorderBox" file="C:\Users\Administrator\Desktop\code\MBink\tests\unit\layout\test_block_layout.cpp" line="72" status="run" result="completed" time="0." timestamp="2025-12-22T18:37:06.978" classname="BlockLayoutTest" />
    <testcase name="OverflowVisible" file="C:\Users\Administrator\Desktop\code\MBink\tests\unit\layout\test_block_layout.cpp" line="79" status="run" result="completed" time="0." timestamp="2025-12-22T18:37:06.979" classname="BlockLayoutTest" />
    <testcase name="OverflowHidden" file="C:\Users\Administrator\Desktop\code\MBink\tests\unit\layout\test_block_layout.cpp" line="84" status="run" result="completed" time="0." timestamp="2025-12-22T18:37:06.980" classname="BlockLayoutTest" />
    <testcase name="OverflowScroll" file="C:\Users\Administrator\Desktop\code\MBink\tests\unit\layout\test_block_layout.cpp" line="89" status="run" result="completed" time="0." timestamp="2025-12-22T18:37:06.982" classname="BlockLayoutTest" />
    <testcase name="LengthPixels" file="C:\Users\Administrator\Desktop\code\MBink\tests\unit\layout\test_block_layout.cpp" line="102" status="run" result="completed" time="0." timestamp="2025-12-22T18:37:06.985" classname="BlockLayoutTest" />
    <testcase name="LengthPercent" file="C:\Users\Administrator\Desktop\code\MBink\tests\unit\layout\test_block_layout.cpp" line="108" status="run" result="completed" time="0." timestamp="2025-12-22T18:37:06.987" classname="BlockLayoutTest" />
    <testcase name="ResolvePercentage" file="C:\Users\Administrator\Desktop\code\MBink\tests\unit\layout\test_block_layout.cpp" line="114" status="run" result="completed" time="0." timestamp="2025-12-22T18:37:06.992" classname="BlockLayoutTest" />
    <testcase name="ResolveLength" file="C:\Users\Administrator\Desktop\code\MBink\tests\unit\layout\test_block_layout.cpp" line="120" status="run" result="completed" time="0." timestamp="2025-12-22T18:37:06.994" classname="BlockLayoutTest" />
    <testcase name="MarginCollapsePositive" file="C:\Users\Administrator\Desktop\code\MBink\tests\unit\layout\test_block_layout.cpp" line="128" status="run" result="completed" time="0." timestamp="2025-12-22T18:37:06.996" classname="BlockLayoutTest" />
    <testcase name="MarginCollapseNegative" file="C:\Users\Administrator\Desktop\code\MBink\tests\unit\layout\test_block_layout.cpp" line="136" status="run" result="completed" time="0." timestamp="2025-12-22T18:37:06.999" classname="BlockLayoutTest" />
    <testcase name="MarginCollapseMixed" file="C:\Users\Administrator\Desktop\code\MBink\tests\unit\layout\test_block_layout.cpp" line="144" status="run" result="completed" time="0." timestamp="2025-12-22T18:37:07.001" classname="BlockLayoutTest" />
    <testcase name="AutoMarginCentering" file="C:\Users\Administrator\Desktop\code\MBink\tests\unit\layout\test_block_layout.cpp" line="154" status="run" result="completed" time="0." timestamp="2025-12-22T18:37:07.003" classname="BlockLayoutTest" />
    <testcase name="MinWidthConstraint" file="C:\Users\Administrator\Desktop\code\MBink\tests\unit\layout\test_block_layout.cpp" line="166" status="run" result="completed" time="0." timestamp="2025-12-22T18:37:07.005" classname="BlockLayoutTest" />
    <testcase name="MaxWidthConstraint" file="C:\Users\Administrator\Desktop\code\MBink\tests\unit\layout\test_block_layout.cpp" line="174" status="run" result="completed" time="0." timestamp="2025-12-22T18:37:07.006" classname="BlockLayoutTest" />
    <testcase name="MinMaxWidthConstraint" file="C:\Users\Administrator\Desktop\code\MBink\tests\unit\layout\test_block_layout.cpp" line="182" status="run" result="completed" time="0." timestamp="2025-12-22T18:37:07.007" classname="BlockLayoutTest" />
  </testsuite>
</testsuites>
