<?xml version="1.0" encoding="UTF-8"?>
<testsuites tests="32" failures="0" disabled="0" errors="0" time="0.134" timestamp="2025-12-22T18:36:35.280" name="AllTests">
  <testsuite name="FlexLayoutTest" tests="32" failures="0" disabled="0" skipped="0" errors="0" time="0.124" timestamp="2025-12-22T18:36:35.289">
    <testcase name="FlexDirectionRow" file="C:\Users\Administrator\Desktop\code\MBink\tests\unit\layout\test_flex_layout.cpp" line="23" status="run" result="completed" time="0." timestamp="2025-12-22T18:36:35.290" classname="FlexLayoutTest" />
    <testcase name="FlexDirectionColumn" file="C:\Users\Administrator\Desktop\code\MBink\tests\unit\layout\test_flex_layout.cpp" line="29" status="run" result="completed" time="0." timestamp="2025-12-22T18:36:35.296" classname="FlexLayoutTest" />
    <testcase name="FlexDirectionRowReverse" file="C:\Users\Administrator\Desktop\code\MBink\tests\unit\layout\test_flex_layout.cpp" line="34" status="run" result="completed" time="0." timestamp="2025-12-22T18:36:35.299" classname="FlexLayoutTest" />
    <testcase name="FlexDirectionColumnReverse" file="C:\Users\Administrator\Desktop\code\MBink\tests\unit\layout\test_flex_layout.cpp" line="39" status="run" result="completed" time="0." timestamp="2025-12-22T18:36:35.301" classname="FlexLayoutTest" />
    <testcase name="JustifyContentFlexStart" file="C:\Users\Administrator\Desktop\code\MBink\tests\unit\layout\test_flex_layout.cpp" line="46" status="run" result="completed" time="0." timestamp="2025-12-22T18:36:35.304" classname="FlexLayoutTest" />
    <testcase name="JustifyContentFlexEnd" file="C:\Users\Administrator\Desktop\code\MBink\tests\unit\layout\test_flex_layout.cpp" line="51" status="run" result="completed" time="0." timestamp="2025-12-22T18:36:35.307" classname="FlexLayoutTest" />
    <testcase name="JustifyContentCenter" file="C:\Users\Administrator\Desktop\code\MBink\tests\unit\layout\test_flex_layout.cpp" line="56" status="run" result="completed" time="0." timestamp="2025-12-22T18:36:35.309" classname="FlexLayoutTest" />
    <testcase name="JustifyContentSpaceBetween" file="C:\Users\Administrator\Desktop\code\MBink\tests\unit\layout\test_flex_layout.cpp" line="61" status="run" result="completed" time="0." timestamp="2025-12-22T18:36:35.311" classname="FlexLayoutTest" />
    <testcase name="JustifyContentSpaceAround" file="C:\Users\Administrator\Desktop\code\MBink\tests\unit\layout\test_flex_layout.cpp" line="66" status="run" result="completed" time="0." timestamp="2025-12-22T18:36:35.314" classname="FlexLayoutTest" />
    <testcase name="JustifyContentSpaceEvenly" file="C:\Users\Administrator\Desktop\code\MBink\tests\unit\layout\test_flex_layout.cpp" line="71" status="run" result="completed" time="0." timestamp="2025-12-22T18:36:35.316" classname="FlexLayoutTest" />
    <testcase name="AlignItemsFlexStart" file="C:\Users\Administrator\Desktop\code\MBink\tests\unit\layout\test_flex_layout.cpp" line="78" status="run" result="completed" time="0." timestamp="2025-12-22T18:36:35.318" classname="FlexLayoutTest" />
    <testcase name="AlignItemsFlexEnd" file="C:\Users\Administrator\Desktop\code\MBink\tests\unit\layout\test_flex_layout.cpp" line="83" status="run" result="completed" time="0." timestamp="2025-12-22T18:36:35.319" classname="FlexLayoutTest" />
    <testcase name="AlignItemsCenter" file="C:\Users\Administrator\Desktop\code\MBink\tests\unit\layout\test_flex_layout.cpp" line="88" status="run" result="completed" time="0." timestamp="2025-12-22T18:36:35.321" classname="FlexLayoutTest" />
    <testcase name="AlignItemsStretch" file="C:\Users\Administrator\Desktop\code\MBink\tests\unit\layout\test_flex_layout.cpp" line="93" status="run" result="completed" time="0." timestamp="2025-12-22T18:36:35.324" classname="FlexLayoutTest" />
    <testcase name="AlignItemsBaseline" file="C:\Users\Administrator\Desktop\code\MBink\tests\unit\layout\test_flex_layout.cpp" line="98" status="run" result="completed" time="0." timestamp="2025-12-22T18:36:35.327" classname="FlexLayoutTest" />
    <testcase name="FlexWrapNoWrap" file="C:\Users\Administrator\Desktop\code\MBink\tests\unit\layout\test_flex_layout.cpp" line="105" status="run" result="completed" time="0." timestamp="2025-12-22T18:36:35.329" classname="FlexLayoutTest" />
    <testcase name="FlexWrapWrap" file="C:\Users\Administrator\Desktop\code\MBink\tests\unit\layout\test_flex_layout.cpp" line="110" status="run" result="completed" time="0." timestamp="2025-12-22T18:36:35.341" classname="FlexLayoutTest" />
    <testcase name="FlexWrapWrapReverse" file="C:\Users\Administrator\Desktop\code\MBink\tests\unit\layout\test_flex_layout.cpp" line="115" status="run" result="completed" time="0." timestamp="2025-12-22T18:36:35.347" classname="FlexLayoutTest" />
    <testcase name="AlignContentFlexStart" file="C:\Users\Administrator\Desktop\code\MBink\tests\unit\layout\test_flex_layout.cpp" line="122" status="run" result="completed" time="0." timestamp="2025-12-22T18:36:35.349" classname="FlexLayoutTest" />
    <testcase name="AlignContentFlexEnd" file="C:\Users\Administrator\Desktop\code\MBink\tests\unit\layout\test_flex_layout.cpp" line="127" status="run" result="completed" time="0." timestamp="2025-12-22T18:36:35.354" classname="FlexLayoutTest" />
    <testcase name="AlignContentCenter" file="C:\Users\Administrator\Desktop\code\MBink\tests\unit\layout\test_flex_layout.cpp" line="132" status="run" result="completed" time="0." timestamp="2025-12-22T18:36:35.359" classname="FlexLayoutTest" />
    <testcase name="AlignContentStretch" file="C:\Users\Administrator\Desktop\code\MBink\tests\unit\layout\test_flex_layout.cpp" line="137" status="run" result="completed" time="0." timestamp="2025-12-22T18:36:35.365" classname="FlexLayoutTest" />
    <testcase name="AlignContentSpaceBetween" file="C:\Users\Administrator\Desktop\code\MBink\tests\unit\layout\test_flex_layout.cpp" line="142" status="run" result="completed" time="0." timestamp="2025-12-22T18:36:35.378" classname="FlexLayoutTest" />
    <testcase name="AlignContentSpaceAround" file="C:\Users\Administrator\Desktop\code\MBink\tests\unit\layout\test_flex_layout.cpp" line="147" status="run" result="completed" time="0." timestamp="2025-12-22T18:36:35.380" classname="FlexLayoutTest" />
    <testcase name="AlignSelfStart" file="C:\Users\Administrator\Desktop\code\MBink\tests\unit\layout\test_flex_layout.cpp" line="154" status="run" result="completed" time="0." timestamp="2025-12-22T18:36:35.383" classname="FlexLayoutTest" />
    <testcase name="AlignSelfFlexStart" file="C:\Users\Administrator\Desktop\code\MBink\tests\unit\layout\test_flex_layout.cpp" line="159" status="run" result="completed" time="0." timestamp="2025-12-22T18:36:35.385" classname="FlexLayoutTest" />
    <testcase name="AlignSelfFlexEnd" file="C:\Users\Administrator\Desktop\code\MBink\tests\unit\layout\test_flex_layout.cpp" line="164" status="run" result="completed" time="0." timestamp="2025-12-22T18:36:35.386" classname="FlexLayoutTest" />
    <testcase name="AlignSelfCenter" file="C:\Users\Administrator\Desktop\code\MBink\tests\unit\layout\test_flex_layout.cpp" line="169" status="run" result="completed" time="0." timestamp="2025-12-22T18:36:35.388" classname="FlexLayoutTest" />
    <testcase name="AlignSelfStretch" file="C:\Users\Administrator\Desktop\code\MBink\tests\unit\layout\test_flex_layout.cpp" line="174" status="run" result="completed" time="0." timestamp="2025-12-22T18:36:35.405" classname="FlexLayoutTest" />
    <testcase name="DefaultFlexGrow" file="C:\Users\Administrator\Desktop\code\MBink\tests\unit\layout\test_flex_layout.cpp" line="181" status="run" result="completed" time="0." timestamp="2025-12-22T18:36:35.408" classname="FlexLayoutTest" />
    <testcase name="DefaultFlexShrink" file="C:\Users\Administrator\Desktop\code\MBink\tests\unit\layout\test_flex_layout.cpp" line="187" status="run" result="completed" time="0." timestamp="2025-12-22T18:36:35.410" classname="FlexLayoutTest" />
    <testcase name="DefaultFlexBasis" file="C:\Users\Administrator\Desktop\code\MBink\tests\unit\layout\test_flex_layout.cpp" line="193" status="run" result="completed" time="0." timestamp="2025-12-22T18:36:35.412" classname="FlexLayoutTest" />
  </testsuite>
</testsuites>
