<?xml version="1.0" encoding="UTF-8"?>
<testsuites tests="58" failures="2" disabled="0" errors="0" time="0.312" timestamp="2025-12-18T02:53:10.309" name="AllTests">
  <testsuite name="DOMIntegrationTest" tests="10" failures="0" disabled="0" skipped="0" errors="0" time="0.092" timestamp="2025-12-18T02:53:10.315">
    <testcase name="CreateDocument" file="C:\Users\Administrator\Desktop\code\MBink\tests\integration\test_dom_integration.cpp" line="21" status="run" result="completed" time="0.013" timestamp="2025-12-18T02:53:10.318" classname="DOMIntegrationTest" />
    <testcase name="CreateAndAppendElement" file="C:\Users\Administrator\Desktop\code\MBink\tests\integration\test_dom_integration.cpp" line="27" status="run" result="completed" time="0.004" timestamp="2025-12-18T02:53:10.333" classname="DOMIntegrationTest" />
    <testcase name="SetAndGetAttribute" file="C:\Users\Administrator\Desktop\code\MBink\tests\integration\test_dom_integration.cpp" line="40" status="run" result="completed" time="0." timestamp="2025-12-18T02:53:10.346" classname="DOMIntegrationTest" />
    <testcase name="ClassOperations" file="C:\Users\Administrator\Desktop\code\MBink\tests\integration\test_dom_integration.cpp" line="53" status="run" result="completed" time="0.014" timestamp="2025-12-18T02:53:10.348" classname="DOMIntegrationTest" />
    <testcase name="StyleOperations" file="C:\Users\Administrator\Desktop\code\MBink\tests\integration\test_dom_integration.cpp" line="74" status="run" result="completed" time="0." timestamp="2025-12-18T02:53:10.367" classname="DOMIntegrationTest" />
    <testcase name="TextContent" file="C:\Users\Administrator\Desktop\code\MBink\tests\integration\test_dom_integration.cpp" line="85" status="run" result="completed" time="0." timestamp="2025-12-18T02:53:10.370" classname="DOMIntegrationTest" />
    <testcase name="ChildNodeOperations" file="C:\Users\Administrator\Desktop\code\MBink\tests\integration\test_dom_integration.cpp" line="93" status="run" result="completed" time="0." timestamp="2025-12-18T02:53:10.373" classname="DOMIntegrationTest" />
    <testcase name="QuerySelector" file="C:\Users\Administrator\Desktop\code\MBink\tests\integration\test_dom_integration.cpp" line="112" status="run" result="completed" time="0.017" timestamp="2025-12-18T02:53:10.375" classname="DOMIntegrationTest" />
    <testcase name="CloneNode" file="C:\Users\Administrator\Desktop\code\MBink\tests\integration\test_dom_integration.cpp" line="138" status="run" result="completed" time="0." timestamp="2025-12-18T02:53:10.395" classname="DOMIntegrationTest" />
    <testcase name="InnerHTML" file="C:\Users\Administrator\Desktop\code\MBink\tests\integration\test_dom_integration.cpp" line="155" status="run" result="completed" time="0.007" timestamp="2025-12-18T02:53:10.398" classname="DOMIntegrationTest" />
  </testsuite>
  <testsuite name="RenderPipelineTest" tests="11" failures="0" disabled="0" skipped="0" errors="0" time="0.054" timestamp="2025-12-18T02:53:10.410">
    <testcase name="InlineStyleParsing" file="C:\Users\Administrator\Desktop\code\MBink\tests\integration\test_render_pipeline.cpp" line="27" status="run" result="completed" time="0.001" timestamp="2025-12-18T02:53:10.411" classname="RenderPipelineTest" />
    <testcase name="StyleModification" file="C:\Users\Administrator\Desktop\code\MBink\tests\integration\test_render_pipeline.cpp" line="42" status="run" result="completed" time="0." timestamp="2025-12-18T02:53:10.426" classname="RenderPipelineTest" />
    <testcase name="MultipleStyleProperties" file="C:\Users\Administrator\Desktop\code\MBink\tests\integration\test_render_pipeline.cpp" line="53" status="run" result="completed" time="0." timestamp="2025-12-18T02:53:10.428" classname="RenderPipelineTest" />
    <testcase name="PseudoClassHover" file="C:\Users\Administrator\Desktop\code\MBink\tests\integration\test_render_pipeline.cpp" line="70" status="run" result="completed" time="0." timestamp="2025-12-18T02:53:10.431" classname="RenderPipelineTest" />
    <testcase name="PseudoClassActive" file="C:\Users\Administrator\Desktop\code\MBink\tests\integration\test_render_pipeline.cpp" line="83" status="run" result="completed" time="0." timestamp="2025-12-18T02:53:10.434" classname="RenderPipelineTest" />
    <testcase name="PseudoClassFocus" file="C:\Users\Administrator\Desktop\code\MBink\tests\integration\test_render_pipeline.cpp" line="91" status="run" result="completed" time="0.001" timestamp="2025-12-18T02:53:10.438" classname="RenderPipelineTest" />
    <testcase name="MultiplePseudoClasses" file="C:\Users\Administrator\Desktop\code\MBink\tests\integration\test_render_pipeline.cpp" line="99" status="run" result="completed" time="0." timestamp="2025-12-18T02:53:10.443" classname="RenderPipelineTest" />
    <testcase name="NestedElements" file="C:\Users\Administrator\Desktop\code\MBink\tests\integration\test_render_pipeline.cpp" line="115" status="run" result="completed" time="0." timestamp="2025-12-18T02:53:10.448" classname="RenderPipelineTest" />
    <testcase name="DeeplyNestedElements" file="C:\Users\Administrator\Desktop\code\MBink\tests\integration\test_render_pipeline.cpp" line="133" status="run" result="completed" time="0.001" timestamp="2025-12-18T02:53:10.451" classname="RenderPipelineTest" />
    <testcase name="AttributeChange" file="C:\Users\Administrator\Desktop\code\MBink\tests\integration\test_render_pipeline.cpp" line="151" status="run" result="completed" time="0." timestamp="2025-12-18T02:53:10.457" classname="RenderPipelineTest" />
    <testcase name="ClassChange" file="C:\Users\Administrator\Desktop\code\MBink\tests\integration\test_render_pipeline.cpp" line="165" status="run" result="completed" time="0.002" timestamp="2025-12-18T02:53:10.461" classname="RenderPipelineTest" />
  </testsuite>
  <testsuite name="EventDispatchTest" tests="15" failures="0" disabled="0" skipped="0" errors="0" time="0.04" timestamp="2025-12-18T02:53:10.466">
    <testcase name="EventCreation" file="C:\Users\Administrator\Desktop\code\MBink\tests\integration\test_event_dispatch.cpp" line="19" status="run" result="completed" time="0." timestamp="2025-12-18T02:53:10.466" classname="EventDispatchTest" />
    <testcase name="EventNoBubbles" file="C:\Users\Administrator\Desktop\code\MBink\tests\integration\test_event_dispatch.cpp" line="27" status="run" result="completed" time="0." timestamp="2025-12-18T02:53:10.469" classname="EventDispatchTest" />
    <testcase name="StopPropagation" file="C:\Users\Administrator\Desktop\code\MBink\tests\integration\test_event_dispatch.cpp" line="34" status="run" result="completed" time="0." timestamp="2025-12-18T02:53:10.471" classname="EventDispatchTest" />
    <testcase name="PreventDefault" file="C:\Users\Administrator\Desktop\code\MBink\tests\integration\test_event_dispatch.cpp" line="42" status="run" result="completed" time="0." timestamp="2025-12-18T02:53:10.473" classname="EventDispatchTest" />
    <testcase name="StopImmediatePropagation" file="C:\Users\Administrator\Desktop\code\MBink\tests\integration\test_event_dispatch.cpp" line="50" status="run" result="completed" time="0." timestamp="2025-12-18T02:53:10.475" classname="EventDispatchTest" />
    <testcase name="AddEventListener" file="C:\Users\Administrator\Desktop\code\MBink\tests\integration\test_event_dispatch.cpp" line="60" status="run" result="completed" time="0.001" timestamp="2025-12-18T02:53:10.479" classname="EventDispatchTest" />
    <testcase name="MultipleListeners" file="C:\Users\Administrator\Desktop\code\MBink\tests\integration\test_event_dispatch.cpp" line="75" status="run" result="completed" time="0." timestamp="2025-12-18T02:53:10.484" classname="EventDispatchTest" />
    <testcase name="RemoveEventListener" file="C:\Users\Administrator\Desktop\code\MBink\tests\integration\test_event_dispatch.cpp" line="90" status="run" result="completed" time="0.001" timestamp="2025-12-18T02:53:10.486" classname="EventDispatchTest" />
    <testcase name="OnceOption" file="C:\Users\Administrator\Desktop\code\MBink\tests\integration\test_event_dispatch.cpp" line="111" status="run" result="completed" time="0." timestamp="2025-12-18T02:53:10.489" classname="EventDispatchTest" />
    <testcase name="DifferentEventTypes" file="C:\Users\Administrator\Desktop\code\MBink\tests\integration\test_event_dispatch.cpp" line="129" status="run" result="completed" time="0.001" timestamp="2025-12-18T02:53:10.493" classname="EventDispatchTest" />
    <testcase name="MouseEventCreation" file="C:\Users\Administrator\Desktop\code\MBink\tests\integration\test_event_dispatch.cpp" line="153" status="run" result="completed" time="0." timestamp="2025-12-18T02:53:10.497" classname="EventDispatchTest" />
    <testcase name="KeyboardEventCreation" file="C:\Users\Administrator\Desktop\code\MBink\tests\integration\test_event_dispatch.cpp" line="164" status="run" result="completed" time="0." timestamp="2025-12-18T02:53:10.498" classname="EventDispatchTest" />
    <testcase name="KeyboardEventModifierState" file="C:\Users\Administrator\Desktop\code\MBink\tests\integration\test_event_dispatch.cpp" line="175" status="run" result="completed" time="0." timestamp="2025-12-18T02:53:10.500" classname="EventDispatchTest" />
    <testcase name="AnimationEventCreation" file="C:\Users\Administrator\Desktop\code\MBink\tests\integration\test_event_dispatch.cpp" line="186" status="run" result="completed" time="0." timestamp="2025-12-18T02:53:10.502" classname="EventDispatchTest" />
    <testcase name="CustomEvent" file="C:\Users\Administrator\Desktop\code\MBink\tests\integration\test_event_dispatch.cpp" line="197" status="run" result="completed" time="0." timestamp="2025-12-18T02:53:10.505" classname="EventDispatchTest" />
  </testsuite>
  <testsuite name="HTMLLoadingTest" tests="12" failures="2" disabled="0" skipped="0" errors="0" time="0.075" timestamp="2025-12-18T02:53:10.517">
    <testcase name="LoadBasicHTML" file="C:\Users\Administrator\Desktop\code\MBink\tests\integration\test_html_loading.cpp" line="18" status="run" result="completed" time="0.006" timestamp="2025-12-18T02:53:10.518" classname="HTMLLoadingTest" />
    <testcase name="LoadComplexHTML" file="C:\Users\Administrator\Desktop\code\MBink\tests\integration\test_html_loading.cpp" line="39" status="run" result="completed" time="0.006" timestamp="2025-12-18T02:53:10.526" classname="HTMLLoadingTest" />
    <testcase name="LoadFormElements" file="C:\Users\Administrator\Desktop\code\MBink\tests\integration\test_html_loading.cpp" line="100" status="run" result="completed" time="0.003" timestamp="2025-12-18T02:53:10.534" classname="HTMLLoadingTest" />
    <testcase name="LoadTable" file="C:\Users\Administrator\Desktop\code\MBink\tests\integration\test_html_loading.cpp" line="146" status="run" result="completed" time="0.003" timestamp="2025-12-18T02:53:10.538" classname="HTMLLoadingTest" />
    <testcase name="LoadInlineStyles" file="C:\Users\Administrator\Desktop\code\MBink\tests\integration\test_html_loading.cpp" line="196" status="run" result="completed" time="0.014" timestamp="2025-12-18T02:53:10.542" classname="HTMLLoadingTest">
      <failure message="C:\Users\Administrator\Desktop\code\MBink\tests\integration\test_html_loading.cpp:211&#x0A;Expected equality of these values:&#x0A;  elem-&gt;GetStyle(&quot;color&quot;)&#x0A;    Which is: &quot;&quot;&#x0A;  &quot;red&quot;&#x0A;" type=""><![CDATA[C:\Users\Administrator\Desktop\code\MBink\tests\integration\test_html_loading.cpp:211
Expected equality of these values:
  elem->GetStyle("color")
    Which is: ""
  "red"
]]></failure>
      <failure message="C:\Users\Administrator\Desktop\code\MBink\tests\integration\test_html_loading.cpp:212&#x0A;Expected equality of these values:&#x0A;  elem-&gt;GetStyle(&quot;font-size&quot;)&#x0A;    Which is: &quot;&quot;&#x0A;  &quot;16px&quot;&#x0A;" type=""><![CDATA[C:\Users\Administrator\Desktop\code\MBink\tests\integration\test_html_loading.cpp:212
Expected equality of these values:
  elem->GetStyle("font-size")
    Which is: ""
  "16px"
]]></failure>
    </testcase>
    <testcase name="LoadDataAttributes" file="C:\Users\Administrator\Desktop\code\MBink\tests\integration\test_html_loading.cpp" line="217" status="run" result="completed" time="0.001" timestamp="2025-12-18T02:53:10.559" classname="HTMLLoadingTest" />
    <testcase name="LoadSpecialCharacters" file="C:\Users\Administrator\Desktop\code\MBink\tests\integration\test_html_loading.cpp" line="242" status="run" result="completed" time="0.004" timestamp="2025-12-18T02:53:10.562" classname="HTMLLoadingTest" />
    <testcase name="LoadSelfClosingTags" file="C:\Users\Administrator\Desktop\code\MBink\tests\integration\test_html_loading.cpp" line="268" status="run" result="completed" time="0.001" timestamp="2025-12-18T02:53:10.568" classname="HTMLLoadingTest" />
    <testcase name="LoadWithComments" file="C:\Users\Administrator\Desktop\code\MBink\tests\integration\test_html_loading.cpp" line="292" status="run" result="completed" time="0." timestamp="2025-12-18T02:53:10.571" classname="HTMLLoadingTest" />
    <testcase name="LoadMalformedHTML" file="C:\Users\Administrator\Desktop\code\MBink\tests\integration\test_html_loading.cpp" line="314" status="run" result="completed" time="0.003" timestamp="2025-12-18T02:53:10.574" classname="HTMLLoadingTest" />
    <testcase name="LoadEmptyHTML" file="C:\Users\Administrator\Desktop\code\MBink\tests\integration\test_html_loading.cpp" line="332" status="run" result="completed" time="0." timestamp="2025-12-18T02:53:10.585" classname="HTMLLoadingTest" />
    <testcase name="SaveHTML" file="C:\Users\Administrator\Desktop\code\MBink\tests\integration\test_html_loading.cpp" line="342" status="run" result="completed" time="0.002" timestamp="2025-12-18T02:53:10.588" classname="HTMLLoadingTest">
      <failure message="C:\Users\Administrator\Desktop\code\MBink\tests\integration\test_html_loading.cpp:363&#x0A;Value of: html.find(&quot;modified&quot;) != std::string::npos&#x0A;  Actual: false&#x0A;Expected: true&#x0A;" type=""><![CDATA[C:\Users\Administrator\Desktop\code\MBink\tests\integration\test_html_loading.cpp:363
Value of: html.find("modified") != std::string::npos
  Actual: false
Expected: true
]]></failure>
      <failure message="C:\Users\Administrator\Desktop\code\MBink\tests\integration\test_html_loading.cpp:364&#x0A;Value of: html.find(&quot;data-modified&quot;) != std::string::npos&#x0A;  Actual: false&#x0A;Expected: true&#x0A;" type=""><![CDATA[C:\Users\Administrator\Desktop\code\MBink\tests\integration\test_html_loading.cpp:364
Value of: html.find("data-modified") != std::string::npos
  Actual: false
Expected: true
]]></failure>
    </testcase>
  </testsuite>
  <testsuite name="JavaScriptIntegrationTest" tests="10" failures="0" disabled="0" skipped="0" errors="0" time="0.027" timestamp="2025-12-18T02:53:10.593">
    <testcase name="CreateAndAppendElement" file="C:\Users\Administrator\Desktop\code\MBink\tests\integration\test_javascript_integration.cpp" line="30" status="run" result="completed" time="0." timestamp="2025-12-18T02:53:10.594" classname="JavaScriptIntegrationTest" />
    <testcase name="ModifyExistingElement" file="C:\Users\Administrator\Desktop\code\MBink\tests\integration\test_javascript_integration.cpp" line="56" status="run" result="completed" time="0.001" timestamp="2025-12-18T02:53:10.595" classname="JavaScriptIntegrationTest" />
    <testcase name="RemoveElement" file="C:\Users\Administrator\Desktop\code\MBink\tests\integration\test_javascript_integration.cpp" line="85" status="run" result="completed" time="0." timestamp="2025-12-18T02:53:10.598" classname="JavaScriptIntegrationTest" />
    <testcase name="QuerySelector" file="C:\Users\Administrator\Desktop\code\MBink\tests\integration\test_javascript_integration.cpp" line="105" status="run" result="completed" time="0." timestamp="2025-12-18T02:53:10.600" classname="JavaScriptIntegrationTest" />
    <testcase name="QuerySelectorWithModification" file="C:\Users\Administrator\Desktop\code\MBink\tests\integration\test_javascript_integration.cpp" line="124" status="run" result="completed" time="0." timestamp="2025-12-18T02:53:10.602" classname="JavaScriptIntegrationTest" />
    <testcase name="SetInnerHTML" file="C:\Users\Administrator\Desktop\code\MBink\tests\integration\test_javascript_integration.cpp" line="150" status="run" result="completed" time="0." timestamp="2025-12-18T02:53:10.607" classname="JavaScriptIntegrationTest" />
    <testcase name="GetInnerHTML" file="C:\Users\Administrator\Desktop\code\MBink\tests\integration\test_javascript_integration.cpp" line="165" status="run" result="completed" time="0.001" timestamp="2025-12-18T02:53:10.611" classname="JavaScriptIntegrationTest" />
    <testcase name="ClassListOperations" file="C:\Users\Administrator\Desktop\code\MBink\tests\integration\test_javascript_integration.cpp" line="181" status="run" result="completed" time="0." timestamp="2025-12-18T02:53:10.615" classname="JavaScriptIntegrationTest" />
    <testcase name="StyleOperations" file="C:\Users\Administrator\Desktop\code\MBink\tests\integration\test_javascript_integration.cpp" line="211" status="run" result="completed" time="0." timestamp="2025-12-18T02:53:10.617" classname="JavaScriptIntegrationTest" />
    <testcase name="TodoAppSimulation" file="C:\Users\Administrator\Desktop\code\MBink\tests\integration\test_javascript_integration.cpp" line="231" status="run" result="completed" time="0." timestamp="2025-12-18T02:53:10.619" classname="JavaScriptIntegrationTest" />
  </testsuite>
</testsuites>
