<?xml version="1.0" encoding="UTF-8"?>
<testsuites tests="68" failures="2" disabled="0" errors="0" time="0.511" timestamp="2025-12-18T19:52:33.651" name="AllTests">
  <testsuite name="DOMIntegrationTest" tests="10" failures="0" disabled="0" skipped="0" errors="0" time="0.02" timestamp="2025-12-18T19:52:33.658">
    <testcase name="CreateDocument" file="C:\Users\Administrator\Desktop\code\MBink\tests\integration\test_dom_integration.cpp" line="21" status="run" result="completed" time="0.001" timestamp="2025-12-18T19:52:33.658" classname="DOMIntegrationTest" />
    <testcase name="CreateAndAppendElement" file="C:\Users\Administrator\Desktop\code\MBink\tests\integration\test_dom_integration.cpp" line="27" status="run" result="completed" time="0." timestamp="2025-12-18T19:52:33.661" classname="DOMIntegrationTest" />
    <testcase name="SetAndGetAttribute" file="C:\Users\Administrator\Desktop\code\MBink\tests\integration\test_dom_integration.cpp" line="40" status="run" result="completed" time="0." timestamp="2025-12-18T19:52:33.663" classname="DOMIntegrationTest" />
    <testcase name="ClassOperations" file="C:\Users\Administrator\Desktop\code\MBink\tests\integration\test_dom_integration.cpp" line="53" status="run" result="completed" time="0." timestamp="2025-12-18T19:52:33.664" classname="DOMIntegrationTest" />
    <testcase name="StyleOperations" file="C:\Users\Administrator\Desktop\code\MBink\tests\integration\test_dom_integration.cpp" line="74" status="run" result="completed" time="0." timestamp="2025-12-18T19:52:33.665" classname="DOMIntegrationTest" />
    <testcase name="TextContent" file="C:\Users\Administrator\Desktop\code\MBink\tests\integration\test_dom_integration.cpp" line="85" status="run" result="completed" time="0." timestamp="2025-12-18T19:52:33.667" classname="DOMIntegrationTest" />
    <testcase name="ChildNodeOperations" file="C:\Users\Administrator\Desktop\code\MBink\tests\integration\test_dom_integration.cpp" line="93" status="run" result="completed" time="0." timestamp="2025-12-18T19:52:33.668" classname="DOMIntegrationTest" />
    <testcase name="QuerySelector" file="C:\Users\Administrator\Desktop\code\MBink\tests\integration\test_dom_integration.cpp" line="112" status="run" result="completed" time="0.001" timestamp="2025-12-18T19:52:33.670" classname="DOMIntegrationTest" />
    <testcase name="CloneNode" file="C:\Users\Administrator\Desktop\code\MBink\tests\integration\test_dom_integration.cpp" line="138" status="run" result="completed" time="0." timestamp="2025-12-18T19:52:33.672" classname="DOMIntegrationTest" />
    <testcase name="InnerHTML" file="C:\Users\Administrator\Desktop\code\MBink\tests\integration\test_dom_integration.cpp" line="155" status="run" result="completed" time="0.001" timestamp="2025-12-18T19:52:33.676" classname="DOMIntegrationTest" />
  </testsuite>
  <testsuite name="RenderPipelineTest" tests="11" failures="0" disabled="0" skipped="0" errors="0" time="0.023" timestamp="2025-12-18T19:52:33.683">
    <testcase name="InlineStyleParsing" file="C:\Users\Administrator\Desktop\code\MBink\tests\integration\test_render_pipeline.cpp" line="27" status="run" result="completed" time="0.002" timestamp="2025-12-18T19:52:33.684" classname="RenderPipelineTest" />
    <testcase name="StyleModification" file="C:\Users\Administrator\Desktop\code\MBink\tests\integration\test_render_pipeline.cpp" line="42" status="run" result="completed" time="0." timestamp="2025-12-18T19:52:33.690" classname="RenderPipelineTest" />
    <testcase name="MultipleStyleProperties" file="C:\Users\Administrator\Desktop\code\MBink\tests\integration\test_render_pipeline.cpp" line="53" status="run" result="completed" time="0." timestamp="2025-12-18T19:52:33.692" classname="RenderPipelineTest" />
    <testcase name="PseudoClassHover" file="C:\Users\Administrator\Desktop\code\MBink\tests\integration\test_render_pipeline.cpp" line="70" status="run" result="completed" time="0." timestamp="2025-12-18T19:52:33.693" classname="RenderPipelineTest" />
    <testcase name="PseudoClassActive" file="C:\Users\Administrator\Desktop\code\MBink\tests\integration\test_render_pipeline.cpp" line="83" status="run" result="completed" time="0." timestamp="2025-12-18T19:52:33.694" classname="RenderPipelineTest" />
    <testcase name="PseudoClassFocus" file="C:\Users\Administrator\Desktop\code\MBink\tests\integration\test_render_pipeline.cpp" line="91" status="run" result="completed" time="0." timestamp="2025-12-18T19:52:33.696" classname="RenderPipelineTest" />
    <testcase name="MultiplePseudoClasses" file="C:\Users\Administrator\Desktop\code\MBink\tests\integration\test_render_pipeline.cpp" line="99" status="run" result="completed" time="0." timestamp="2025-12-18T19:52:33.699" classname="RenderPipelineTest" />
    <testcase name="NestedElements" file="C:\Users\Administrator\Desktop\code\MBink\tests\integration\test_render_pipeline.cpp" line="115" status="run" result="completed" time="0." timestamp="2025-12-18T19:52:33.700" classname="RenderPipelineTest" />
    <testcase name="DeeplyNestedElements" file="C:\Users\Administrator\Desktop\code\MBink\tests\integration\test_render_pipeline.cpp" line="133" status="run" result="completed" time="0." timestamp="2025-12-18T19:52:33.701" classname="RenderPipelineTest" />
    <testcase name="AttributeChange" file="C:\Users\Administrator\Desktop\code\MBink\tests\integration\test_render_pipeline.cpp" line="151" status="run" result="completed" time="0." timestamp="2025-12-18T19:52:33.703" classname="RenderPipelineTest" />
    <testcase name="ClassChange" file="C:\Users\Administrator\Desktop\code\MBink\tests\integration\test_render_pipeline.cpp" line="165" status="run" result="completed" time="0." timestamp="2025-12-18T19:52:33.705" classname="RenderPipelineTest" />
  </testsuite>
  <testsuite name="EventDispatchTest" tests="15" failures="0" disabled="0" skipped="0" errors="0" time="0.047" timestamp="2025-12-18T19:52:33.709">
    <testcase name="EventCreation" file="C:\Users\Administrator\Desktop\code\MBink\tests\integration\test_event_dispatch.cpp" line="19" status="run" result="completed" time="0." timestamp="2025-12-18T19:52:33.709" classname="EventDispatchTest" />
    <testcase name="EventNoBubbles" file="C:\Users\Administrator\Desktop\code\MBink\tests\integration\test_event_dispatch.cpp" line="27" status="run" result="completed" time="0." timestamp="2025-12-18T19:52:33.710" classname="EventDispatchTest" />
    <testcase name="StopPropagation" file="C:\Users\Administrator\Desktop\code\MBink\tests\integration\test_event_dispatch.cpp" line="34" status="run" result="completed" time="0." timestamp="2025-12-18T19:52:33.712" classname="EventDispatchTest" />
    <testcase name="PreventDefault" file="C:\Users\Administrator\Desktop\code\MBink\tests\integration\test_event_dispatch.cpp" line="42" status="run" result="completed" time="0." timestamp="2025-12-18T19:52:33.713" classname="EventDispatchTest" />
    <testcase name="StopImmediatePropagation" file="C:\Users\Administrator\Desktop\code\MBink\tests\integration\test_event_dispatch.cpp" line="50" status="run" result="completed" time="0." timestamp="2025-12-18T19:52:33.715" classname="EventDispatchTest" />
    <testcase name="AddEventListener" file="C:\Users\Administrator\Desktop\code\MBink\tests\integration\test_event_dispatch.cpp" line="60" status="run" result="completed" time="0." timestamp="2025-12-18T19:52:33.716" classname="EventDispatchTest" />
    <testcase name="MultipleListeners" file="C:\Users\Administrator\Desktop\code\MBink\tests\integration\test_event_dispatch.cpp" line="75" status="run" result="completed" time="0." timestamp="2025-12-18T19:52:33.718" classname="EventDispatchTest" />
    <testcase name="RemoveEventListener" file="C:\Users\Administrator\Desktop\code\MBink\tests\integration\test_event_dispatch.cpp" line="90" status="run" result="completed" time="0." timestamp="2025-12-18T19:52:33.719" classname="EventDispatchTest" />
    <testcase name="OnceOption" file="C:\Users\Administrator\Desktop\code\MBink\tests\integration\test_event_dispatch.cpp" line="111" status="run" result="completed" time="0.001" timestamp="2025-12-18T19:52:33.727" classname="EventDispatchTest" />
    <testcase name="DifferentEventTypes" file="C:\Users\Administrator\Desktop\code\MBink\tests\integration\test_event_dispatch.cpp" line="129" status="run" result="completed" time="0." timestamp="2025-12-18T19:52:33.738" classname="EventDispatchTest" />
    <testcase name="MouseEventCreation" file="C:\Users\Administrator\Desktop\code\MBink\tests\integration\test_event_dispatch.cpp" line="153" status="run" result="completed" time="0." timestamp="2025-12-18T19:52:33.746" classname="EventDispatchTest" />
    <testcase name="KeyboardEventCreation" file="C:\Users\Administrator\Desktop\code\MBink\tests\integration\test_event_dispatch.cpp" line="164" status="run" result="completed" time="0." timestamp="2025-12-18T19:52:33.748" classname="EventDispatchTest" />
    <testcase name="KeyboardEventModifierState" file="C:\Users\Administrator\Desktop\code\MBink\tests\integration\test_event_dispatch.cpp" line="175" status="run" result="completed" time="0." timestamp="2025-12-18T19:52:33.750" classname="EventDispatchTest" />
    <testcase name="AnimationEventCreation" file="C:\Users\Administrator\Desktop\code\MBink\tests\integration\test_event_dispatch.cpp" line="186" status="run" result="completed" time="0." timestamp="2025-12-18T19:52:33.752" classname="EventDispatchTest" />
    <testcase name="CustomEvent" file="C:\Users\Administrator\Desktop\code\MBink\tests\integration\test_event_dispatch.cpp" line="197" status="run" result="completed" time="0." timestamp="2025-12-18T19:52:33.754" classname="EventDispatchTest" />
  </testsuite>
  <testsuite name="HTMLLoadingTest" tests="12" failures="2" disabled="0" skipped="0" errors="0" time="0.041" timestamp="2025-12-18T19:52:33.757">
    <testcase name="LoadBasicHTML" file="C:\Users\Administrator\Desktop\code\MBink\tests\integration\test_html_loading.cpp" line="18" status="run" result="completed" time="0.001" timestamp="2025-12-18T19:52:33.758" classname="HTMLLoadingTest" />
    <testcase name="LoadComplexHTML" file="C:\Users\Administrator\Desktop\code\MBink\tests\integration\test_html_loading.cpp" line="39" status="run" result="completed" time="0.002" timestamp="2025-12-18T19:52:33.761" classname="HTMLLoadingTest" />
    <testcase name="LoadFormElements" file="C:\Users\Administrator\Desktop\code\MBink\tests\integration\test_html_loading.cpp" line="100" status="run" result="completed" time="0.001" timestamp="2025-12-18T19:52:33.764" classname="HTMLLoadingTest" />
    <testcase name="LoadTable" file="C:\Users\Administrator\Desktop\code\MBink\tests\integration\test_html_loading.cpp" line="146" status="run" result="completed" time="0.001" timestamp="2025-12-18T19:52:33.768" classname="HTMLLoadingTest" />
    <testcase name="LoadInlineStyles" file="C:\Users\Administrator\Desktop\code\MBink\tests\integration\test_html_loading.cpp" line="196" status="run" result="completed" time="0.002" timestamp="2025-12-18T19:52:33.772" classname="HTMLLoadingTest">
      <failure message="C:\Users\Administrator\Desktop\code\MBink\tests\integration\test_html_loading.cpp:211&#x0A;Expected equality of these values:&#x0A;  elem-&gt;GetStyle(&quot;color&quot;)&#x0A;    Which is: &quot;&quot;&#x0A;  &quot;red&quot;&#x0A;" type=""><![CDATA[C:\Users\Administrator\Desktop\code\MBink\tests\integration\test_html_loading.cpp:211
Expected equality of these values:
  elem->GetStyle("color")
    Which is: ""
  "red"
]]></failure>
      <failure message="C:\Users\Administrator\Desktop\code\MBink\tests\integration\test_html_loading.cpp:212&#x0A;Expected equality of these values:&#x0A;  elem-&gt;GetStyle(&quot;font-size&quot;)&#x0A;    Which is: &quot;&quot;&#x0A;  &quot;16px&quot;&#x0A;" type=""><![CDATA[C:\Users\Administrator\Desktop\code\MBink\tests\integration\test_html_loading.cpp:212
Expected equality of these values:
  elem->GetStyle("font-size")
    Which is: ""
  "16px"
]]></failure>
    </testcase>
    <testcase name="LoadDataAttributes" file="C:\Users\Administrator\Desktop\code\MBink\tests\integration\test_html_loading.cpp" line="217" status="run" result="completed" time="0." timestamp="2025-12-18T19:52:33.777" classname="HTMLLoadingTest" />
    <testcase name="LoadSpecialCharacters" file="C:\Users\Administrator\Desktop\code\MBink\tests\integration\test_html_loading.cpp" line="242" status="run" result="completed" time="0.001" timestamp="2025-12-18T19:52:33.780" classname="HTMLLoadingTest" />
    <testcase name="LoadSelfClosingTags" file="C:\Users\Administrator\Desktop\code\MBink\tests\integration\test_html_loading.cpp" line="268" status="run" result="completed" time="0.001" timestamp="2025-12-18T19:52:33.783" classname="HTMLLoadingTest" />
    <testcase name="LoadWithComments" file="C:\Users\Administrator\Desktop\code\MBink\tests\integration\test_html_loading.cpp" line="292" status="run" result="completed" time="0.001" timestamp="2025-12-18T19:52:33.787" classname="HTMLLoadingTest" />
    <testcase name="LoadMalformedHTML" file="C:\Users\Administrator\Desktop\code\MBink\tests\integration\test_html_loading.cpp" line="314" status="run" result="completed" time="0.001" timestamp="2025-12-18T19:52:33.790" classname="HTMLLoadingTest" />
    <testcase name="LoadEmptyHTML" file="C:\Users\Administrator\Desktop\code\MBink\tests\integration\test_html_loading.cpp" line="332" status="run" result="completed" time="0." timestamp="2025-12-18T19:52:33.793" classname="HTMLLoadingTest" />
    <testcase name="SaveHTML" file="C:\Users\Administrator\Desktop\code\MBink\tests\integration\test_html_loading.cpp" line="342" status="run" result="completed" time="0.002" timestamp="2025-12-18T19:52:33.795" classname="HTMLLoadingTest">
      <failure message="C:\Users\Administrator\Desktop\code\MBink\tests\integration\test_html_loading.cpp:363&#x0A;Value of: html.find(&quot;modified&quot;) != std::string::npos&#x0A;  Actual: false&#x0A;Expected: true&#x0A;" type=""><![CDATA[C:\Users\Administrator\Desktop\code\MBink\tests\integration\test_html_loading.cpp:363
Value of: html.find("modified") != std::string::npos
  Actual: false
Expected: true
]]></failure>
      <failure message="C:\Users\Administrator\Desktop\code\MBink\tests\integration\test_html_loading.cpp:364&#x0A;Value of: html.find(&quot;data-modified&quot;) != std::string::npos&#x0A;  Actual: false&#x0A;Expected: true&#x0A;" type=""><![CDATA[C:\Users\Administrator\Desktop\code\MBink\tests\integration\test_html_loading.cpp:364
Value of: html.find("data-modified") != std::string::npos
  Actual: false
Expected: true
]]></failure>
    </testcase>
  </testsuite>
  <testsuite name="JavaScriptIntegrationTest" tests="10" failures="0" disabled="0" skipped="0" errors="0" time="0.029" timestamp="2025-12-18T19:52:33.800">
    <testcase name="CreateAndAppendElement" file="C:\Users\Administrator\Desktop\code\MBink\tests\integration\test_javascript_integration.cpp" line="30" status="run" result="completed" time="0." timestamp="2025-12-18T19:52:33.802" classname="JavaScriptIntegrationTest" />
    <testcase name="ModifyExistingElement" file="C:\Users\Administrator\Desktop\code\MBink\tests\integration\test_javascript_integration.cpp" line="56" status="run" result="completed" time="0." timestamp="2025-12-18T19:52:33.805" classname="JavaScriptIntegrationTest" />
    <testcase name="RemoveElement" file="C:\Users\Administrator\Desktop\code\MBink\tests\integration\test_javascript_integration.cpp" line="85" status="run" result="completed" time="0." timestamp="2025-12-18T19:52:33.808" classname="JavaScriptIntegrationTest" />
    <testcase name="QuerySelector" file="C:\Users\Administrator\Desktop\code\MBink\tests\integration\test_javascript_integration.cpp" line="105" status="run" result="completed" time="0.001" timestamp="2025-12-18T19:52:33.810" classname="JavaScriptIntegrationTest" />
    <testcase name="QuerySelectorWithModification" file="C:\Users\Administrator\Desktop\code\MBink\tests\integration\test_javascript_integration.cpp" line="124" status="run" result="completed" time="0." timestamp="2025-12-18T19:52:33.814" classname="JavaScriptIntegrationTest" />
    <testcase name="SetInnerHTML" file="C:\Users\Administrator\Desktop\code\MBink\tests\integration\test_javascript_integration.cpp" line="150" status="run" result="completed" time="0.001" timestamp="2025-12-18T19:52:33.816" classname="JavaScriptIntegrationTest" />
    <testcase name="GetInnerHTML" file="C:\Users\Administrator\Desktop\code\MBink\tests\integration\test_javascript_integration.cpp" line="165" status="run" result="completed" time="0." timestamp="2025-12-18T19:52:33.819" classname="JavaScriptIntegrationTest" />
    <testcase name="ClassListOperations" file="C:\Users\Administrator\Desktop\code\MBink\tests\integration\test_javascript_integration.cpp" line="181" status="run" result="completed" time="0." timestamp="2025-12-18T19:52:33.822" classname="JavaScriptIntegrationTest" />
    <testcase name="StyleOperations" file="C:\Users\Administrator\Desktop\code\MBink\tests\integration\test_javascript_integration.cpp" line="211" status="run" result="completed" time="0." timestamp="2025-12-18T19:52:33.824" classname="JavaScriptIntegrationTest" />
    <testcase name="TodoAppSimulation" file="C:\Users\Administrator\Desktop\code\MBink\tests\integration\test_javascript_integration.cpp" line="231" status="run" result="completed" time="0." timestamp="2025-12-18T19:52:33.828" classname="JavaScriptIntegrationTest" />
  </testsuite>
  <testsuite name="IncrementalLayoutIntegrationTest" tests="10" failures="0" disabled="0" skipped="0" errors="0" time="0.327" timestamp="2025-12-18T19:52:33.833">
    <testcase name="ClockUpdateOnlyRelayoutsClockNode" file="C:\Users\Administrator\Desktop\code\MBink\tests\integration\test_incremental_layout_integration.cpp" line="104" status="run" result="completed" time="0.23" timestamp="2025-12-18T19:52:33.834" classname="IncrementalLayoutIntegrationTest" />
    <testcase name="MultipleClockUpdatesUseCache" file="C:\Users\Administrator\Desktop\code\MBink\tests\integration\test_incremental_layout_integration.cpp" line="182" status="run" result="completed" time="0.011" timestamp="2025-12-18T19:52:34.067" classname="IncrementalLayoutIntegrationTest" />
    <testcase name="ClockInFixedContainerIsolatesChanges" file="C:\Users\Administrator\Desktop\code\MBink\tests\integration\test_incremental_layout_integration.cpp" line="235" status="run" result="completed" time="0.022" timestamp="2025-12-18T19:52:34.079" classname="IncrementalLayoutIntegrationTest" />
    <testcase name="AddListItemOnlyLayoutsNewItem" file="C:\Users\Administrator\Desktop\code\MBink\tests\integration\test_incremental_layout_integration.cpp" line="278" status="run" result="completed" time="0.002" timestamp="2025-12-18T19:52:34.102" classname="IncrementalLayoutIntegrationTest" />
    <testcase name="AddMultipleListItemsIncrementally" file="C:\Users\Administrator\Desktop\code\MBink\tests\integration\test_incremental_layout_integration.cpp" line="346" status="run" result="completed" time="0." timestamp="2025-12-18T19:52:34.107" classname="IncrementalLayoutIntegrationTest" />
    <testcase name="ExistingItemsInFixedListUseCache" file="C:\Users\Administrator\Desktop\code\MBink\tests\integration\test_incremental_layout_integration.cpp" line="387" status="run" result="completed" time="0.001" timestamp="2025-12-18T19:52:34.110" classname="IncrementalLayoutIntegrationTest" />
    <testcase name="WindowResizeTriggersFullLayout" file="C:\Users\Administrator\Desktop\code\MBink\tests\integration\test_incremental_layout_integration.cpp" line="443" status="run" result="completed" time="0.001" timestamp="2025-12-18T19:52:34.113" classname="IncrementalLayoutIntegrationTest" />
    <testcase name="ResizeClearsCachesCorrectly" file="C:\Users\Administrator\Desktop\code\MBink\tests\integration\test_incremental_layout_integration.cpp" line="482" status="run" result="completed" time="0." timestamp="2025-12-18T19:52:34.118" classname="IncrementalLayoutIntegrationTest" />
    <testcase name="MultipleResizeOperations" file="C:\Users\Administrator\Desktop\code\MBink\tests\integration\test_incremental_layout_integration.cpp" line="516" status="run" result="completed" time="0." timestamp="2025-12-18T19:52:34.121" classname="IncrementalLayoutIntegrationTest" />
    <testcase name="ResizeThenIncrementalUpdate" file="C:\Users\Administrator\Desktop\code\MBink\tests\integration\test_incremental_layout_integration.cpp" line="546" status="run" result="completed" time="0.035" timestamp="2025-12-18T19:52:34.125" classname="IncrementalLayoutIntegrationTest" />
  </testsuite>
</testsuites>
