<?xml version="1.0" encoding="UTF-8"?>
<testsuites tests="23" failures="0" disabled="0" errors="0" time="0.189" timestamp="2025-12-22T18:36:12.880" name="AllTests">
  <testsuite name="NodeTest" tests="23" failures="0" disabled="0" skipped="0" errors="0" time="0.173" timestamp="2025-12-22T18:36:12.895">
    <testcase name="ElementNodeType" file="C:\Users\Administrator\Desktop\code\MBink\tests\unit\dom\test_node.cpp" line="27" status="run" result="completed" time="0.01" timestamp="2025-12-22T18:36:12.896" classname="NodeTest" />
    <testcase name="TextNodeType" file="C:\Users\Administrator\Desktop\code\MBink\tests\unit\dom\test_node.cpp" line="32" status="run" result="completed" time="0." timestamp="2025-12-22T18:36:12.912" classname="NodeTest" />
    <testcase name="DocumentNodeType" file="C:\Users\Administrator\Desktop\code\MBink\tests\unit\dom\test_node.cpp" line="37" status="run" result="completed" time="0." timestamp="2025-12-22T18:36:12.914" classname="NodeTest" />
    <testcase name="AppendChild" file="C:\Users\Administrator\Desktop\code\MBink\tests\unit\dom\test_node.cpp" line="43" status="run" result="completed" time="0.006" timestamp="2025-12-22T18:36:12.916" classname="NodeTest" />
    <testcase name="AppendMultipleChildren" file="C:\Users\Administrator\Desktop\code\MBink\tests\unit\dom\test_node.cpp" line="54" status="run" result="completed" time="0." timestamp="2025-12-22T18:36:12.931" classname="NodeTest" />
    <testcase name="InsertBefore" file="C:\Users\Administrator\Desktop\code\MBink\tests\unit\dom\test_node.cpp" line="69" status="run" result="completed" time="0." timestamp="2025-12-22T18:36:12.932" classname="NodeTest" />
    <testcase name="InsertBeforeNull" file="C:\Users\Administrator\Desktop\code\MBink\tests\unit\dom\test_node.cpp" line="86" status="run" result="completed" time="0." timestamp="2025-12-22T18:36:12.933" classname="NodeTest" />
    <testcase name="RemoveChild" file="C:\Users\Administrator\Desktop\code\MBink\tests\unit\dom\test_node.cpp" line="97" status="run" result="completed" time="0." timestamp="2025-12-22T18:36:12.934" classname="NodeTest" />
    <testcase name="ReplaceChild" file="C:\Users\Administrator\Desktop\code\MBink\tests\unit\dom\test_node.cpp" line="111" status="run" result="completed" time="0." timestamp="2025-12-22T18:36:12.934" classname="NodeTest" />
    <testcase name="GetNextSibling" file="C:\Users\Administrator\Desktop\code\MBink\tests\unit\dom\test_node.cpp" line="127" status="run" result="completed" time="0." timestamp="2025-12-22T18:36:12.935" classname="NodeTest" />
    <testcase name="GetPreviousSibling" file="C:\Users\Administrator\Desktop\code\MBink\tests\unit\dom\test_node.cpp" line="142" status="run" result="completed" time="0." timestamp="2025-12-22T18:36:12.935" classname="NodeTest" />
    <testcase name="ContainsDirectChild" file="C:\Users\Administrator\Desktop\code\MBink\tests\unit\dom\test_node.cpp" line="159" status="run" result="completed" time="0." timestamp="2025-12-22T18:36:12.937" classname="NodeTest" />
    <testcase name="ContainsDeepChild" file="C:\Users\Administrator\Desktop\code\MBink\tests\unit\dom\test_node.cpp" line="169" status="run" result="completed" time="0." timestamp="2025-12-22T18:36:12.938" classname="NodeTest" />
    <testcase name="ContainsSelf" file="C:\Users\Administrator\Desktop\code\MBink\tests\unit\dom\test_node.cpp" line="182" status="run" result="completed" time="0." timestamp="2025-12-22T18:36:12.938" classname="NodeTest" />
    <testcase name="GetTextContentFromElement" file="C:\Users\Administrator\Desktop\code\MBink\tests\unit\dom\test_node.cpp" line="189" status="run" result="completed" time="0." timestamp="2025-12-22T18:36:12.939" classname="NodeTest" />
    <testcase name="SetTextContentOnElement" file="C:\Users\Administrator\Desktop\code\MBink\tests\unit\dom\test_node.cpp" line="202" status="run" result="completed" time="0." timestamp="2025-12-22T18:36:12.941" classname="NodeTest" />
    <testcase name="InitialDirtyState" file="C:\Users\Administrator\Desktop\code\MBink\tests\unit\dom\test_node.cpp" line="215" status="run" result="completed" time="0." timestamp="2025-12-22T18:36:12.942" classname="NodeTest" />
    <testcase name="ClearDirty" file="C:\Users\Administrator\Desktop\code\MBink\tests\unit\dom\test_node.cpp" line="223" status="run" result="completed" time="0." timestamp="2025-12-22T18:36:12.943" classname="NodeTest" />
    <testcase name="MarkDirtyLayout" file="C:\Users\Administrator\Desktop\code\MBink\tests\unit\dom\test_node.cpp" line="232" status="run" result="completed" time="0." timestamp="2025-12-22T18:36:12.943" classname="NodeTest" />
    <testcase name="MarkDirtyPaint" file="C:\Users\Administrator\Desktop\code\MBink\tests\unit\dom\test_node.cpp" line="241" status="run" result="completed" time="0." timestamp="2025-12-22T18:36:12.944" classname="NodeTest" />
    <testcase name="MarkDirtyPropagates" file="C:\Users\Administrator\Desktop\code\MBink\tests\unit\dom\test_node.cpp" line="250" status="run" result="completed" time="0." timestamp="2025-12-22T18:36:12.945" classname="NodeTest" />
    <testcase name="GetOwnerDocument" file="C:\Users\Administrator\Desktop\code\MBink\tests\unit\dom\test_node.cpp" line="267" status="run" result="completed" time="0." timestamp="2025-12-22T18:36:12.945" classname="NodeTest" />
    <testcase name="AppendedChildGetsOwnerDocument" file="C:\Users\Administrator\Desktop\code\MBink\tests\unit\dom\test_node.cpp" line="272" status="run" result="completed" time="0." timestamp="2025-12-22T18:36:12.949" classname="NodeTest" />
  </testsuite>
</testsuites>
