<?xml version="1.0" encoding="UTF-8"?>
<testsuites tests="177" failures="0" disabled="0" errors="0" time="3.337" timestamp="2025-12-22T18:37:24.853" name="AllTests">
  <testsuite name="OutlinePropertyTest" tests="5" failures="0" disabled="0" skipped="0" errors="0" time="0.049" timestamp="2025-12-22T18:37:24.859">
    <testcase name="OutlineWidthRoundTrip" file="C:\Users\Administrator\Desktop\code\MBink\tests\property\render\test_outline_properties.cpp" line="77" status="run" result="completed" time="0.007" timestamp="2025-12-22T18:37:24.860" classname="OutlinePropertyTest" />
    <testcase name="OutlineStyleRoundTrip" file="C:\Users\Administrator\Desktop\code\MBink\tests\property\render\test_outline_properties.cpp" line="100" status="run" result="completed" time="0." timestamp="2025-12-22T18:37:24.869" classname="OutlinePropertyTest" />
    <testcase name="OutlineColorRoundTrip" file="C:\Users\Administrator\Desktop\code\MBink\tests\property\render\test_outline_properties.cpp" line="120" status="run" result="completed" time="0.003" timestamp="2025-12-22T18:37:24.894" classname="OutlinePropertyTest" />
    <testcase name="OutlineOffsetRoundTrip" file="C:\Users\Administrator\Desktop\code\MBink\tests\property\render\test_outline_properties.cpp" line="143" status="run" result="completed" time="0.002" timestamp="2025-12-22T18:37:24.899" classname="OutlinePropertyTest" />
    <testcase name="OutlineDoesNotAffectLayout" file="C:\Users\Administrator\Desktop\code\MBink\tests\property\render\test_outline_properties.cpp" line="167" status="run" result="completed" time="0.002" timestamp="2025-12-22T18:37:24.904" classname="OutlinePropertyTest" />
  </testsuite>
  <testsuite name="TextTransformPropertyTest" tests="9" failures="0" disabled="0" skipped="0" errors="0" time="0.064" timestamp="2025-12-22T18:37:24.910">
    <testcase name="UppercaseLowercasePreservesLength" file="C:\Users\Administrator\Desktop\code\MBink\tests\property\render\test_text_transform_properties.cpp" line="105" status="run" result="completed" time="0.003" timestamp="2025-12-22T18:37:24.911" classname="TextTransformPropertyTest" />
    <testcase name="UppercaseConvertsAllLowercase" file="C:\Users\Administrator\Desktop\code\MBink\tests\property\render\test_text_transform_properties.cpp" line="126" status="run" result="completed" time="0.001" timestamp="2025-12-22T18:37:24.917" classname="TextTransformPropertyTest" />
    <testcase name="LowercaseConvertsAllUppercase" file="C:\Users\Administrator\Desktop\code\MBink\tests\property\render\test_text_transform_properties.cpp" line="151" status="run" result="completed" time="0.001" timestamp="2025-12-22T18:37:24.921" classname="TextTransformPropertyTest" />
    <testcase name="CapitalizeFirstCharacters" file="C:\Users\Administrator\Desktop\code\MBink\tests\property\render\test_text_transform_properties.cpp" line="178" status="run" result="completed" time="0.001" timestamp="2025-12-22T18:37:24.925" classname="TextTransformPropertyTest" />
    <testcase name="NoneIsIdentity" file="C:\Users\Administrator\Desktop\code\MBink\tests\property\render\test_text_transform_properties.cpp" line="212" status="run" result="completed" time="0.001" timestamp="2025-12-22T18:37:24.932" classname="TextTransformPropertyTest" />
    <testcase name="EmptyTransformIsIdentity" file="C:\Users\Administrator\Desktop\code\MBink\tests\property\render\test_text_transform_properties.cpp" line="231" status="run" result="completed" time="0.001" timestamp="2025-12-22T18:37:24.935" classname="TextTransformPropertyTest" />
    <testcase name="DoesNotModifyInput" file="C:\Users\Administrator\Desktop\code\MBink\tests\property\render\test_text_transform_properties.cpp" line="252" status="run" result="completed" time="0.001" timestamp="2025-12-22T18:37:24.940" classname="TextTransformPropertyTest" />
    <testcase name="RenderTextPreservesOriginalText" file="C:\Users\Administrator\Desktop\code\MBink\tests\property\render\test_text_transform_properties.cpp" line="280" status="run" result="completed" time="0.008" timestamp="2025-12-22T18:37:24.944" classname="TextTransformPropertyTest" />
    <testcase name="UpperLowerIdempotence" file="C:\Users\Administrator\Desktop\code\MBink\tests\property\render\test_text_transform_properties.cpp" line="306" status="run" result="completed" time="0.002" timestamp="2025-12-22T18:37:24.955" classname="TextTransformPropertyTest" />
  </testsuite>
  <testsuite name="PointerEventsPropertyTest" tests="5" failures="0" disabled="0" skipped="0" errors="0" time="0.146" timestamp="2025-12-22T18:37:24.982">
    <testcase name="PointerEventsNoneSkipsElementInHitTest" file="C:\Users\Administrator\Desktop\code\MBink\tests\property\render\test_pointer_events_properties.cpp" line="82" status="run" result="completed" time="0.028" timestamp="2025-12-22T18:37:24.983" classname="PointerEventsPropertyTest" />
    <testcase name="PointerEventsAutoIncludesElementInHitTest" file="C:\Users\Administrator\Desktop\code\MBink\tests\property\render\test_pointer_events_properties.cpp" line="137" status="run" result="completed" time="0.009" timestamp="2025-12-22T18:37:25.018" classname="PointerEventsPropertyTest" />
    <testcase name="PointerEventsInheritance" file="C:\Users\Administrator\Desktop\code\MBink\tests\property\render\test_pointer_events_properties.cpp" line="192" status="run" result="completed" time="0.035" timestamp="2025-12-22T18:37:25.031" classname="PointerEventsPropertyTest" />
    <testcase name="ChildCanOverridePointerEventsNone" file="C:\Users\Administrator\Desktop\code\MBink\tests\property\render\test_pointer_events_properties.cpp" line="252" status="run" result="completed" time="0.029" timestamp="2025-12-22T18:37:25.070" classname="PointerEventsPropertyTest" />
    <testcase name="PointerEventsNonePassesThroughToElementsBelow" file="C:\Users\Administrator\Desktop\code\MBink\tests\property\render\test_pointer_events_properties.cpp" line="308" status="run" result="completed" time="0.024" timestamp="2025-12-22T18:37:25.102" classname="PointerEventsPropertyTest" />
  </testsuite>
  <testsuite name="UserSelectPropertyTest" tests="4" failures="0" disabled="0" skipped="0" errors="0" time="0.075" timestamp="2025-12-22T18:37:25.130">
    <testcase name="UserSelectInheritance" file="C:\Users\Administrator\Desktop\code\MBink\tests\property\render\test_user_select_properties.cpp" line="63" status="run" result="completed" time="0.02" timestamp="2025-12-22T18:37:25.131" classname="UserSelectPropertyTest" />
    <testcase name="ChildCanOverrideUserSelect" file="C:\Users\Administrator\Desktop\code\MBink\tests\property\render\test_user_select_properties.cpp" line="100" status="run" result="completed" time="0.017" timestamp="2025-12-22T18:37:25.157" classname="UserSelectPropertyTest" />
    <testcase name="DeepInheritanceChain" file="C:\Users\Administrator\Desktop\code\MBink\tests\property\render\test_user_select_properties.cpp" line="135" status="run" result="completed" time="0.022" timestamp="2025-12-22T18:37:25.177" classname="UserSelectPropertyTest" />
    <testcase name="DefaultValueIsAuto" file="C:\Users\Administrator\Desktop\code\MBink\tests\property\render\test_user_select_properties.cpp" line="177" status="run" result="completed" time="0.003" timestamp="2025-12-22T18:37:25.201" classname="UserSelectPropertyTest" />
  </testsuite>
  <testsuite name="WordBreakPropertyTest" tests="6" failures="0" disabled="0" skipped="0" errors="0" time="0.028" timestamp="2025-12-22T18:37:25.207">
    <testcase name="NormalPreservesWords" file="C:\Users\Administrator\Desktop\code\MBink\tests\property\render\test_word_break_properties.cpp" line="143" status="run" result="completed" time="0.002" timestamp="2025-12-22T18:37:25.208" classname="WordBreakPropertyTest" />
    <testcase name="NormalBreaksAtWhitespace" file="C:\Users\Administrator\Desktop\code\MBink\tests\property\render\test_word_break_properties.cpp" line="192" status="run" result="completed" time="0.01" timestamp="2025-12-22T18:37:25.212" classname="WordBreakPropertyTest" />
    <testcase name="BreakAllAllowsAnyBreak" file="C:\Users\Administrator\Desktop\code\MBink\tests\property\render\test_word_break_properties.cpp" line="249" status="run" result="completed" time="0." timestamp="2025-12-22T18:37:25.226" classname="WordBreakPropertyTest" />
    <testcase name="BreakAllCanBreakBetweenAnyChars" file="C:\Users\Administrator\Desktop\code\MBink\tests\property\render\test_word_break_properties.cpp" line="291" status="run" result="completed" time="0.002" timestamp="2025-12-22T18:37:25.229" classname="WordBreakPropertyTest" />
    <testcase name="KeepAllPreservesCJK" file="C:\Users\Administrator\Desktop\code\MBink\tests\property\render\test_word_break_properties.cpp" line="328" status="run" result="completed" time="0." timestamp="2025-12-22T18:37:25.233" classname="WordBreakPropertyTest" />
    <testcase name="ComputedStyleStoresWordBreak" file="C:\Users\Administrator\Desktop\code\MBink\tests\property\render\test_word_break_properties.cpp" line="370" status="run" result="completed" time="0." timestamp="2025-12-22T18:37:25.235" classname="WordBreakPropertyTest" />
  </testsuite>
  <testsuite name="ObjectFitPropertyTest" tests="11" failures="0" disabled="0" skipped="0" errors="0" time="0.31" timestamp="2025-12-22T18:37:25.238">
    <testcase name="ValidObjectFitValuesAreParsed" file="C:\Users\Administrator\Desktop\code\MBink\tests\property\render\test_object_fit_properties.cpp" line="120" status="run" result="completed" time="0.064" timestamp="2025-12-22T18:37:25.238" classname="ObjectFitPropertyTest" />
    <testcase name="InvalidObjectFitValuesAreIgnored" file="C:\Users\Administrator\Desktop\code\MBink\tests\property\render\test_object_fit_properties.cpp" line="143" status="run" result="completed" time="0.023" timestamp="2025-12-22T18:37:25.308" classname="ObjectFitPropertyTest" />
    <testcase name="ObjectPositionDefaultsToCenter" file="C:\Users\Administrator\Desktop\code\MBink\tests\property\render\test_object_fit_properties.cpp" line="166" status="run" result="completed" time="0.026" timestamp="2025-12-22T18:37:25.334" classname="ObjectFitPropertyTest" />
    <testcase name="ObjectPositionKeywordsAreParsed" file="C:\Users\Administrator\Desktop\code\MBink\tests\property\render\test_object_fit_properties.cpp" line="189" status="run" result="completed" time="0.026" timestamp="2025-12-22T18:37:25.373" classname="ObjectFitPropertyTest" />
    <testcase name="ObjectPositionPercentagesAreParsed" file="C:\Users\Administrator\Desktop\code\MBink\tests\property\render\test_object_fit_properties.cpp" line="212" status="run" result="completed" time="0.034" timestamp="2025-12-22T18:37:25.410" classname="ObjectFitPropertyTest" />
    <testcase name="ObjectPositionLengthsAreParsed" file="C:\Users\Administrator\Desktop\code\MBink\tests\property\render\test_object_fit_properties.cpp" line="235" status="run" result="completed" time="0.023" timestamp="2025-12-22T18:37:25.446" classname="ObjectFitPropertyTest" />
    <testcase name="ObjectPositionMixedValuesAreParsed" file="C:\Users\Administrator\Desktop\code\MBink\tests\property\render\test_object_fit_properties.cpp" line="258" status="run" result="completed" time="0.02" timestamp="2025-12-22T18:37:25.475" classname="ObjectFitPropertyTest" />
    <testcase name="ObjectFitAndPositionCombined" file="C:\Users\Administrator\Desktop\code\MBink\tests\property\render\test_object_fit_properties.cpp" line="281" status="run" result="completed" time="0.03" timestamp="2025-12-22T18:37:25.497" classname="ObjectFitPropertyTest" />
    <testcase name="ObjectFitDefaultsToFill" file="C:\Users\Administrator\Desktop\code\MBink\tests\property\render\test_object_fit_properties.cpp" line="309" status="run" result="completed" time="0.012" timestamp="2025-12-22T18:37:25.529" classname="ObjectFitPropertyTest" />
    <testcase name="ObjectFitCoverFillsContainer" file="C:\Users\Administrator\Desktop\code\MBink\tests\property\render\test_object_fit_properties.cpp" line="331" status="run" result="completed" time="0.001" timestamp="2025-12-22T18:37:25.543" classname="ObjectFitPropertyTest" />
    <testcase name="ObjectFitContainPreservesAspectRatio" file="C:\Users\Administrator\Desktop\code\MBink\tests\property\render\test_object_fit_properties.cpp" line="395" status="run" result="completed" time="0.001" timestamp="2025-12-22T18:37:25.546" classname="ObjectFitPropertyTest" />
  </testsuite>
  <testsuite name="ListStylePropertyTest" tests="11" failures="0" disabled="0" skipped="0" errors="0" time="0.258" timestamp="2025-12-22T18:37:25.549">
    <testcase name="ListStyleTypeInheritance" file="C:\Users\Administrator\Desktop\code\MBink\tests\property\render\test_list_style_properties.cpp" line="94" status="run" result="completed" time="0.046" timestamp="2025-12-22T18:37:25.549" classname="ListStylePropertyTest" />
    <testcase name="ListStyleNoneHidesMarker" file="C:\Users\Administrator\Desktop\code\MBink\tests\property\render\test_list_style_properties.cpp" line="124" status="run" result="completed" time="0.019" timestamp="2025-12-22T18:37:25.597" classname="ListStylePropertyTest" />
    <testcase name="DecimalListMarkersSequential" file="C:\Users\Administrator\Desktop\code\MBink\tests\property\render\test_list_style_properties.cpp" line="155" status="run" result="completed" time="0.001" timestamp="2025-12-22T18:37:25.637" classname="ListStylePropertyTest" />
    <testcase name="ValidListStyleTypesAreParsed" file="C:\Users\Administrator\Desktop\code\MBink\tests\property\render\test_list_style_properties.cpp" line="181" status="run" result="completed" time="0.03" timestamp="2025-12-22T18:37:25.640" classname="ListStylePropertyTest" />
    <testcase name="InvalidListStyleTypesAreIgnored" file="C:\Users\Administrator\Desktop\code\MBink\tests\property\render\test_list_style_properties.cpp" line="205" status="run" result="completed" time="0.01" timestamp="2025-12-22T18:37:25.672" classname="ListStylePropertyTest" />
    <testcase name="ListStylePositionParsing" file="C:\Users\Administrator\Desktop\code\MBink\tests\property\render\test_list_style_properties.cpp" line="229" status="run" result="completed" time="0.053" timestamp="2025-12-22T18:37:25.684" classname="ListStylePropertyTest" />
    <testcase name="ListStylePositionInheritance" file="C:\Users\Administrator\Desktop\code\MBink\tests\property\render\test_list_style_properties.cpp" line="253" status="run" result="completed" time="0.018" timestamp="2025-12-22T18:37:25.740" classname="ListStylePropertyTest" />
    <testcase name="RomanNumeralConversion" file="C:\Users\Administrator\Desktop\code\MBink\tests\property\render\test_list_style_properties.cpp" line="283" status="run" result="completed" time="0.003" timestamp="2025-12-22T18:37:25.770" classname="ListStylePropertyTest" />
    <testcase name="AlphaConversion" file="C:\Users\Administrator\Desktop\code\MBink\tests\property\render\test_list_style_properties.cpp" line="335" status="run" result="completed" time="0." timestamp="2025-12-22T18:37:25.782" classname="ListStylePropertyTest" />
    <testcase name="DecimalLeadingZero" file="C:\Users\Administrator\Desktop\code\MBink\tests\property\render\test_list_style_properties.cpp" line="379" status="run" result="completed" time="0." timestamp="2025-12-22T18:37:25.785" classname="ListStylePropertyTest" />
    <testcase name="ListStyleShorthandParsing" file="C:\Users\Administrator\Desktop\code\MBink\tests\property\render\test_list_style_properties.cpp" line="406" status="run" result="completed" time="0.017" timestamp="2025-12-22T18:37:25.789" classname="ListStylePropertyTest" />
  </testsuite>
  <testsuite name="AspectRatioPropertyTest" tests="7" failures="0" disabled="0" skipped="0" errors="0" time="0.187" timestamp="2025-12-22T18:37:25.815">
    <testcase name="AspectRatioCalculatesMissingHeight" file="C:\Users\Administrator\Desktop\code\MBink\tests\property\render\test_aspect_ratio_properties.cpp" line="126" status="run" result="completed" time="0.018" timestamp="2025-12-22T18:37:25.824" classname="AspectRatioPropertyTest" />
    <testcase name="AspectRatioCalculatesMissingWidth" file="C:\Users\Administrator\Desktop\code\MBink\tests\property\render\test_aspect_ratio_properties.cpp" line="165" status="run" result="completed" time="0.038" timestamp="2025-12-22T18:37:25.845" classname="AspectRatioPropertyTest" />
    <testcase name="AspectRatioIgnoredWhenBothDimensionsSet" file="C:\Users\Administrator\Desktop\code\MBink\tests\property\render\test_aspect_ratio_properties.cpp" line="205" status="run" result="completed" time="0.019" timestamp="2025-12-22T18:37:25.888" classname="AspectRatioPropertyTest" />
    <testcase name="AspectRatioAutoValue" file="C:\Users\Administrator\Desktop\code\MBink\tests\property\render\test_aspect_ratio_properties.cpp" line="248" status="run" result="completed" time="0.008" timestamp="2025-12-22T18:37:25.913" classname="AspectRatioPropertyTest" />
    <testcase name="AspectRatioDefaultsToAuto" file="C:\Users\Administrator\Desktop\code\MBink\tests\property\render\test_aspect_ratio_properties.cpp" line="272" status="run" result="completed" time="0.017" timestamp="2025-12-22T18:37:25.931" classname="AspectRatioPropertyTest" />
    <testcase name="AspectRatioLayoutStyleConversion" file="C:\Users\Administrator\Desktop\code\MBink\tests\property\render\test_aspect_ratio_properties.cpp" line="296" status="run" result="completed" time="0.026" timestamp="2025-12-22T18:37:25.951" classname="AspectRatioPropertyTest" />
    <testcase name="AspectRatioAutoLayoutStyleConversion" file="C:\Users\Administrator\Desktop\code\MBink\tests\property\render\test_aspect_ratio_properties.cpp" line="339" status="run" result="completed" time="0.017" timestamp="2025-12-22T18:37:25.981" classname="AspectRatioPropertyTest" />
  </testsuite>
  <testsuite name="ClipPathPropertyTest" tests="8" failures="0" disabled="0" skipped="0" errors="0" time="0.244" timestamp="2025-12-22T18:37:26.012">
    <testcase name="ClipPathNoneDoesNotApplyClipping" file="C:\Users\Administrator\Desktop\code\MBink\tests\property\render\test_clip_path_properties.cpp" line="192" status="run" result="completed" time="0.011" timestamp="2025-12-22T18:37:26.013" classname="ClipPathPropertyTest" />
    <testcase name="InsetCalculatesCorrectClipRegion" file="C:\Users\Administrator\Desktop\code\MBink\tests\property\render\test_clip_path_properties.cpp" line="211" status="run" result="completed" time="0.055" timestamp="2025-12-22T18:37:26.028" classname="ClipPathPropertyTest" />
    <testcase name="CircleCalculatesCorrectClipRegion" file="C:\Users\Administrator\Desktop\code\MBink\tests\property\render\test_clip_path_properties.cpp" line="258" status="run" result="completed" time="0.021" timestamp="2025-12-22T18:37:26.086" classname="ClipPathPropertyTest" />
    <testcase name="EllipseCalculatesCorrectClipRegion" file="C:\Users\Administrator\Desktop\code\MBink\tests\property\render\test_clip_path_properties.cpp" line="304" status="run" result="completed" time="0.025" timestamp="2025-12-22T18:37:26.111" classname="ClipPathPropertyTest" />
    <testcase name="PolygonCalculatesCorrectClipRegion" file="C:\Users\Administrator\Desktop\code\MBink\tests\property\render\test_clip_path_properties.cpp" line="340" status="run" result="completed" time="0.053" timestamp="2025-12-22T18:37:26.139" classname="ClipPathPropertyTest" />
    <testcase name="PercentageValuesScaleWithBounds" file="C:\Users\Administrator\Desktop\code\MBink\tests\property\render\test_clip_path_properties.cpp" line="380" status="run" result="completed" time="0.002" timestamp="2025-12-22T18:37:26.196" classname="ClipPathPropertyTest" />
    <testcase name="DefaultClipPathIsNone" file="C:\Users\Administrator\Desktop\code\MBink\tests\property\render\test_clip_path_properties.cpp" line="428" status="run" result="completed" time="0.021" timestamp="2025-12-22T18:37:26.201" classname="ClipPathPropertyTest" />
    <testcase name="AllClipPathTypesCanBeParsed" file="C:\Users\Administrator\Desktop\code\MBink\tests\property\render\test_clip_path_properties.cpp" line="448" status="run" result="completed" time="0.027" timestamp="2025-12-22T18:37:26.227" classname="ClipPathPropertyTest" />
  </testsuite>
  <testsuite name="ContentVersionPropertyTest" tests="7" failures="0" disabled="0" skipped="0" errors="0" time="0.017" timestamp="2025-12-22T18:37:26.262">
    <testcase name="VersionAlwaysIncreases" file="C:\Users\Administrator\Desktop\code\MBink\tests\property\layout\test_content_version_properties.cpp" line="54" status="run" result="completed" time="0.001" timestamp="2025-12-22T18:37:26.263" classname="ContentVersionPropertyTest" />
    <testcase name="VersionAlwaysPositive" file="C:\Users\Administrator\Desktop\code\MBink\tests\property\layout\test_content_version_properties.cpp" line="86" status="run" result="completed" time="0." timestamp="2025-12-22T18:37:26.267" classname="ContentVersionPropertyTest" />
    <testcase name="VersionEqualsCallCount" file="C:\Users\Administrator\Desktop\code\MBink\tests\property\layout\test_content_version_properties.cpp" line="107" status="run" result="completed" time="0." timestamp="2025-12-22T18:37:26.270" classname="ContentVersionPropertyTest" />
    <testcase name="GetCurrentVersionMatchesLastGenerated" file="C:\Users\Administrator\Desktop\code\MBink\tests\property\layout\test_content_version_properties.cpp" line="137" status="run" result="completed" time="0." timestamp="2025-12-22T18:37:26.273" classname="ContentVersionPropertyTest" />
    <testcase name="VersionIncrementsByOne" file="C:\Users\Administrator\Desktop\code\MBink\tests\property\layout\test_content_version_properties.cpp" line="175" status="run" result="completed" time="0." timestamp="2025-12-22T18:37:26.275" classname="ContentVersionPropertyTest" />
    <testcase name="SingletonConsistency" file="C:\Users\Administrator\Desktop\code\MBink\tests\property\layout\test_content_version_properties.cpp" line="198" status="run" result="completed" time="0." timestamp="2025-12-22T18:37:26.277" classname="ContentVersionPropertyTest" />
    <testcase name="ResetResetsToZero" file="C:\Users\Administrator\Desktop\code\MBink\tests\property\layout\test_content_version_properties.cpp" line="216" status="run" result="completed" time="0." timestamp="2025-12-22T18:37:26.279" classname="ContentVersionPropertyTest" />
  </testsuite>
  <testsuite name="CacheVersionPropertyTest" tests="8" failures="0" disabled="0" skipped="0" errors="0" time="0.034" timestamp="2025-12-22T18:37:26.282">
    <testcase name="VersionMismatchReturnsCacheMiss" file="C:\Users\Administrator\Desktop\code\MBink\tests\property\layout\test_cache_version_properties.cpp" line="108" status="run" result="completed" time="0." timestamp="2025-12-22T18:37:26.284" classname="CacheVersionPropertyTest" />
    <testcase name="VersionMatchReturnsCacheHit" file="C:\Users\Administrator\Desktop\code\MBink\tests\property\layout\test_cache_version_properties.cpp" line="144" status="run" result="completed" time="0." timestamp="2025-12-22T18:37:26.286" classname="CacheVersionPropertyTest" />
    <testcase name="ZeroVersionSkipsVersionCheck" file="C:\Users\Administrator\Desktop\code\MBink\tests\property\layout\test_cache_version_properties.cpp" line="185" status="run" result="completed" time="0." timestamp="2025-12-22T18:37:26.289" classname="CacheVersionPropertyTest" />
    <testcase name="StoredZeroVersionMismatchesNonZero" file="C:\Users\Administrator\Desktop\code\MBink\tests\property\layout\test_cache_version_properties.cpp" line="217" status="run" result="completed" time="0." timestamp="2025-12-22T18:37:26.290" classname="CacheVersionPropertyTest" />
    <testcase name="ClearInvalidatesAllVersions" file="C:\Users\Administrator\Desktop\code\MBink\tests\property\layout\test_cache_version_properties.cpp" line="248" status="run" result="completed" time="0." timestamp="2025-12-22T18:37:26.299" classname="CacheVersionPropertyTest" />
    <testcase name="MultipleEntriesVersionIndependence" file="C:\Users\Administrator\Desktop\code\MBink\tests\property\layout\test_cache_version_properties.cpp" line="283" status="run" result="completed" time="0.001" timestamp="2025-12-22T18:37:26.303" classname="CacheVersionPropertyTest" />
    <testcase name="HiddenLayoutAlwaysReturnsMiss" file="C:\Users\Administrator\Desktop\code\MBink\tests\property\layout\test_cache_version_properties.cpp" line="323" status="run" result="completed" time="0." timestamp="2025-12-22T18:37:26.313" classname="CacheVersionPropertyTest" />
    <testcase name="UpdateVersionInvalidatesOld" file="C:\Users\Administrator\Desktop\code\MBink\tests\property\layout\test_cache_version_properties.cpp" line="353" status="run" result="completed" time="0." timestamp="2025-12-22T18:37:26.315" classname="CacheVersionPropertyTest" />
  </testsuite>
  <testsuite name="VersionUpdatePropertyTest" tests="7" failures="0" disabled="0" skipped="0" errors="0" time="0.081" timestamp="2025-12-22T18:37:26.319">
    <testcase name="UpdateContentVersionAlwaysIncreases" file="C:\Users\Administrator\Desktop\code\MBink\tests\property\layout\test_version_update_properties.cpp" line="120" status="run" result="completed" time="0.008" timestamp="2025-12-22T18:37:26.321" classname="VersionUpdatePropertyTest" />
    <testcase name="MultipleUpdatesAlwaysIncrease" file="C:\Users\Administrator\Desktop\code\MBink\tests\property\layout\test_version_update_properties.cpp" line="158" status="run" result="completed" time="0.006" timestamp="2025-12-22T18:37:26.330" classname="VersionUpdatePropertyTest" />
    <testcase name="AddElementUpdatesParentVersion" file="C:\Users\Administrator\Desktop\code\MBink\tests\property\layout\test_version_update_properties.cpp" line="199" status="run" result="completed" time="0.008" timestamp="2025-12-22T18:37:26.338" classname="VersionUpdatePropertyTest" />
    <testcase name="RemoveElementUpdatesParentVersion" file="C:\Users\Administrator\Desktop\code\MBink\tests\property\layout\test_version_update_properties.cpp" line="237" status="run" result="completed" time="0.009" timestamp="2025-12-22T18:37:26.348" classname="VersionUpdatePropertyTest" />
    <testcase name="LayoutStyleChangeUpdatesVersion" file="C:\Users\Administrator\Desktop\code\MBink\tests\property\layout\test_version_update_properties.cpp" line="275" status="run" result="completed" time="0.015" timestamp="2025-12-22T18:37:26.361" classname="VersionUpdatePropertyTest" />
    <testcase name="PaintStyleChangeDoesNotUpdateVersion" file="C:\Users\Administrator\Desktop\code\MBink\tests\property\layout\test_version_update_properties.cpp" line="344" status="run" result="completed" time="0.009" timestamp="2025-12-22T18:37:26.379" classname="VersionUpdatePropertyTest" />
    <testcase name="UpdateContentVersionMarksNeedsLayout" file="C:\Users\Administrator\Desktop\code\MBink\tests\property\layout\test_version_update_properties.cpp" line="397" status="run" result="completed" time="0.009" timestamp="2025-12-22T18:37:26.390" classname="VersionUpdatePropertyTest" />
  </testsuite>
  <testsuite name="LayoutScopePropertyTest" tests="9" failures="0" disabled="0" skipped="0" errors="0" time="0.48" timestamp="2025-12-22T18:37:26.402">
    <testcase name="FixedSizeContainerReturnsSelfOnly" file="C:\Users\Administrator\Desktop\code\MBink\tests\property\layout\test_layout_scope_properties.cpp" line="166" status="run" result="completed" time="0.014" timestamp="2025-12-22T18:37:26.403" classname="LayoutScopePropertyTest" />
    <testcase name="AbsolutePositionedReturnsSelfOnly" file="C:\Users\Administrator\Desktop\code\MBink\tests\property\layout\test_layout_scope_properties.cpp" line="216" status="run" result="completed" time="0.027" timestamp="2025-12-22T18:37:26.420" classname="LayoutScopePropertyTest" />
    <testcase name="AutoSizeContainerReturnsAncestors" file="C:\Users\Administrator\Desktop\code\MBink\tests\property\layout\test_layout_scope_properties.cpp" line="270" status="run" result="completed" time="0.018" timestamp="2025-12-22T18:37:26.458" classname="LayoutScopePropertyTest" />
    <testcase name="PercentSizeContainerPropagates" file="C:\Users\Administrator\Desktop\code\MBink\tests\property\layout\test_layout_scope_properties.cpp" line="311" status="run" result="completed" time="0.009" timestamp="2025-12-22T18:37:26.485" classname="LayoutScopePropertyTest" />
    <testcase name="FlexChildReturnsSiblings" file="C:\Users\Administrator\Desktop\code\MBink\tests\property\layout\test_layout_scope_properties.cpp" line="351" status="run" result="completed" time="0.023" timestamp="2025-12-22T18:37:26.496" classname="LayoutScopePropertyTest" />
    <testcase name="GridChildReturnsSiblings" file="C:\Users\Administrator\Desktop\code\MBink\tests\property\layout\test_layout_scope_properties.cpp" line="390" status="run" result="completed" time="0.018" timestamp="2025-12-22T18:37:26.531" classname="LayoutScopePropertyTest" />
    <testcase name="PartialFixedSizeNotIsolated" file="C:\Users\Administrator\Desktop\code\MBink\tests\property\layout\test_layout_scope_properties.cpp" line="431" status="run" result="completed" time="0.008" timestamp="2025-12-22T18:37:26.553" classname="LayoutScopePropertyTest" />
    <testcase name="NestedStructureCorrectScope" file="C:\Users\Administrator\Desktop\code\MBink\tests\property\layout\test_layout_scope_properties.cpp" line="474" status="run" result="completed" time="0.035" timestamp="2025-12-22T18:37:26.564" classname="LayoutScopePropertyTest" />
    <testcase name="FixedContainerIsolatesTextChanges" file="C:\Users\Administrator\Desktop\code\MBink\tests\property\layout\test_layout_scope_properties.cpp" line="535" status="run" result="completed" time="0.279" timestamp="2025-12-22T18:37:26.602" classname="LayoutScopePropertyTest" />
  </testsuite>
  <testsuite name="IncrementalLayoutPropertyTest" tests="8" failures="0" disabled="0" skipped="0" errors="0" time="0.251" timestamp="2025-12-22T18:37:26.884">
    <testcase name="CleanNodesRetainCache" file="C:\Users\Administrator\Desktop\code\MBink\tests\property\layout\test_incremental_layout_properties.cpp" line="140" status="run" result="completed" time="0.034" timestamp="2025-12-22T18:37:26.885" classname="IncrementalLayoutPropertyTest" />
    <testcase name="NoDirtyNodesNoLayout" file="C:\Users\Administrator\Desktop\code\MBink\tests\property\layout\test_incremental_layout_properties.cpp" line="222" status="run" result="completed" time="0.011" timestamp="2025-12-22T18:37:26.927" classname="IncrementalLayoutPropertyTest" />
    <testcase name="DirtyMarkPropagatesUpward" file="C:\Users\Administrator\Desktop\code\MBink\tests\property\layout\test_incremental_layout_properties.cpp" line="271" status="run" result="completed" time="0.028" timestamp="2025-12-22T18:37:26.951" classname="IncrementalLayoutPropertyTest" />
    <testcase name="FixedSizeNodeIsolatesDirtyMark" file="C:\Users\Administrator\Desktop\code\MBink\tests\property\layout\test_incremental_layout_properties.cpp" line="318" status="run" result="completed" time="0.015" timestamp="2025-12-22T18:37:26.989" classname="IncrementalLayoutPropertyTest" />
    <testcase name="AbsolutePositionedIsolatesDirtyMark" file="C:\Users\Administrator\Desktop\code\MBink\tests\property\layout\test_incremental_layout_properties.cpp" line="368" status="run" result="completed" time="0.019" timestamp="2025-12-22T18:37:27.010" classname="IncrementalLayoutPropertyTest" />
    <testcase name="FlexChildPropagesToParent" file="C:\Users\Administrator\Desktop\code\MBink\tests\property\layout\test_incremental_layout_properties.cpp" line="415" status="run" result="completed" time="0.034" timestamp="2025-12-22T18:37:27.033" classname="IncrementalLayoutPropertyTest" />
    <testcase name="IndependentSubtreesRetainCache" file="C:\Users\Administrator\Desktop\code\MBink\tests\property\layout\test_incremental_layout_properties.cpp" line="452" status="run" result="completed" time="0.026" timestamp="2025-12-22T18:37:27.081" classname="IncrementalLayoutPropertyTest" />
    <testcase name="PropagationStopsAtDirtyAncestor" file="C:\Users\Administrator\Desktop\code\MBink\tests\property\layout\test_incremental_layout_properties.cpp" line="513" status="run" result="completed" time="0.023" timestamp="2025-12-22T18:37:27.110" classname="IncrementalLayoutPropertyTest" />
  </testsuite>
  <testsuite name="LayoutEquivalencePropertyTest" tests="4" failures="0" disabled="0" skipped="0" errors="0" time="0.327" timestamp="2025-12-22T18:37:27.139">
    <testcase name="FullLayoutEqualsIncrementalWithAllDirty" file="C:\Users\Administrator\Desktop\code\MBink\tests\property\layout\test_layout_equivalence_properties.cpp" line="162" status="run" result="completed" time="0.076" timestamp="2025-12-22T18:37:27.141" classname="LayoutEquivalencePropertyTest" />
    <testcase name="FlexLayoutEquivalence" file="C:\Users\Administrator\Desktop\code\MBink\tests\property\layout\test_layout_equivalence_properties.cpp" line="250" status="run" result="completed" time="0.082" timestamp="2025-12-22T18:37:27.219" classname="LayoutEquivalencePropertyTest" />
    <testcase name="NestedTreeLayoutEquivalence" file="C:\Users\Administrator\Desktop\code\MBink\tests\property\layout\test_layout_equivalence_properties.cpp" line="320" status="run" result="completed" time="0.073" timestamp="2025-12-22T18:37:27.304" classname="LayoutEquivalencePropertyTest" />
    <testcase name="MixedDisplayTypeLayoutEquivalence" file="C:\Users\Administrator\Desktop\code\MBink\tests\property\layout\test_layout_equivalence_properties.cpp" line="401" status="run" result="completed" time="0.079" timestamp="2025-12-22T18:37:27.387" classname="LayoutEquivalencePropertyTest" />
  </testsuite>
  <testsuite name="IFCCachePropertyTest" tests="7" failures="0" disabled="0" skipped="0" errors="0" time="0.317" timestamp="2025-12-22T18:37:27.469">
    <testcase name="IndependentContainerCaches" file="C:\Users\Administrator\Desktop\code\MBink\tests\property\layout\test_ifc_cache_properties.cpp" line="92" status="run" result="completed" time="0.04" timestamp="2025-12-22T18:37:27.469" classname="IFCCachePropertyTest" />
    <testcase name="VersionChangeInvalidatesOnlyTargetContainer" file="C:\Users\Administrator\Desktop\code\MBink\tests\property\layout\test_ifc_cache_properties.cpp" line="136" status="run" result="completed" time="0.075" timestamp="2025-12-22T18:37:27.512" classname="IFCCachePropertyTest" />
    <testcase name="CacheValidWithMatchingParameters" file="C:\Users\Administrator\Desktop\code\MBink\tests\property\layout\test_ifc_cache_properties.cpp" line="174" status="run" result="completed" time="0.017" timestamp="2025-12-22T18:37:27.590" classname="IFCCachePropertyTest" />
    <testcase name="CacheInvalidWithDifferentWidth" file="C:\Users\Administrator\Desktop\code\MBink\tests\property\layout\test_ifc_cache_properties.cpp" line="200" status="run" result="completed" time="0.036" timestamp="2025-12-22T18:37:27.610" classname="IFCCachePropertyTest" />
    <testcase name="ClearCacheInvalidatesAll" file="C:\Users\Administrator\Desktop\code\MBink\tests\property\layout\test_ifc_cache_properties.cpp" line="225" status="run" result="completed" time="0.091" timestamp="2025-12-22T18:37:27.649" classname="IFCCachePropertyTest" />
    <testcase name="ZeroVersionUsesHashBasedValidation" file="C:\Users\Administrator\Desktop\code\MBink\tests\property\layout\test_ifc_cache_properties.cpp" line="266" status="run" result="completed" time="0.019" timestamp="2025-12-22T18:37:27.744" classname="IFCCachePropertyTest" />
    <testcase name="RelayoutReturnsCachedResults" file="C:\Users\Administrator\Desktop\code\MBink\tests\property\layout\test_ifc_cache_properties.cpp" line="289" status="run" result="completed" time="0.016" timestamp="2025-12-22T18:37:27.768" classname="IFCCachePropertyTest" />
  </testsuite>
  <testsuite name="ViewportUnitsPropertyTest" tests="11" failures="0" disabled="0" skipped="0" errors="0" time="0.034" timestamp="2025-12-22T18:37:27.788">
    <testcase name="VhResolution" file="C:\Users\Administrator\Desktop\code\MBink\tests\property\layout\test_viewport_units_properties.cpp" line="72" status="run" result="completed" time="0." timestamp="2025-12-22T18:37:27.789" classname="ViewportUnitsPropertyTest" />
    <testcase name="Vh100EqualsViewportHeight" file="C:\Users\Administrator\Desktop\code\MBink\tests\property\layout\test_viewport_units_properties.cpp" line="107" status="run" result="completed" time="0." timestamp="2025-12-22T18:37:27.794" classname="ViewportUnitsPropertyTest" />
    <testcase name="VwResolution" file="C:\Users\Administrator\Desktop\code\MBink\tests\property\layout\test_viewport_units_properties.cpp" line="131" status="run" result="completed" time="0." timestamp="2025-12-22T18:37:27.795" classname="ViewportUnitsPropertyTest" />
    <testcase name="Vw100EqualsViewportWidth" file="C:\Users\Administrator\Desktop\code\MBink\tests\property\layout\test_viewport_units_properties.cpp" line="166" status="run" result="completed" time="0." timestamp="2025-12-22T18:37:27.801" classname="ViewportUnitsPropertyTest" />
    <testcase name="ViewportUnitsRecalculateOnResize" file="C:\Users\Administrator\Desktop\code\MBink\tests\property\layout\test_viewport_units_properties.cpp" line="191" status="run" result="completed" time="0." timestamp="2025-12-22T18:37:27.804" classname="ViewportUnitsPropertyTest" />
    <testcase name="ViewportUnitsNotCached" file="C:\Users\Administrator\Desktop\code\MBink\tests\property\layout\test_viewport_units_properties.cpp" line="248" status="run" result="completed" time="0." timestamp="2025-12-22T18:37:27.806" classname="ViewportUnitsPropertyTest" />
    <testcase name="VminResolution" file="C:\Users\Administrator\Desktop\code\MBink\tests\property\layout\test_viewport_units_properties.cpp" line="290" status="run" result="completed" time="0." timestamp="2025-12-22T18:37:27.813" classname="ViewportUnitsPropertyTest" />
    <testcase name="VmaxResolution" file="C:\Users\Administrator\Desktop\code\MBink\tests\property\layout\test_viewport_units_properties.cpp" line="327" status="run" result="completed" time="0." timestamp="2025-12-22T18:37:27.815" classname="ViewportUnitsPropertyTest" />
    <testcase name="Vmin100EqualsMinDimension" file="C:\Users\Administrator\Desktop\code\MBink\tests\property\layout\test_viewport_units_properties.cpp" line="364" status="run" result="completed" time="0." timestamp="2025-12-22T18:37:27.817" classname="ViewportUnitsPropertyTest" />
    <testcase name="Vmax100EqualsMaxDimension" file="C:\Users\Administrator\Desktop\code\MBink\tests\property\layout\test_viewport_units_properties.cpp" line="392" status="run" result="completed" time="0." timestamp="2025-12-22T18:37:27.820" classname="ViewportUnitsPropertyTest" />
    <testcase name="VminVmaxOrientationChange" file="C:\Users\Administrator\Desktop\code\MBink\tests\property\layout\test_viewport_units_properties.cpp" line="421" status="run" result="completed" time="0." timestamp="2025-12-22T18:37:27.822" classname="ViewportUnitsPropertyTest" />
  </testsuite>
  <testsuite name="AbsolutePositioningPropertyTest" tests="10" failures="0" disabled="0" skipped="0" errors="0" time="0.033" timestamp="2025-12-22T18:37:27.826">
    <testcase name="TopBottomStretchHeightCalculation" file="C:\Users\Administrator\Desktop\code\MBink\tests\property\layout\test_viewport_units_properties.cpp" line="573" status="run" result="completed" time="0." timestamp="2025-12-22T18:37:27.827" classname="AbsolutePositioningPropertyTest" />
    <testcase name="TopBottomStretchHeightNonNegative" file="C:\Users\Administrator\Desktop\code\MBink\tests\property\layout\test_viewport_units_properties.cpp" line="610" status="run" result="completed" time="0." timestamp="2025-12-22T18:37:27.829" classname="AbsolutePositioningPropertyTest" />
    <testcase name="TopBottomStretchFullHeight" file="C:\Users\Administrator\Desktop\code\MBink\tests\property\layout\test_viewport_units_properties.cpp" line="645" status="run" result="completed" time="0." timestamp="2025-12-22T18:37:27.831" classname="AbsolutePositioningPropertyTest" />
    <testcase name="TopBottomStretchInverseRelationship" file="C:\Users\Administrator\Desktop\code\MBink\tests\property\layout\test_viewport_units_properties.cpp" line="671" status="run" result="completed" time="0." timestamp="2025-12-22T18:37:27.836" classname="AbsolutePositioningPropertyTest" />
    <testcase name="LeftRightStretchWidthCalculation" file="C:\Users\Administrator\Desktop\code\MBink\tests\property\layout\test_viewport_units_properties.cpp" line="707" status="run" result="completed" time="0." timestamp="2025-12-22T18:37:27.838" classname="AbsolutePositioningPropertyTest" />
    <testcase name="LeftRightStretchWidthNonNegative" file="C:\Users\Administrator\Desktop\code\MBink\tests\property\layout\test_viewport_units_properties.cpp" line="744" status="run" result="completed" time="0." timestamp="2025-12-22T18:37:27.840" classname="AbsolutePositioningPropertyTest" />
    <testcase name="LeftRightStretchFullWidth" file="C:\Users\Administrator\Desktop\code\MBink\tests\property\layout\test_viewport_units_properties.cpp" line="779" status="run" result="completed" time="0." timestamp="2025-12-22T18:37:27.849" classname="AbsolutePositioningPropertyTest" />
    <testcase name="LeftRightStretchInverseRelationship" file="C:\Users\Administrator\Desktop\code\MBink\tests\property\layout\test_viewport_units_properties.cpp" line="805" status="run" result="completed" time="0." timestamp="2025-12-22T18:37:27.850" classname="AbsolutePositioningPropertyTest" />
    <testcase name="CombinedStretchBothDimensions" file="C:\Users\Administrator\Desktop\code\MBink\tests\property\layout\test_viewport_units_properties.cpp" line="839" status="run" result="completed" time="0." timestamp="2025-12-22T18:37:27.854" classname="AbsolutePositioningPropertyTest" />
    <testcase name="StretchSymmetry" file="C:\Users\Administrator\Desktop\code\MBink\tests\property\layout\test_viewport_units_properties.cpp" line="877" status="run" result="completed" time="0." timestamp="2025-12-22T18:37:27.857" classname="AbsolutePositioningPropertyTest" />
  </testsuite>
  <testsuite name="CrossLayoutModeAbsolutePositioningTest" tests="10" failures="0" disabled="0" skipped="0" errors="0" time="0.033" timestamp="2025-12-22T18:37:27.861">
    <testcase name="LeftInsetPositionConsistency" file="C:\Users\Administrator\Desktop\code\MBink\tests\property\layout\test_viewport_units_properties.cpp" line="1043" status="run" result="completed" time="0." timestamp="2025-12-22T18:37:27.862" classname="CrossLayoutModeAbsolutePositioningTest" />
    <testcase name="RightInsetPositionConsistency" file="C:\Users\Administrator\Desktop\code\MBink\tests\property\layout\test_viewport_units_properties.cpp" line="1079" status="run" result="completed" time="0." timestamp="2025-12-22T18:37:27.865" classname="CrossLayoutModeAbsolutePositioningTest" />
    <testcase name="TopInsetPositionConsistency" file="C:\Users\Administrator\Desktop\code\MBink\tests\property\layout\test_viewport_units_properties.cpp" line="1122" status="run" result="completed" time="0." timestamp="2025-12-22T18:37:27.867" classname="CrossLayoutModeAbsolutePositioningTest" />
    <testcase name="BottomInsetPositionConsistency" file="C:\Users\Administrator\Desktop\code\MBink\tests\property\layout\test_viewport_units_properties.cpp" line="1158" status="run" result="completed" time="0." timestamp="2025-12-22T18:37:27.869" classname="CrossLayoutModeAbsolutePositioningTest" />
    <testcase name="LeftRightStretchConsistency" file="C:\Users\Administrator\Desktop\code\MBink\tests\property\layout\test_viewport_units_properties.cpp" line="1201" status="run" result="completed" time="0." timestamp="2025-12-22T18:37:27.870" classname="CrossLayoutModeAbsolutePositioningTest" />
    <testcase name="TopBottomStretchConsistency" file="C:\Users\Administrator\Desktop\code\MBink\tests\property\layout\test_viewport_units_properties.cpp" line="1239" status="run" result="completed" time="0." timestamp="2025-12-22T18:37:27.875" classname="CrossLayoutModeAbsolutePositioningTest" />
    <testcase name="LeftPrecedenceOverRight" file="C:\Users\Administrator\Desktop\code\MBink\tests\property\layout\test_viewport_units_properties.cpp" line="1275" status="run" result="completed" time="0." timestamp="2025-12-22T18:37:27.883" classname="CrossLayoutModeAbsolutePositioningTest" />
    <testcase name="TopPrecedenceOverBottom" file="C:\Users\Administrator\Desktop\code\MBink\tests\property\layout\test_viewport_units_properties.cpp" line="1318" status="run" result="completed" time="0." timestamp="2025-12-22T18:37:27.885" classname="CrossLayoutModeAbsolutePositioningTest" />
    <testcase name="PercentageInsetConsistency" file="C:\Users\Administrator\Desktop\code\MBink\tests\property\layout\test_viewport_units_properties.cpp" line="1361" status="run" result="completed" time="0.002" timestamp="2025-12-22T18:37:27.887" classname="CrossLayoutModeAbsolutePositioningTest" />
    <testcase name="PositionDeterminism" file="C:\Users\Administrator\Desktop\code\MBink\tests\property\layout\test_viewport_units_properties.cpp" line="1406" status="run" result="completed" time="0." timestamp="2025-12-22T18:37:27.894" classname="CrossLayoutModeAbsolutePositioningTest" />
  </testsuite>
  <testsuite name="PayloadPropertyTest" tests="7" failures="0" disabled="0" skipped="0" errors="0" time="0.089" timestamp="2025-12-22T18:37:27.896">
    <testcase name="PayloadRoundTrip" file="C:\Users\Administrator\Desktop\code\MBink\tests\property\bundler\test_payload_properties.cpp" line="66" status="run" result="completed" time="0.009" timestamp="2025-12-22T18:37:27.897" classname="PayloadPropertyTest" />
    <testcase name="EmptyBytecodeRoundTrip" file="C:\Users\Administrator\Desktop\code\MBink\tests\property\bundler\test_payload_properties.cpp" line="113" status="run" result="completed" time="0.001" timestamp="2025-12-22T18:37:27.913" classname="PayloadPropertyTest" />
    <testcase name="PayloadWithPrefixRoundTrip" file="C:\Users\Administrator\Desktop\code\MBink\tests\property\bundler\test_payload_properties.cpp" line="135" status="run" result="completed" time="0.028" timestamp="2025-12-22T18:37:27.918" classname="PayloadPropertyTest" />
    <testcase name="ChecksumIntegrity" file="C:\Users\Administrator\Desktop\code\MBink\tests\property\bundler\test_payload_properties.cpp" line="172" status="run" result="completed" time="0.004" timestamp="2025-12-22T18:37:27.948" classname="PayloadPropertyTest" />
    <testcase name="CorruptedMagicDetection" file="C:\Users\Administrator\Desktop\code\MBink\tests\property\bundler\test_payload_properties.cpp" line="209" status="run" result="completed" time="0." timestamp="2025-12-22T18:37:27.954" classname="PayloadPropertyTest" />
    <testcase name="MinimalPayload" file="C:\Users\Administrator\Desktop\code\MBink\tests\property\bundler\test_payload_properties.cpp" line="231" status="run" result="completed" time="0." timestamp="2025-12-22T18:37:27.955" classname="PayloadPropertyTest" />
    <testcase name="LargeBytecode" file="C:\Users\Administrator\Desktop\code\MBink\tests\property\bundler\test_payload_properties.cpp" line="253" status="run" result="completed" time="0.022" timestamp="2025-12-22T18:37:27.957" classname="PayloadPropertyTest" />
  </testsuite>
  <testsuite name="ModuleResolverPropertyTest" tests="14" failures="0" disabled="0" skipped="0" errors="0" time="0.106" timestamp="2025-12-22T18:37:27.988">
    <testcase name="ParseImportsBasic" file="C:\Users\Administrator\Desktop\code\MBink\tests\property\bundler\test_module_resolver_properties.cpp" line="52" status="run" result="completed" time="0.002" timestamp="2025-12-22T18:37:27.989" classname="ModuleResolverPropertyTest" />
    <testcase name="ParseImportsQuoteStyles" file="C:\Users\Administrator\Desktop\code\MBink\tests\property\bundler\test_module_resolver_properties.cpp" line="74" status="run" result="completed" time="0.001" timestamp="2025-12-22T18:37:27.993" classname="ModuleResolverPropertyTest" />
    <testcase name="ParseImportsEmpty" file="C:\Users\Administrator\Desktop\code\MBink\tests\property\bundler\test_module_resolver_properties.cpp" line="90" status="run" result="completed" time="0." timestamp="2025-12-22T18:37:27.997" classname="ModuleResolverPropertyTest" />
    <testcase name="ResolvePathRelative" file="C:\Users\Administrator\Desktop\code\MBink\tests\property\bundler\test_module_resolver_properties.cpp" line="101" status="run" result="completed" time="0.002" timestamp="2025-12-22T18:37:27.999" classname="ModuleResolverPropertyTest" />
    <testcase name="ResolvePathAutoExtension" file="C:\Users\Administrator\Desktop\code\MBink\tests\property\bundler\test_module_resolver_properties.cpp" line="121" status="run" result="completed" time="0.007" timestamp="2025-12-22T18:37:28.004" classname="ModuleResolverPropertyTest" />
    <testcase name="ResolvePathBareModule" file="C:\Users\Administrator\Desktop\code\MBink\tests\property\bundler\test_module_resolver_properties.cpp" line="136" status="run" result="completed" time="0." timestamp="2025-12-22T18:37:28.015" classname="ModuleResolverPropertyTest" />
    <testcase name="DependencyOrderSimpleChain" file="C:\Users\Administrator\Desktop\code\MBink\tests\property\bundler\test_module_resolver_properties.cpp" line="150" status="run" result="completed" time="0.005" timestamp="2025-12-22T18:37:28.022" classname="ModuleResolverPropertyTest" />
    <testcase name="DependencyOrderDiamond" file="C:\Users\Administrator\Desktop\code\MBink\tests\property\bundler\test_module_resolver_properties.cpp" line="175" status="run" result="completed" time="0.005" timestamp="2025-12-22T18:37:28.029" classname="ModuleResolverPropertyTest" />
    <testcase name="DependencyOrderWithBuiltins" file="C:\Users\Administrator\Desktop\code\MBink\tests\property\bundler\test_module_resolver_properties.cpp" line="207" status="run" result="completed" time="0.004" timestamp="2025-12-22T18:37:28.040" classname="ModuleResolverPropertyTest" />
    <testcase name="ErrorFileNotFound" file="C:\Users\Administrator\Desktop\code\MBink\tests\property\bundler\test_module_resolver_properties.cpp" line="243" status="run" result="completed" time="0.002" timestamp="2025-12-22T18:37:28.047" classname="ModuleResolverPropertyTest" />
    <testcase name="ErrorUnknownBareModule" file="C:\Users\Administrator\Desktop\code\MBink\tests\property\bundler\test_module_resolver_properties.cpp" line="256" status="run" result="completed" time="0.002" timestamp="2025-12-22T18:37:28.053" classname="ModuleResolverPropertyTest" />
    <testcase name="CircularDependencyHandling" file="C:\Users\Administrator\Desktop\code\MBink\tests\property\bundler\test_module_resolver_properties.cpp" line="269" status="run" result="completed" time="0.005" timestamp="2025-12-22T18:37:28.057" classname="ModuleResolverPropertyTest" />
    <testcase name="DuplicateImportDeduplication" file="C:\Users\Administrator\Desktop\code\MBink\tests\property\bundler\test_module_resolver_properties.cpp" line="286" status="run" result="completed" time="0.006" timestamp="2025-12-22T18:37:28.070" classname="ModuleResolverPropertyTest" />
    <testcase name="DeepNestedDirectories" file="C:\Users\Administrator\Desktop\code\MBink\tests\property\bundler\test_module_resolver_properties.cpp" line="305" status="run" result="completed" time="0.007" timestamp="2025-12-22T18:37:28.085" classname="ModuleResolverPropertyTest" />
  </testsuite>
  <testsuite name="BytecodeCompilerPropertyTest" tests="9" failures="0" disabled="0" skipped="0" errors="0" time="0.086" timestamp="2025-12-22T18:37:28.098">
    <testcase name="CompileSimpleScript" file="C:\Users\Administrator\Desktop\code\MBink\tests\property\bundler\test_bytecode_compiler_properties.cpp" line="24" status="run" result="completed" time="0.035" timestamp="2025-12-22T18:37:28.100" classname="BytecodeCompilerPropertyTest" />
    <testcase name="CompileES6Module" file="C:\Users\Administrator\Desktop\code\MBink\tests\property\bundler\test_bytecode_compiler_properties.cpp" line="37" status="run" result="completed" time="0.003" timestamp="2025-12-22T18:37:28.138" classname="BytecodeCompilerPropertyTest" />
    <testcase name="DetectSyntaxError" file="C:\Users\Administrator\Desktop\code\MBink\tests\property\bundler\test_bytecode_compiler_properties.cpp" line="53" status="run" result="completed" time="0.004" timestamp="2025-12-22T18:37:28.144" classname="BytecodeCompilerPropertyTest" />
    <testcase name="CompileMultipleModules" file="C:\Users\Administrator\Desktop\code\MBink\tests\property\bundler\test_bytecode_compiler_properties.cpp" line="66" status="run" result="completed" time="0.002" timestamp="2025-12-22T18:37:28.151" classname="BytecodeCompilerPropertyTest" />
    <testcase name="MergeBytecodeRoundTrip" file="C:\Users\Administrator\Desktop\code\MBink\tests\property\bundler\test_bytecode_compiler_properties.cpp" line="92" status="run" result="completed" time="0.001" timestamp="2025-12-22T18:37:28.155" classname="BytecodeCompilerPropertyTest" />
    <testcase name="EmptyModuleList" file="C:\Users\Administrator\Desktop\code\MBink\tests\property\bundler\test_bytecode_compiler_properties.cpp" line="123" status="run" result="completed" time="0." timestamp="2025-12-22T18:37:28.159" classname="BytecodeCompilerPropertyTest" />
    <testcase name="LargeModuleCompilation" file="C:\Users\Administrator\Desktop\code\MBink\tests\property\bundler\test_bytecode_compiler_properties.cpp" line="137" status="run" result="completed" time="0.003" timestamp="2025-12-22T18:37:28.160" classname="BytecodeCompilerPropertyTest" />
    <testcase name="StripSourceInfo" file="C:\Users\Administrator\Desktop\code\MBink\tests\property\bundler\test_bytecode_compiler_properties.cpp" line="158" status="run" result="completed" time="0.009" timestamp="2025-12-22T18:37:28.166" classname="BytecodeCompilerPropertyTest" />
    <testcase name="CompileJSFeatures" file="C:\Users\Administrator\Desktop\code\MBink\tests\property\bundler\test_bytecode_compiler_properties.cpp" line="185" status="run" result="completed" time="0.001" timestamp="2025-12-22T18:37:28.182" classname="BytecodeCompilerPropertyTest" />
  </testsuite>
</testsuites>
