<?xml version="1.0" encoding="UTF-8"?>
<testsuites tests="109" failures="0" disabled="0" errors="0" time="2.723" timestamp="2025-12-18T19:52:14.236" name="AllTests">
  <testsuite name="OutlinePropertyTest" tests="5" failures="0" disabled="0" skipped="0" errors="0" time="0.019" timestamp="2025-12-18T19:52:14.239">
    <testcase name="OutlineWidthRoundTrip" file="C:\Users\Administrator\Desktop\code\MBink\tests\property\render\test_outline_properties.cpp" line="77" status="run" result="completed" time="0.003" timestamp="2025-12-18T19:52:14.239" classname="OutlinePropertyTest" />
    <testcase name="OutlineStyleRoundTrip" file="C:\Users\Administrator\Desktop\code\MBink\tests\property\render\test_outline_properties.cpp" line="100" status="run" result="completed" time="0.001" timestamp="2025-12-18T19:52:14.244" classname="OutlinePropertyTest" />
    <testcase name="OutlineColorRoundTrip" file="C:\Users\Administrator\Desktop\code\MBink\tests\property\render\test_outline_properties.cpp" line="120" status="run" result="completed" time="0.002" timestamp="2025-12-18T19:52:14.246" classname="OutlinePropertyTest" />
    <testcase name="OutlineOffsetRoundTrip" file="C:\Users\Administrator\Desktop\code\MBink\tests\property\render\test_outline_properties.cpp" line="143" status="run" result="completed" time="0.002" timestamp="2025-12-18T19:52:14.250" classname="OutlinePropertyTest" />
    <testcase name="OutlineDoesNotAffectLayout" file="C:\Users\Administrator\Desktop\code\MBink\tests\property\render\test_outline_properties.cpp" line="167" status="run" result="completed" time="0.003" timestamp="2025-12-18T19:52:14.253" classname="OutlinePropertyTest" />
  </testsuite>
  <testsuite name="TextTransformPropertyTest" tests="9" failures="0" disabled="0" skipped="0" errors="0" time="0.047" timestamp="2025-12-18T19:52:14.260">
    <testcase name="UppercaseLowercasePreservesLength" file="C:\Users\Administrator\Desktop\code\MBink\tests\property\render\test_text_transform_properties.cpp" line="105" status="run" result="completed" time="0.003" timestamp="2025-12-18T19:52:14.260" classname="TextTransformPropertyTest" />
    <testcase name="UppercaseConvertsAllLowercase" file="C:\Users\Administrator\Desktop\code\MBink\tests\property\render\test_text_transform_properties.cpp" line="126" status="run" result="completed" time="0.001" timestamp="2025-12-18T19:52:14.267" classname="TextTransformPropertyTest" />
    <testcase name="LowercaseConvertsAllUppercase" file="C:\Users\Administrator\Desktop\code\MBink\tests\property\render\test_text_transform_properties.cpp" line="151" status="run" result="completed" time="0.002" timestamp="2025-12-18T19:52:14.278" classname="TextTransformPropertyTest" />
    <testcase name="CapitalizeFirstCharacters" file="C:\Users\Administrator\Desktop\code\MBink\tests\property\render\test_text_transform_properties.cpp" line="178" status="run" result="completed" time="0.001" timestamp="2025-12-18T19:52:14.288" classname="TextTransformPropertyTest" />
    <testcase name="NoneIsIdentity" file="C:\Users\Administrator\Desktop\code\MBink\tests\property\render\test_text_transform_properties.cpp" line="212" status="run" result="completed" time="0.001" timestamp="2025-12-18T19:52:14.291" classname="TextTransformPropertyTest" />
    <testcase name="EmptyTransformIsIdentity" file="C:\Users\Administrator\Desktop\code\MBink\tests\property\render\test_text_transform_properties.cpp" line="231" status="run" result="completed" time="0." timestamp="2025-12-18T19:52:14.293" classname="TextTransformPropertyTest" />
    <testcase name="DoesNotModifyInput" file="C:\Users\Administrator\Desktop\code\MBink\tests\property\render\test_text_transform_properties.cpp" line="252" status="run" result="completed" time="0.002" timestamp="2025-12-18T19:52:14.297" classname="TextTransformPropertyTest" />
    <testcase name="RenderTextPreservesOriginalText" file="C:\Users\Administrator\Desktop\code\MBink\tests\property\render\test_text_transform_properties.cpp" line="280" status="run" result="completed" time="0.001" timestamp="2025-12-18T19:52:14.301" classname="TextTransformPropertyTest" />
    <testcase name="UpperLowerIdempotence" file="C:\Users\Administrator\Desktop\code\MBink\tests\property\render\test_text_transform_properties.cpp" line="306" status="run" result="completed" time="0.001" timestamp="2025-12-18T19:52:14.304" classname="TextTransformPropertyTest" />
  </testsuite>
  <testsuite name="PointerEventsPropertyTest" tests="5" failures="0" disabled="0" skipped="0" errors="0" time="0.112" timestamp="2025-12-18T19:52:14.309">
    <testcase name="PointerEventsNoneSkipsElementInHitTest" file="C:\Users\Administrator\Desktop\code\MBink\tests\property\render\test_pointer_events_properties.cpp" line="82" status="run" result="completed" time="0.014" timestamp="2025-12-18T19:52:14.310" classname="PointerEventsPropertyTest" />
    <testcase name="PointerEventsAutoIncludesElementInHitTest" file="C:\Users\Administrator\Desktop\code\MBink\tests\property\render\test_pointer_events_properties.cpp" line="137" status="run" result="completed" time="0.006" timestamp="2025-12-18T19:52:14.327" classname="PointerEventsPropertyTest" />
    <testcase name="PointerEventsInheritance" file="C:\Users\Administrator\Desktop\code\MBink\tests\property\render\test_pointer_events_properties.cpp" line="192" status="run" result="completed" time="0.013" timestamp="2025-12-18T19:52:14.336" classname="PointerEventsPropertyTest" />
    <testcase name="ChildCanOverridePointerEventsNone" file="C:\Users\Administrator\Desktop\code\MBink\tests\property\render\test_pointer_events_properties.cpp" line="252" status="run" result="completed" time="0.013" timestamp="2025-12-18T19:52:14.352" classname="PointerEventsPropertyTest" />
    <testcase name="PointerEventsNonePassesThroughToElementsBelow" file="C:\Users\Administrator\Desktop\code\MBink\tests\property\render\test_pointer_events_properties.cpp" line="308" status="run" result="completed" time="0.026" timestamp="2025-12-18T19:52:14.391" classname="PointerEventsPropertyTest" />
  </testsuite>
  <testsuite name="UserSelectPropertyTest" tests="4" failures="0" disabled="0" skipped="0" errors="0" time="0.042" timestamp="2025-12-18T19:52:14.425">
    <testcase name="UserSelectInheritance" file="C:\Users\Administrator\Desktop\code\MBink\tests\property\render\test_user_select_properties.cpp" line="63" status="run" result="completed" time="0.009" timestamp="2025-12-18T19:52:14.426" classname="UserSelectPropertyTest" />
    <testcase name="ChildCanOverrideUserSelect" file="C:\Users\Administrator\Desktop\code\MBink\tests\property\render\test_user_select_properties.cpp" line="100" status="run" result="completed" time="0.009" timestamp="2025-12-18T19:52:14.436" classname="UserSelectPropertyTest" />
    <testcase name="DeepInheritanceChain" file="C:\Users\Administrator\Desktop\code\MBink\tests\property\render\test_user_select_properties.cpp" line="135" status="run" result="completed" time="0.011" timestamp="2025-12-18T19:52:14.447" classname="UserSelectPropertyTest" />
    <testcase name="DefaultValueIsAuto" file="C:\Users\Administrator\Desktop\code\MBink\tests\property\render\test_user_select_properties.cpp" line="177" status="run" result="completed" time="0.003" timestamp="2025-12-18T19:52:14.462" classname="UserSelectPropertyTest" />
  </testsuite>
  <testsuite name="WordBreakPropertyTest" tests="6" failures="0" disabled="0" skipped="0" errors="0" time="0.042" timestamp="2025-12-18T19:52:14.470">
    <testcase name="NormalPreservesWords" file="C:\Users\Administrator\Desktop\code\MBink\tests\property\render\test_word_break_properties.cpp" line="143" status="run" result="completed" time="0.001" timestamp="2025-12-18T19:52:14.471" classname="WordBreakPropertyTest" />
    <testcase name="NormalBreaksAtWhitespace" file="C:\Users\Administrator\Desktop\code\MBink\tests\property\render\test_word_break_properties.cpp" line="192" status="run" result="completed" time="0.003" timestamp="2025-12-18T19:52:14.474" classname="WordBreakPropertyTest" />
    <testcase name="BreakAllAllowsAnyBreak" file="C:\Users\Administrator\Desktop\code\MBink\tests\property\render\test_word_break_properties.cpp" line="249" status="run" result="completed" time="0." timestamp="2025-12-18T19:52:14.481" classname="WordBreakPropertyTest" />
    <testcase name="BreakAllCanBreakBetweenAnyChars" file="C:\Users\Administrator\Desktop\code\MBink\tests\property\render\test_word_break_properties.cpp" line="291" status="run" result="completed" time="0.008" timestamp="2025-12-18T19:52:14.484" classname="WordBreakPropertyTest" />
    <testcase name="KeepAllPreservesCJK" file="C:\Users\Administrator\Desktop\code\MBink\tests\property\render\test_word_break_properties.cpp" line="328" status="run" result="completed" time="0.001" timestamp="2025-12-18T19:52:14.507" classname="WordBreakPropertyTest" />
    <testcase name="ComputedStyleStoresWordBreak" file="C:\Users\Administrator\Desktop\code\MBink\tests\property\render\test_word_break_properties.cpp" line="370" status="run" result="completed" time="0." timestamp="2025-12-18T19:52:14.511" classname="WordBreakPropertyTest" />
  </testsuite>
  <testsuite name="ObjectFitPropertyTest" tests="11" failures="0" disabled="0" skipped="0" errors="0" time="0.329" timestamp="2025-12-18T19:52:14.514">
    <testcase name="ValidObjectFitValuesAreParsed" file="C:\Users\Administrator\Desktop\code\MBink\tests\property\render\test_object_fit_properties.cpp" line="120" status="run" result="completed" time="0.066" timestamp="2025-12-18T19:52:14.517" classname="ObjectFitPropertyTest" />
    <testcase name="InvalidObjectFitValuesAreIgnored" file="C:\Users\Administrator\Desktop\code\MBink\tests\property\render\test_object_fit_properties.cpp" line="143" status="run" result="completed" time="0.02" timestamp="2025-12-18T19:52:14.587" classname="ObjectFitPropertyTest" />
    <testcase name="ObjectPositionDefaultsToCenter" file="C:\Users\Administrator\Desktop\code\MBink\tests\property\render\test_object_fit_properties.cpp" line="166" status="run" result="completed" time="0.053" timestamp="2025-12-18T19:52:14.609" classname="ObjectFitPropertyTest" />
    <testcase name="ObjectPositionKeywordsAreParsed" file="C:\Users\Administrator\Desktop\code\MBink\tests\property\render\test_object_fit_properties.cpp" line="189" status="run" result="completed" time="0.027" timestamp="2025-12-18T19:52:14.665" classname="ObjectFitPropertyTest" />
    <testcase name="ObjectPositionPercentagesAreParsed" file="C:\Users\Administrator\Desktop\code\MBink\tests\property\render\test_object_fit_properties.cpp" line="212" status="run" result="completed" time="0.012" timestamp="2025-12-18T19:52:14.696" classname="ObjectFitPropertyTest" />
    <testcase name="ObjectPositionLengthsAreParsed" file="C:\Users\Administrator\Desktop\code\MBink\tests\property\render\test_object_fit_properties.cpp" line="235" status="run" result="completed" time="0.019" timestamp="2025-12-18T19:52:14.712" classname="ObjectFitPropertyTest" />
    <testcase name="ObjectPositionMixedValuesAreParsed" file="C:\Users\Administrator\Desktop\code\MBink\tests\property\render\test_object_fit_properties.cpp" line="258" status="run" result="completed" time="0.042" timestamp="2025-12-18T19:52:14.733" classname="ObjectFitPropertyTest" />
    <testcase name="ObjectFitAndPositionCombined" file="C:\Users\Administrator\Desktop\code\MBink\tests\property\render\test_object_fit_properties.cpp" line="281" status="run" result="completed" time="0.017" timestamp="2025-12-18T19:52:14.780" classname="ObjectFitPropertyTest" />
    <testcase name="ObjectFitDefaultsToFill" file="C:\Users\Administrator\Desktop\code\MBink\tests\property\render\test_object_fit_properties.cpp" line="309" status="run" result="completed" time="0.024" timestamp="2025-12-18T19:52:14.809" classname="ObjectFitPropertyTest" />
    <testcase name="ObjectFitCoverFillsContainer" file="C:\Users\Administrator\Desktop\code\MBink\tests\property\render\test_object_fit_properties.cpp" line="331" status="run" result="completed" time="0." timestamp="2025-12-18T19:52:14.837" classname="ObjectFitPropertyTest" />
    <testcase name="ObjectFitContainPreservesAspectRatio" file="C:\Users\Administrator\Desktop\code\MBink\tests\property\render\test_object_fit_properties.cpp" line="395" status="run" result="completed" time="0." timestamp="2025-12-18T19:52:14.841" classname="ObjectFitPropertyTest" />
  </testsuite>
  <testsuite name="ListStylePropertyTest" tests="11" failures="0" disabled="0" skipped="0" errors="0" time="0.147" timestamp="2025-12-18T19:52:14.846">
    <testcase name="ListStyleTypeInheritance" file="C:\Users\Administrator\Desktop\code\MBink\tests\property\render\test_list_style_properties.cpp" line="94" status="run" result="completed" time="0.012" timestamp="2025-12-18T19:52:14.848" classname="ListStylePropertyTest" />
    <testcase name="ListStyleNoneHidesMarker" file="C:\Users\Administrator\Desktop\code\MBink\tests\property\render\test_list_style_properties.cpp" line="124" status="run" result="completed" time="0.018" timestamp="2025-12-18T19:52:14.863" classname="ListStylePropertyTest" />
    <testcase name="DecimalListMarkersSequential" file="C:\Users\Administrator\Desktop\code\MBink\tests\property\render\test_list_style_properties.cpp" line="155" status="run" result="completed" time="0.001" timestamp="2025-12-18T19:52:14.883" classname="ListStylePropertyTest" />
    <testcase name="ValidListStyleTypesAreParsed" file="C:\Users\Administrator\Desktop\code\MBink\tests\property\render\test_list_style_properties.cpp" line="181" status="run" result="completed" time="0.008" timestamp="2025-12-18T19:52:14.893" classname="ListStylePropertyTest" />
    <testcase name="InvalidListStyleTypesAreIgnored" file="C:\Users\Administrator\Desktop\code\MBink\tests\property\render\test_list_style_properties.cpp" line="205" status="run" result="completed" time="0.024" timestamp="2025-12-18T19:52:14.906" classname="ListStylePropertyTest" />
    <testcase name="ListStylePositionParsing" file="C:\Users\Administrator\Desktop\code\MBink\tests\property\render\test_list_style_properties.cpp" line="229" status="run" result="completed" time="0.009" timestamp="2025-12-18T19:52:14.934" classname="ListStylePropertyTest" />
    <testcase name="ListStylePositionInheritance" file="C:\Users\Administrator\Desktop\code\MBink\tests\property\render\test_list_style_properties.cpp" line="253" status="run" result="completed" time="0.021" timestamp="2025-12-18T19:52:14.947" classname="ListStylePropertyTest" />
    <testcase name="RomanNumeralConversion" file="C:\Users\Administrator\Desktop\code\MBink\tests\property\render\test_list_style_properties.cpp" line="283" status="run" result="completed" time="0." timestamp="2025-12-18T19:52:14.970" classname="ListStylePropertyTest" />
    <testcase name="AlphaConversion" file="C:\Users\Administrator\Desktop\code\MBink\tests\property\render\test_list_style_properties.cpp" line="335" status="run" result="completed" time="0." timestamp="2025-12-18T19:52:14.971" classname="ListStylePropertyTest" />
    <testcase name="DecimalLeadingZero" file="C:\Users\Administrator\Desktop\code\MBink\tests\property\render\test_list_style_properties.cpp" line="379" status="run" result="completed" time="0." timestamp="2025-12-18T19:52:14.978" classname="ListStylePropertyTest" />
    <testcase name="ListStyleShorthandParsing" file="C:\Users\Administrator\Desktop\code\MBink\tests\property\render\test_list_style_properties.cpp" line="406" status="run" result="completed" time="0.012" timestamp="2025-12-18T19:52:14.979" classname="ListStylePropertyTest" />
  </testsuite>
  <testsuite name="AspectRatioPropertyTest" tests="7" failures="0" disabled="0" skipped="0" errors="0" time="0.143" timestamp="2025-12-18T19:52:14.996">
    <testcase name="AspectRatioCalculatesMissingHeight" file="C:\Users\Administrator\Desktop\code\MBink\tests\property\render\test_aspect_ratio_properties.cpp" line="126" status="run" result="completed" time="0.016" timestamp="2025-12-18T19:52:14.997" classname="AspectRatioPropertyTest" />
    <testcase name="AspectRatioCalculatesMissingWidth" file="C:\Users\Administrator\Desktop\code\MBink\tests\property\render\test_aspect_ratio_properties.cpp" line="165" status="run" result="completed" time="0.019" timestamp="2025-12-18T19:52:15.021" classname="AspectRatioPropertyTest" />
    <testcase name="AspectRatioIgnoredWhenBothDimensionsSet" file="C:\Users\Administrator\Desktop\code\MBink\tests\property\render\test_aspect_ratio_properties.cpp" line="205" status="run" result="completed" time="0.013" timestamp="2025-12-18T19:52:15.043" classname="AspectRatioPropertyTest" />
    <testcase name="AspectRatioAutoValue" file="C:\Users\Administrator\Desktop\code\MBink\tests\property\render\test_aspect_ratio_properties.cpp" line="248" status="run" result="completed" time="0.022" timestamp="2025-12-18T19:52:15.060" classname="AspectRatioPropertyTest" />
    <testcase name="AspectRatioDefaultsToAuto" file="C:\Users\Administrator\Desktop\code\MBink\tests\property\render\test_aspect_ratio_properties.cpp" line="272" status="run" result="completed" time="0.008" timestamp="2025-12-18T19:52:15.085" classname="AspectRatioPropertyTest" />
    <testcase name="AspectRatioLayoutStyleConversion" file="C:\Users\Administrator\Desktop\code\MBink\tests\property\render\test_aspect_ratio_properties.cpp" line="296" status="run" result="completed" time="0.018" timestamp="2025-12-18T19:52:15.096" classname="AspectRatioPropertyTest" />
    <testcase name="AspectRatioAutoLayoutStyleConversion" file="C:\Users\Administrator\Desktop\code\MBink\tests\property\render\test_aspect_ratio_properties.cpp" line="339" status="run" result="completed" time="0.017" timestamp="2025-12-18T19:52:15.116" classname="AspectRatioPropertyTest" />
  </testsuite>
  <testsuite name="ClipPathPropertyTest" tests="8" failures="0" disabled="0" skipped="0" errors="0" time="0.303" timestamp="2025-12-18T19:52:15.143">
    <testcase name="ClipPathNoneDoesNotApplyClipping" file="C:\Users\Administrator\Desktop\code\MBink\tests\property\render\test_clip_path_properties.cpp" line="192" status="run" result="completed" time="0.014" timestamp="2025-12-18T19:52:15.144" classname="ClipPathPropertyTest" />
    <testcase name="InsetCalculatesCorrectClipRegion" file="C:\Users\Administrator\Desktop\code\MBink\tests\property\render\test_clip_path_properties.cpp" line="211" status="run" result="completed" time="0.018" timestamp="2025-12-18T19:52:15.161" classname="ClipPathPropertyTest" />
    <testcase name="CircleCalculatesCorrectClipRegion" file="C:\Users\Administrator\Desktop\code\MBink\tests\property\render\test_clip_path_properties.cpp" line="258" status="run" result="completed" time="0.026" timestamp="2025-12-18T19:52:15.190" classname="ClipPathPropertyTest" />
    <testcase name="EllipseCalculatesCorrectClipRegion" file="C:\Users\Administrator\Desktop\code\MBink\tests\property\render\test_clip_path_properties.cpp" line="304" status="run" result="completed" time="0.037" timestamp="2025-12-18T19:52:15.218" classname="ClipPathPropertyTest" />
    <testcase name="PolygonCalculatesCorrectClipRegion" file="C:\Users\Administrator\Desktop\code\MBink\tests\property\render\test_clip_path_properties.cpp" line="340" status="run" result="completed" time="0.06" timestamp="2025-12-18T19:52:15.258" classname="ClipPathPropertyTest" />
    <testcase name="PercentageValuesScaleWithBounds" file="C:\Users\Administrator\Desktop\code\MBink\tests\property\render\test_clip_path_properties.cpp" line="380" status="run" result="completed" time="0.004" timestamp="2025-12-18T19:52:15.321" classname="ClipPathPropertyTest" />
    <testcase name="DefaultClipPathIsNone" file="C:\Users\Administrator\Desktop\code\MBink\tests\property\render\test_clip_path_properties.cpp" line="428" status="run" result="completed" time="0.008" timestamp="2025-12-18T19:52:15.327" classname="ClipPathPropertyTest" />
    <testcase name="AllClipPathTypesCanBeParsed" file="C:\Users\Administrator\Desktop\code\MBink\tests\property\render\test_clip_path_properties.cpp" line="448" status="run" result="completed" time="0.013" timestamp="2025-12-18T19:52:15.338" classname="ClipPathPropertyTest" />
  </testsuite>
  <testsuite name="ContentVersionPropertyTest" tests="7" failures="0" disabled="0" skipped="0" errors="0" time="0.058" timestamp="2025-12-18T19:52:15.483">
    <testcase name="VersionAlwaysIncreases" file="C:\Users\Administrator\Desktop\code\MBink\tests\property\layout\test_content_version_properties.cpp" line="54" status="run" result="completed" time="0." timestamp="2025-12-18T19:52:15.485" classname="ContentVersionPropertyTest" />
    <testcase name="VersionAlwaysPositive" file="C:\Users\Administrator\Desktop\code\MBink\tests\property\layout\test_content_version_properties.cpp" line="86" status="run" result="completed" time="0." timestamp="2025-12-18T19:52:15.489" classname="ContentVersionPropertyTest" />
    <testcase name="VersionEqualsCallCount" file="C:\Users\Administrator\Desktop\code\MBink\tests\property\layout\test_content_version_properties.cpp" line="107" status="run" result="completed" time="0." timestamp="2025-12-18T19:52:15.492" classname="ContentVersionPropertyTest" />
    <testcase name="GetCurrentVersionMatchesLastGenerated" file="C:\Users\Administrator\Desktop\code\MBink\tests\property\layout\test_content_version_properties.cpp" line="137" status="run" result="completed" time="0." timestamp="2025-12-18T19:52:15.496" classname="ContentVersionPropertyTest" />
    <testcase name="VersionIncrementsByOne" file="C:\Users\Administrator\Desktop\code\MBink\tests\property\layout\test_content_version_properties.cpp" line="175" status="run" result="completed" time="0." timestamp="2025-12-18T19:52:15.499" classname="ContentVersionPropertyTest" />
    <testcase name="SingletonConsistency" file="C:\Users\Administrator\Desktop\code\MBink\tests\property\layout\test_content_version_properties.cpp" line="198" status="run" result="completed" time="0." timestamp="2025-12-18T19:52:15.536" classname="ContentVersionPropertyTest" />
    <testcase name="ResetResetsToZero" file="C:\Users\Administrator\Desktop\code\MBink\tests\property\layout\test_content_version_properties.cpp" line="216" status="run" result="completed" time="0." timestamp="2025-12-18T19:52:15.540" classname="ContentVersionPropertyTest" />
  </testsuite>
  <testsuite name="CacheVersionPropertyTest" tests="8" failures="0" disabled="0" skipped="0" errors="0" time="0.035" timestamp="2025-12-18T19:52:15.545">
    <testcase name="VersionMismatchReturnsCacheMiss" file="C:\Users\Administrator\Desktop\code\MBink\tests\property\layout\test_cache_version_properties.cpp" line="108" status="run" result="completed" time="0." timestamp="2025-12-18T19:52:15.547" classname="CacheVersionPropertyTest" />
    <testcase name="VersionMatchReturnsCacheHit" file="C:\Users\Administrator\Desktop\code\MBink\tests\property\layout\test_cache_version_properties.cpp" line="144" status="run" result="completed" time="0." timestamp="2025-12-18T19:52:15.550" classname="CacheVersionPropertyTest" />
    <testcase name="ZeroVersionSkipsVersionCheck" file="C:\Users\Administrator\Desktop\code\MBink\tests\property\layout\test_cache_version_properties.cpp" line="185" status="run" result="completed" time="0." timestamp="2025-12-18T19:52:15.554" classname="CacheVersionPropertyTest" />
    <testcase name="StoredZeroVersionMismatchesNonZero" file="C:\Users\Administrator\Desktop\code\MBink\tests\property\layout\test_cache_version_properties.cpp" line="217" status="run" result="completed" time="0." timestamp="2025-12-18T19:52:15.557" classname="CacheVersionPropertyTest" />
    <testcase name="ClearInvalidatesAllVersions" file="C:\Users\Administrator\Desktop\code\MBink\tests\property\layout\test_cache_version_properties.cpp" line="248" status="run" result="completed" time="0." timestamp="2025-12-18T19:52:15.560" classname="CacheVersionPropertyTest" />
    <testcase name="MultipleEntriesVersionIndependence" file="C:\Users\Administrator\Desktop\code\MBink\tests\property\layout\test_cache_version_properties.cpp" line="283" status="run" result="completed" time="0." timestamp="2025-12-18T19:52:15.567" classname="CacheVersionPropertyTest" />
    <testcase name="HiddenLayoutAlwaysReturnsMiss" file="C:\Users\Administrator\Desktop\code\MBink\tests\property\layout\test_cache_version_properties.cpp" line="323" status="run" result="completed" time="0.001" timestamp="2025-12-18T19:52:15.576" classname="CacheVersionPropertyTest" />
    <testcase name="UpdateVersionInvalidatesOld" file="C:\Users\Administrator\Desktop\code\MBink\tests\property\layout\test_cache_version_properties.cpp" line="353" status="run" result="completed" time="0." timestamp="2025-12-18T19:52:15.579" classname="CacheVersionPropertyTest" />
  </testsuite>
  <testsuite name="VersionUpdatePropertyTest" tests="7" failures="0" disabled="0" skipped="0" errors="0" time="0.077" timestamp="2025-12-18T19:52:15.582">
    <testcase name="UpdateContentVersionAlwaysIncreases" file="C:\Users\Administrator\Desktop\code\MBink\tests\property\layout\test_version_update_properties.cpp" line="120" status="run" result="completed" time="0.006" timestamp="2025-12-18T19:52:15.582" classname="VersionUpdatePropertyTest" />
    <testcase name="MultipleUpdatesAlwaysIncrease" file="C:\Users\Administrator\Desktop\code\MBink\tests\property\layout\test_version_update_properties.cpp" line="158" status="run" result="completed" time="0.007" timestamp="2025-12-18T19:52:15.591" classname="VersionUpdatePropertyTest" />
    <testcase name="AddElementUpdatesParentVersion" file="C:\Users\Administrator\Desktop\code\MBink\tests\property\layout\test_version_update_properties.cpp" line="199" status="run" result="completed" time="0.01" timestamp="2025-12-18T19:52:15.601" classname="VersionUpdatePropertyTest" />
    <testcase name="RemoveElementUpdatesParentVersion" file="C:\Users\Administrator\Desktop\code\MBink\tests\property\layout\test_version_update_properties.cpp" line="237" status="run" result="completed" time="0.005" timestamp="2025-12-18T19:52:15.613" classname="VersionUpdatePropertyTest" />
    <testcase name="LayoutStyleChangeUpdatesVersion" file="C:\Users\Administrator\Desktop\code\MBink\tests\property\layout\test_version_update_properties.cpp" line="275" status="run" result="completed" time="0.006" timestamp="2025-12-18T19:52:15.621" classname="VersionUpdatePropertyTest" />
    <testcase name="PaintStyleChangeDoesNotUpdateVersion" file="C:\Users\Administrator\Desktop\code\MBink\tests\property\layout\test_version_update_properties.cpp" line="344" status="run" result="completed" time="0.011" timestamp="2025-12-18T19:52:15.630" classname="VersionUpdatePropertyTest" />
    <testcase name="UpdateContentVersionMarksNeedsLayout" file="C:\Users\Administrator\Desktop\code\MBink\tests\property\layout\test_version_update_properties.cpp" line="397" status="run" result="completed" time="0.006" timestamp="2025-12-18T19:52:15.644" classname="VersionUpdatePropertyTest" />
  </testsuite>
  <testsuite name="LayoutScopePropertyTest" tests="9" failures="0" disabled="0" skipped="0" errors="0" time="0.632" timestamp="2025-12-18T19:52:15.663">
    <testcase name="FixedSizeContainerReturnsSelfOnly" file="C:\Users\Administrator\Desktop\code\MBink\tests\property\layout\test_layout_scope_properties.cpp" line="166" status="run" result="completed" time="0.014" timestamp="2025-12-18T19:52:15.664" classname="LayoutScopePropertyTest" />
    <testcase name="AbsolutePositionedReturnsSelfOnly" file="C:\Users\Administrator\Desktop\code\MBink\tests\property\layout\test_layout_scope_properties.cpp" line="216" status="run" result="completed" time="0.01" timestamp="2025-12-18T19:52:15.682" classname="LayoutScopePropertyTest" />
    <testcase name="AutoSizeContainerReturnsAncestors" file="C:\Users\Administrator\Desktop\code\MBink\tests\property\layout\test_layout_scope_properties.cpp" line="270" status="run" result="completed" time="0.011" timestamp="2025-12-18T19:52:15.696" classname="LayoutScopePropertyTest" />
    <testcase name="PercentSizeContainerPropagates" file="C:\Users\Administrator\Desktop\code\MBink\tests\property\layout\test_layout_scope_properties.cpp" line="311" status="run" result="completed" time="0.019" timestamp="2025-12-18T19:52:15.709" classname="LayoutScopePropertyTest" />
    <testcase name="FlexChildReturnsSiblings" file="C:\Users\Administrator\Desktop\code\MBink\tests\property\layout\test_layout_scope_properties.cpp" line="351" status="run" result="completed" time="0.021" timestamp="2025-12-18T19:52:15.730" classname="LayoutScopePropertyTest" />
    <testcase name="GridChildReturnsSiblings" file="C:\Users\Administrator\Desktop\code\MBink\tests\property\layout\test_layout_scope_properties.cpp" line="390" status="run" result="completed" time="0.025" timestamp="2025-12-18T19:52:15.754" classname="LayoutScopePropertyTest" />
    <testcase name="PartialFixedSizeNotIsolated" file="C:\Users\Administrator\Desktop\code\MBink\tests\property\layout\test_layout_scope_properties.cpp" line="431" status="run" result="completed" time="0.024" timestamp="2025-12-18T19:52:15.784" classname="LayoutScopePropertyTest" />
    <testcase name="NestedStructureCorrectScope" file="C:\Users\Administrator\Desktop\code\MBink\tests\property\layout\test_layout_scope_properties.cpp" line="474" status="run" result="completed" time="0.035" timestamp="2025-12-18T19:52:15.812" classname="LayoutScopePropertyTest" />
    <testcase name="FixedContainerIsolatesTextChanges" file="C:\Users\Administrator\Desktop\code\MBink\tests\property\layout\test_layout_scope_properties.cpp" line="535" status="run" result="completed" time="0.443" timestamp="2025-12-18T19:52:15.850" classname="LayoutScopePropertyTest" />
  </testsuite>
  <testsuite name="IncrementalLayoutPropertyTest" tests="8" failures="0" disabled="0" skipped="0" errors="0" time="0.38" timestamp="2025-12-18T19:52:16.297">
    <testcase name="CleanNodesRetainCache" file="C:\Users\Administrator\Desktop\code\MBink\tests\property\layout\test_incremental_layout_properties.cpp" line="140" status="run" result="completed" time="0.055" timestamp="2025-12-18T19:52:16.298" classname="IncrementalLayoutPropertyTest" />
    <testcase name="NoDirtyNodesNoLayout" file="C:\Users\Administrator\Desktop\code\MBink\tests\property\layout\test_incremental_layout_properties.cpp" line="222" status="run" result="completed" time="0.023" timestamp="2025-12-18T19:52:16.363" classname="IncrementalLayoutPropertyTest" />
    <testcase name="DirtyMarkPropagatesUpward" file="C:\Users\Administrator\Desktop\code\MBink\tests\property\layout\test_incremental_layout_properties.cpp" line="271" status="run" result="completed" time="0.045" timestamp="2025-12-18T19:52:16.406" classname="IncrementalLayoutPropertyTest" />
    <testcase name="FixedSizeNodeIsolatesDirtyMark" file="C:\Users\Administrator\Desktop\code\MBink\tests\property\layout\test_incremental_layout_properties.cpp" line="318" status="run" result="completed" time="0.031" timestamp="2025-12-18T19:52:16.454" classname="IncrementalLayoutPropertyTest" />
    <testcase name="AbsolutePositionedIsolatesDirtyMark" file="C:\Users\Administrator\Desktop\code\MBink\tests\property\layout\test_incremental_layout_properties.cpp" line="368" status="run" result="completed" time="0.022" timestamp="2025-12-18T19:52:16.494" classname="IncrementalLayoutPropertyTest" />
    <testcase name="FlexChildPropagesToParent" file="C:\Users\Administrator\Desktop\code\MBink\tests\property\layout\test_incremental_layout_properties.cpp" line="415" status="run" result="completed" time="0.031" timestamp="2025-12-18T19:52:16.520" classname="IncrementalLayoutPropertyTest" />
    <testcase name="IndependentSubtreesRetainCache" file="C:\Users\Administrator\Desktop\code\MBink\tests\property\layout\test_incremental_layout_properties.cpp" line="452" status="run" result="completed" time="0.077" timestamp="2025-12-18T19:52:16.551" classname="IncrementalLayoutPropertyTest" />
    <testcase name="PropagationStopsAtDirtyAncestor" file="C:\Users\Administrator\Desktop\code\MBink\tests\property\layout\test_incremental_layout_properties.cpp" line="513" status="run" result="completed" time="0.042" timestamp="2025-12-18T19:52:16.632" classname="IncrementalLayoutPropertyTest" />
  </testsuite>
  <testsuite name="LayoutEquivalencePropertyTest" tests="4" failures="0" disabled="0" skipped="0" errors="0" time="0.279" timestamp="2025-12-18T19:52:16.678">
    <testcase name="FullLayoutEqualsIncrementalWithAllDirty" file="C:\Users\Administrator\Desktop\code\MBink\tests\property\layout\test_layout_equivalence_properties.cpp" line="162" status="run" result="completed" time="0.05" timestamp="2025-12-18T19:52:16.679" classname="LayoutEquivalencePropertyTest" />
    <testcase name="FlexLayoutEquivalence" file="C:\Users\Administrator\Desktop\code\MBink\tests\property\layout\test_layout_equivalence_properties.cpp" line="250" status="run" result="completed" time="0.064" timestamp="2025-12-18T19:52:16.731" classname="LayoutEquivalencePropertyTest" />
    <testcase name="NestedTreeLayoutEquivalence" file="C:\Users\Administrator\Desktop\code\MBink\tests\property\layout\test_layout_equivalence_properties.cpp" line="320" status="run" result="completed" time="0.083" timestamp="2025-12-18T19:52:16.796" classname="LayoutEquivalencePropertyTest" />
    <testcase name="MixedDisplayTypeLayoutEquivalence" file="C:\Users\Administrator\Desktop\code\MBink\tests\property\layout\test_layout_equivalence_properties.cpp" line="401" status="run" result="completed" time="0.072" timestamp="2025-12-18T19:52:16.883" classname="LayoutEquivalencePropertyTest" />
  </testsuite>
</testsuites>
