<?xml version="1.0" encoding="UTF-8"?>
<testsuites tests="59" failures="3" disabled="0" errors="0" time="0.535" timestamp="2025-12-18T02:52:54.241" name="AllTests">
  <testsuite name="AnimationTest" tests="18" failures="0" disabled="0" skipped="0" errors="0" time="0.056" timestamp="2025-12-18T02:52:54.244">
    <testcase name="EaseLinear" file="C:\Users\Administrator\Desktop\code\MBink\tests\render\test_animation.cpp" line="17" status="run" result="completed" time="0." timestamp="2025-12-18T02:52:54.245" classname="AnimationTest" />
    <testcase name="EaseIn" file="C:\Users\Administrator\Desktop\code\MBink\tests\render\test_animation.cpp" line="23" status="run" result="completed" time="0." timestamp="2025-12-18T02:52:54.248" classname="AnimationTest" />
    <testcase name="EaseOut" file="C:\Users\Administrator\Desktop\code\MBink\tests\render\test_animation.cpp" line="30" status="run" result="completed" time="0." timestamp="2025-12-18T02:52:54.255" classname="AnimationTest" />
    <testcase name="EaseInOut" file="C:\Users\Administrator\Desktop\code\MBink\tests\render\test_animation.cpp" line="37" status="run" result="completed" time="0." timestamp="2025-12-18T02:52:54.264" classname="AnimationTest" />
    <testcase name="Ease" file="C:\Users\Administrator\Desktop\code\MBink\tests\render\test_animation.cpp" line="43" status="run" result="completed" time="0." timestamp="2025-12-18T02:52:54.266" classname="AnimationTest" />
    <testcase name="CubicBezierEasing" file="C:\Users\Administrator\Desktop\code\MBink\tests\render\test_animation.cpp" line="48" status="run" result="completed" time="0." timestamp="2025-12-18T02:52:54.268" classname="AnimationTest" />
    <testcase name="ApplyTimingFunction" file="C:\Users\Administrator\Desktop\code\MBink\tests\render\test_animation.cpp" line="55" status="run" result="completed" time="0." timestamp="2025-12-18T02:52:54.270" classname="AnimationTest" />
    <testcase name="ParseSimpleAnimation" file="C:\Users\Administrator\Desktop\code\MBink\tests\render\test_animation.cpp" line="67" status="run" result="completed" time="0." timestamp="2025-12-18T02:52:54.272" classname="AnimationTest" />
    <testcase name="ParseAnimationWithTimingFunction" file="C:\Users\Administrator\Desktop\code\MBink\tests\render\test_animation.cpp" line="74" status="run" result="completed" time="0." timestamp="2025-12-18T02:52:54.274" classname="AnimationTest" />
    <testcase name="ParseAnimationWithDelay" file="C:\Users\Administrator\Desktop\code\MBink\tests\render\test_animation.cpp" line="82" status="run" result="completed" time="0." timestamp="2025-12-18T02:52:54.275" classname="AnimationTest" />
    <testcase name="ParseAnimationWithIterationCount" file="C:\Users\Administrator\Desktop\code\MBink\tests\render\test_animation.cpp" line="90" status="run" result="completed" time="0." timestamp="2025-12-18T02:52:54.277" classname="AnimationTest" />
    <testcase name="ParseAnimationInfinite" file="C:\Users\Administrator\Desktop\code\MBink\tests\render\test_animation.cpp" line="96" status="run" result="completed" time="0." timestamp="2025-12-18T02:52:54.279" classname="AnimationTest" />
    <testcase name="ParseAnimationDirection" file="C:\Users\Administrator\Desktop\code\MBink\tests\render\test_animation.cpp" line="102" status="run" result="completed" time="0." timestamp="2025-12-18T02:52:54.280" classname="AnimationTest" />
    <testcase name="ParseAnimationFillMode" file="C:\Users\Administrator\Desktop\code\MBink\tests\render\test_animation.cpp" line="108" status="run" result="completed" time="0." timestamp="2025-12-18T02:52:54.284" classname="AnimationTest" />
    <testcase name="ParseAnimationPlayState" file="C:\Users\Administrator\Desktop\code\MBink\tests\render\test_animation.cpp" line="114" status="run" result="completed" time="0." timestamp="2025-12-18T02:52:54.290" classname="AnimationTest" />
    <testcase name="ParseAnimationName" file="C:\Users\Administrator\Desktop\code\MBink\tests\render\test_animation.cpp" line="119" status="run" result="completed" time="0." timestamp="2025-12-18T02:52:54.296" classname="AnimationTest" />
    <testcase name="ParseAnimationDuration" file="C:\Users\Administrator\Desktop\code\MBink\tests\render\test_animation.cpp" line="126" status="run" result="completed" time="0." timestamp="2025-12-18T02:52:54.298" classname="AnimationTest" />
    <testcase name="AnimationIsValid" file="C:\Users\Administrator\Desktop\code\MBink\tests\render\test_animation.cpp" line="134" status="run" result="completed" time="0." timestamp="2025-12-18T02:52:54.299" classname="AnimationTest" />
  </testsuite>
  <testsuite name="GradientRendererTest" tests="14" failures="0" disabled="0" skipped="0" errors="0" time="0.035" timestamp="2025-12-18T02:52:54.302">
    <testcase name="ParseLinearGradientSimple" file="C:\Users\Administrator\Desktop\code\MBink\tests\render\test_gradient_renderer.cpp" line="17" status="run" result="completed" time="0." timestamp="2025-12-18T02:52:54.303" classname="GradientRendererTest" />
    <testcase name="ParseLinearGradientWithAngle" file="C:\Users\Administrator\Desktop\code\MBink\tests\render\test_gradient_renderer.cpp" line="26" status="run" result="completed" time="0." timestamp="2025-12-18T02:52:54.304" classname="GradientRendererTest" />
    <testcase name="ParseLinearGradientWithStops" file="C:\Users\Administrator\Desktop\code\MBink\tests\render\test_gradient_renderer.cpp" line="35" status="run" result="completed" time="0." timestamp="2025-12-18T02:52:54.306" classname="GradientRendererTest" />
    <testcase name="ParseLinearGradientMultipleColors" file="C:\Users\Administrator\Desktop\code\MBink\tests\render\test_gradient_renderer.cpp" line="49" status="run" result="completed" time="0." timestamp="2025-12-18T02:52:54.307" classname="GradientRendererTest" />
    <testcase name="ParseRadialGradientSimple" file="C:\Users\Administrator\Desktop\code\MBink\tests\render\test_gradient_renderer.cpp" line="62" status="run" result="completed" time="0." timestamp="2025-12-18T02:52:54.309" classname="GradientRendererTest" />
    <testcase name="ParseRadialGradientWithCircle" file="C:\Users\Administrator\Desktop\code\MBink\tests\render\test_gradient_renderer.cpp" line="68" status="run" result="completed" time="0." timestamp="2025-12-18T02:52:54.310" classname="GradientRendererTest" />
    <testcase name="ParseRadialGradientWithEllipse" file="C:\Users\Administrator\Desktop\code\MBink\tests\render\test_gradient_renderer.cpp" line="77" status="run" result="completed" time="0." timestamp="2025-12-18T02:52:54.311" classname="GradientRendererTest" />
    <testcase name="ParseRadialGradientWithPosition" file="C:\Users\Administrator\Desktop\code\MBink\tests\render\test_gradient_renderer.cpp" line="86" status="run" result="completed" time="0." timestamp="2025-12-18T02:52:54.312" classname="GradientRendererTest" />
    <testcase name="ColorStopAutoDistribution" file="C:\Users\Administrator\Desktop\code\MBink\tests\render\test_gradient_renderer.cpp" line="100" status="run" result="completed" time="0." timestamp="2025-12-18T02:52:54.313" classname="GradientRendererTest" />
    <testcase name="ParseInvalidGradient" file="C:\Users\Administrator\Desktop\code\MBink\tests\render\test_gradient_renderer.cpp" line="115" status="run" result="completed" time="0." timestamp="2025-12-18T02:52:54.314" classname="GradientRendererTest" />
    <testcase name="ParseEmptyGradient" file="C:\Users\Administrator\Desktop\code\MBink\tests\render\test_gradient_renderer.cpp" line="120" status="run" result="completed" time="0." timestamp="2025-12-18T02:52:54.316" classname="GradientRendererTest" />
    <testcase name="GradientStopConstruction" file="C:\Users\Administrator\Desktop\code\MBink\tests\render\test_gradient_renderer.cpp" line="127" status="run" result="completed" time="0." timestamp="2025-12-18T02:52:54.317" classname="GradientRendererTest" />
    <testcase name="LinearGradientConstruction" file="C:\Users\Administrator\Desktop\code\MBink\tests\render\test_gradient_renderer.cpp" line="139" status="run" result="completed" time="0." timestamp="2025-12-18T02:52:54.322" classname="GradientRendererTest" />
    <testcase name="RadialGradientConstruction" file="C:\Users\Administrator\Desktop\code\MBink\tests\render\test_gradient_renderer.cpp" line="147" status="run" result="completed" time="0." timestamp="2025-12-18T02:52:54.336" classname="GradientRendererTest" />
  </testsuite>
  <testsuite name="ShadowRendererTest" tests="16" failures="0" disabled="0" skipped="0" errors="0" time="0.039" timestamp="2025-12-18T02:52:54.339">
    <testcase name="ParseSimpleBoxShadow" file="C:\Users\Administrator\Desktop\code\MBink\tests\render\test_shadow_renderer.cpp" line="17" status="run" result="completed" time="0." timestamp="2025-12-18T02:52:54.340" classname="ShadowRendererTest" />
    <testcase name="ParseBoxShadowWithBlur" file="C:\Users\Administrator\Desktop\code\MBink\tests\render\test_shadow_renderer.cpp" line="27" status="run" result="completed" time="0." timestamp="2025-12-18T02:52:54.342" classname="ShadowRendererTest" />
    <testcase name="ParseBoxShadowWithSpread" file="C:\Users\Administrator\Desktop\code\MBink\tests\render\test_shadow_renderer.cpp" line="34" status="run" result="completed" time="0." timestamp="2025-12-18T02:52:54.344" classname="ShadowRendererTest" />
    <testcase name="ParseInsetBoxShadow" file="C:\Users\Administrator\Desktop\code\MBink\tests\render\test_shadow_renderer.cpp" line="42" status="run" result="completed" time="0." timestamp="2025-12-18T02:52:54.346" classname="ShadowRendererTest" />
    <testcase name="ParseMultipleBoxShadows" file="C:\Users\Administrator\Desktop\code\MBink\tests\render\test_shadow_renderer.cpp" line="49" status="run" result="completed" time="0." timestamp="2025-12-18T02:52:54.348" classname="ShadowRendererTest" />
    <testcase name="ParseNegativeOffsets" file="C:\Users\Administrator\Desktop\code\MBink\tests\render\test_shadow_renderer.cpp" line="61" status="run" result="completed" time="0." timestamp="2025-12-18T02:52:54.349" classname="ShadowRendererTest" />
    <testcase name="ParseSimpleTextShadow" file="C:\Users\Administrator\Desktop\code\MBink\tests\render\test_shadow_renderer.cpp" line="71" status="run" result="completed" time="0." timestamp="2025-12-18T02:52:54.351" classname="ShadowRendererTest" />
    <testcase name="ParseTextShadowWithBlur" file="C:\Users\Administrator\Desktop\code\MBink\tests\render\test_shadow_renderer.cpp" line="79" status="run" result="completed" time="0." timestamp="2025-12-18T02:52:54.353" classname="ShadowRendererTest" />
    <testcase name="ParseMultipleTextShadows" file="C:\Users\Administrator\Desktop\code\MBink\tests\render\test_shadow_renderer.cpp" line="86" status="run" result="completed" time="0.002" timestamp="2025-12-18T02:52:54.357" classname="ShadowRendererTest" />
    <testcase name="BoxShadowDefaultConstruction" file="C:\Users\Administrator\Desktop\code\MBink\tests\render\test_shadow_renderer.cpp" line="96" status="run" result="completed" time="0." timestamp="2025-12-18T02:52:54.366" classname="ShadowRendererTest" />
    <testcase name="BoxShadowModification" file="C:\Users\Administrator\Desktop\code\MBink\tests\render\test_shadow_renderer.cpp" line="107" status="run" result="completed" time="0." timestamp="2025-12-18T02:52:54.368" classname="ShadowRendererTest" />
    <testcase name="TextShadowDefaultConstruction" file="C:\Users\Administrator\Desktop\code\MBink\tests\render\test_shadow_renderer.cpp" line="124" status="run" result="completed" time="0." timestamp="2025-12-18T02:52:54.370" classname="ShadowRendererTest" />
    <testcase name="ParseEmptyShadow" file="C:\Users\Administrator\Desktop\code\MBink\tests\render\test_shadow_renderer.cpp" line="135" status="run" result="completed" time="0." timestamp="2025-12-18T02:52:54.372" classname="ShadowRendererTest" />
    <testcase name="ParseNoneShadow" file="C:\Users\Administrator\Desktop\code\MBink\tests\render\test_shadow_renderer.cpp" line="140" status="run" result="completed" time="0." timestamp="2025-12-18T02:52:54.373" classname="ShadowRendererTest" />
    <testcase name="ZeroBlurShadow" file="C:\Users\Administrator\Desktop\code\MBink\tests\render\test_shadow_renderer.cpp" line="145" status="run" result="completed" time="0.001" timestamp="2025-12-18T02:52:54.375" classname="ShadowRendererTest" />
    <testcase name="LargeBlurShadow" file="C:\Users\Administrator\Desktop\code\MBink\tests\render\test_shadow_renderer.cpp" line="152" status="run" result="completed" time="0." timestamp="2025-12-18T02:52:54.378" classname="ShadowRendererTest" />
  </testsuite>
  <testsuite name="TextRendererTest" tests="11" failures="3" disabled="0" skipped="0" errors="0" time="0.392" timestamp="2025-12-18T02:52:54.380">
    <testcase name="TextMetricsDefaultConstruction" file="C:\Users\Administrator\Desktop\code\MBink\tests\render\test_text_renderer.cpp" line="22" status="run" result="completed" time="0." timestamp="2025-12-18T02:52:54.381" classname="TextRendererTest" />
    <testcase name="TextMetricsModification" file="C:\Users\Administrator\Desktop\code\MBink\tests\render\test_text_renderer.cpp" line="32" status="run" result="completed" time="0." timestamp="2025-12-18T02:52:54.383" classname="TextRendererTest" />
    <testcase name="TextAlignValues" file="C:\Users\Administrator\Desktop\code\MBink\tests\render\test_text_renderer.cpp" line="49" status="run" result="completed" time="0." timestamp="2025-12-18T02:52:54.386" classname="TextRendererTest" />
    <testcase name="TextDecorationValues" file="C:\Users\Administrator\Desktop\code\MBink\tests\render\test_text_renderer.cpp" line="58" status="run" result="completed" time="0." timestamp="2025-12-18T02:52:54.392" classname="TextRendererTest" />
    <testcase name="TextDecorationCombination" file="C:\Users\Administrator\Desktop\code\MBink\tests\render\test_text_renderer.cpp" line="65" status="run" result="completed" time="0." timestamp="2025-12-18T02:52:54.397" classname="TextRendererTest" />
    <testcase name="MeasureMixedTextWidthEmpty" file="C:\Users\Administrator\Desktop\code\MBink\tests\render\test_text_renderer.cpp" line="74" status="run" result="completed" time="0." timestamp="2025-12-18T02:52:54.398" classname="TextRendererTest" />
    <testcase name="MeasureMixedTextWidthSimple" file="C:\Users\Administrator\Desktop\code\MBink\tests\render\test_text_renderer.cpp" line="82" status="run" result="completed" time="0.349" timestamp="2025-12-18T02:52:54.400" classname="TextRendererTest">
      <failure message="C:\Users\Administrator\Desktop\code\MBink\tests\render\test_text_renderer.cpp:87&#x0A;Expected: (width) &gt; (0.0f), actual: 0 vs 0&#x0A;" type=""><![CDATA[C:\Users\Administrator\Desktop\code\MBink\tests\render\test_text_renderer.cpp:87
Expected: (width) > (0.0f), actual: 0 vs 0
]]></failure>
    </testcase>
    <testcase name="MeasureMixedTextWidthLonger" file="C:\Users\Administrator\Desktop\code\MBink\tests\render\test_text_renderer.cpp" line="90" status="run" result="completed" time="0." timestamp="2025-12-18T02:52:54.753" classname="TextRendererTest">
      <failure message="C:\Users\Administrator\Desktop\code\MBink\tests\render\test_text_renderer.cpp:97&#x0A;Expected: (width2) &gt; (width1), actual: 0 vs 0&#x0A;" type=""><![CDATA[C:\Users\Administrator\Desktop\code\MBink\tests\render\test_text_renderer.cpp:97
Expected: (width2) > (width1), actual: 0 vs 0
]]></failure>
    </testcase>
    <testcase name="MeasureMixedTextWidthDifferentSizes" file="C:\Users\Administrator\Desktop\code\MBink\tests\render\test_text_renderer.cpp" line="100" status="run" result="completed" time="0.001" timestamp="2025-12-18T02:52:54.756" classname="TextRendererTest">
      <failure message="C:\Users\Administrator\Desktop\code\MBink\tests\render\test_text_renderer.cpp:110&#x0A;Expected: (width24) &gt; (width12), actual: 0 vs 0&#x0A;" type=""><![CDATA[C:\Users\Administrator\Desktop\code\MBink\tests\render\test_text_renderer.cpp:110
Expected: (width24) > (width12), actual: 0 vs 0
]]></failure>
    </testcase>
    <testcase name="MeasureMixedTextWidthChinese" file="C:\Users\Administrator\Desktop\code\MBink\tests\render\test_text_renderer.cpp" line="115" status="run" result="completed" time="0.004" timestamp="2025-12-18T02:52:54.759" classname="TextRendererTest" />
    <testcase name="MeasureMixedTextWidthMixed" file="C:\Users\Administrator\Desktop\code\MBink\tests\render\test_text_renderer.cpp" line="123" status="run" result="completed" time="0." timestamp="2025-12-18T02:52:54.768" classname="TextRendererTest" />
  </testsuite>
</testsuites>
