<?xml version="1.0" encoding="UTF-8"?>
<testsuites tests="59" failures="3" disabled="0" errors="0" time="0.494" timestamp="2025-12-18T19:48:24.897" name="AllTests">
  <testsuite name="AnimationTest" tests="18" failures="0" disabled="0" skipped="0" errors="0" time="0.072" timestamp="2025-12-18T19:48:24.901">
    <testcase name="EaseLinear" file="C:\Users\Administrator\Desktop\code\MBink\tests\render\test_animation.cpp" line="17" status="run" result="completed" time="0." timestamp="2025-12-18T19:48:24.901" classname="AnimationTest" />
    <testcase name="EaseIn" file="C:\Users\Administrator\Desktop\code\MBink\tests\render\test_animation.cpp" line="23" status="run" result="completed" time="0." timestamp="2025-12-18T19:48:24.903" classname="AnimationTest" />
    <testcase name="EaseOut" file="C:\Users\Administrator\Desktop\code\MBink\tests\render\test_animation.cpp" line="30" status="run" result="completed" time="0." timestamp="2025-12-18T19:48:24.905" classname="AnimationTest" />
    <testcase name="EaseInOut" file="C:\Users\Administrator\Desktop\code\MBink\tests\render\test_animation.cpp" line="37" status="run" result="completed" time="0." timestamp="2025-12-18T19:48:24.907" classname="AnimationTest" />
    <testcase name="Ease" file="C:\Users\Administrator\Desktop\code\MBink\tests\render\test_animation.cpp" line="43" status="run" result="completed" time="0." timestamp="2025-12-18T19:48:24.909" classname="AnimationTest" />
    <testcase name="CubicBezierEasing" file="C:\Users\Administrator\Desktop\code\MBink\tests\render\test_animation.cpp" line="48" status="run" result="completed" time="0." timestamp="2025-12-18T19:48:24.912" classname="AnimationTest" />
    <testcase name="ApplyTimingFunction" file="C:\Users\Administrator\Desktop\code\MBink\tests\render\test_animation.cpp" line="55" status="run" result="completed" time="0." timestamp="2025-12-18T19:48:24.914" classname="AnimationTest" />
    <testcase name="ParseSimpleAnimation" file="C:\Users\Administrator\Desktop\code\MBink\tests\render\test_animation.cpp" line="67" status="run" result="completed" time="0." timestamp="2025-12-18T19:48:24.916" classname="AnimationTest" />
    <testcase name="ParseAnimationWithTimingFunction" file="C:\Users\Administrator\Desktop\code\MBink\tests\render\test_animation.cpp" line="74" status="run" result="completed" time="0." timestamp="2025-12-18T19:48:24.919" classname="AnimationTest" />
    <testcase name="ParseAnimationWithDelay" file="C:\Users\Administrator\Desktop\code\MBink\tests\render\test_animation.cpp" line="82" status="run" result="completed" time="0." timestamp="2025-12-18T19:48:24.921" classname="AnimationTest" />
    <testcase name="ParseAnimationWithIterationCount" file="C:\Users\Administrator\Desktop\code\MBink\tests\render\test_animation.cpp" line="90" status="run" result="completed" time="0." timestamp="2025-12-18T19:48:24.923" classname="AnimationTest" />
    <testcase name="ParseAnimationInfinite" file="C:\Users\Administrator\Desktop\code\MBink\tests\render\test_animation.cpp" line="96" status="run" result="completed" time="0." timestamp="2025-12-18T19:48:24.942" classname="AnimationTest" />
    <testcase name="ParseAnimationDirection" file="C:\Users\Administrator\Desktop\code\MBink\tests\render\test_animation.cpp" line="102" status="run" result="completed" time="0." timestamp="2025-12-18T19:48:24.944" classname="AnimationTest" />
    <testcase name="ParseAnimationFillMode" file="C:\Users\Administrator\Desktop\code\MBink\tests\render\test_animation.cpp" line="108" status="run" result="completed" time="0." timestamp="2025-12-18T19:48:24.946" classname="AnimationTest" />
    <testcase name="ParseAnimationPlayState" file="C:\Users\Administrator\Desktop\code\MBink\tests\render\test_animation.cpp" line="114" status="run" result="completed" time="0." timestamp="2025-12-18T19:48:24.947" classname="AnimationTest" />
    <testcase name="ParseAnimationName" file="C:\Users\Administrator\Desktop\code\MBink\tests\render\test_animation.cpp" line="119" status="run" result="completed" time="0." timestamp="2025-12-18T19:48:24.967" classname="AnimationTest" />
    <testcase name="ParseAnimationDuration" file="C:\Users\Administrator\Desktop\code\MBink\tests\render\test_animation.cpp" line="126" status="run" result="completed" time="0." timestamp="2025-12-18T19:48:24.969" classname="AnimationTest" />
    <testcase name="AnimationIsValid" file="C:\Users\Administrator\Desktop\code\MBink\tests\render\test_animation.cpp" line="134" status="run" result="completed" time="0." timestamp="2025-12-18T19:48:24.971" classname="AnimationTest" />
  </testsuite>
  <testsuite name="GradientRendererTest" tests="14" failures="0" disabled="0" skipped="0" errors="0" time="0.05" timestamp="2025-12-18T19:48:24.975">
    <testcase name="ParseLinearGradientSimple" file="C:\Users\Administrator\Desktop\code\MBink\tests\render\test_gradient_renderer.cpp" line="17" status="run" result="completed" time="0.02" timestamp="2025-12-18T19:48:24.975" classname="GradientRendererTest" />
    <testcase name="ParseLinearGradientWithAngle" file="C:\Users\Administrator\Desktop\code\MBink\tests\render\test_gradient_renderer.cpp" line="26" status="run" result="completed" time="0." timestamp="2025-12-18T19:48:24.998" classname="GradientRendererTest" />
    <testcase name="ParseLinearGradientWithStops" file="C:\Users\Administrator\Desktop\code\MBink\tests\render\test_gradient_renderer.cpp" line="35" status="run" result="completed" time="0." timestamp="2025-12-18T19:48:25.001" classname="GradientRendererTest" />
    <testcase name="ParseLinearGradientMultipleColors" file="C:\Users\Administrator\Desktop\code\MBink\tests\render\test_gradient_renderer.cpp" line="49" status="run" result="completed" time="0." timestamp="2025-12-18T19:48:25.003" classname="GradientRendererTest" />
    <testcase name="ParseRadialGradientSimple" file="C:\Users\Administrator\Desktop\code\MBink\tests\render\test_gradient_renderer.cpp" line="62" status="run" result="completed" time="0." timestamp="2025-12-18T19:48:25.005" classname="GradientRendererTest" />
    <testcase name="ParseRadialGradientWithCircle" file="C:\Users\Administrator\Desktop\code\MBink\tests\render\test_gradient_renderer.cpp" line="68" status="run" result="completed" time="0." timestamp="2025-12-18T19:48:25.007" classname="GradientRendererTest" />
    <testcase name="ParseRadialGradientWithEllipse" file="C:\Users\Administrator\Desktop\code\MBink\tests\render\test_gradient_renderer.cpp" line="77" status="run" result="completed" time="0." timestamp="2025-12-18T19:48:25.011" classname="GradientRendererTest" />
    <testcase name="ParseRadialGradientWithPosition" file="C:\Users\Administrator\Desktop\code\MBink\tests\render\test_gradient_renderer.cpp" line="86" status="run" result="completed" time="0." timestamp="2025-12-18T19:48:25.013" classname="GradientRendererTest" />
    <testcase name="ColorStopAutoDistribution" file="C:\Users\Administrator\Desktop\code\MBink\tests\render\test_gradient_renderer.cpp" line="100" status="run" result="completed" time="0." timestamp="2025-12-18T19:48:25.014" classname="GradientRendererTest" />
    <testcase name="ParseInvalidGradient" file="C:\Users\Administrator\Desktop\code\MBink\tests\render\test_gradient_renderer.cpp" line="115" status="run" result="completed" time="0." timestamp="2025-12-18T19:48:25.016" classname="GradientRendererTest" />
    <testcase name="ParseEmptyGradient" file="C:\Users\Administrator\Desktop\code\MBink\tests\render\test_gradient_renderer.cpp" line="120" status="run" result="completed" time="0." timestamp="2025-12-18T19:48:25.018" classname="GradientRendererTest" />
    <testcase name="GradientStopConstruction" file="C:\Users\Administrator\Desktop\code\MBink\tests\render\test_gradient_renderer.cpp" line="127" status="run" result="completed" time="0." timestamp="2025-12-18T19:48:25.020" classname="GradientRendererTest" />
    <testcase name="LinearGradientConstruction" file="C:\Users\Administrator\Desktop\code\MBink\tests\render\test_gradient_renderer.cpp" line="139" status="run" result="completed" time="0." timestamp="2025-12-18T19:48:25.022" classname="GradientRendererTest" />
    <testcase name="RadialGradientConstruction" file="C:\Users\Administrator\Desktop\code\MBink\tests\render\test_gradient_renderer.cpp" line="147" status="run" result="completed" time="0." timestamp="2025-12-18T19:48:25.024" classname="GradientRendererTest" />
  </testsuite>
  <testsuite name="ShadowRendererTest" tests="16" failures="0" disabled="0" skipped="0" errors="0" time="0.032" timestamp="2025-12-18T19:48:25.027">
    <testcase name="ParseSimpleBoxShadow" file="C:\Users\Administrator\Desktop\code\MBink\tests\render\test_shadow_renderer.cpp" line="17" status="run" result="completed" time="0." timestamp="2025-12-18T19:48:25.028" classname="ShadowRendererTest" />
    <testcase name="ParseBoxShadowWithBlur" file="C:\Users\Administrator\Desktop\code\MBink\tests\render\test_shadow_renderer.cpp" line="27" status="run" result="completed" time="0." timestamp="2025-12-18T19:48:25.030" classname="ShadowRendererTest" />
    <testcase name="ParseBoxShadowWithSpread" file="C:\Users\Administrator\Desktop\code\MBink\tests\render\test_shadow_renderer.cpp" line="34" status="run" result="completed" time="0." timestamp="2025-12-18T19:48:25.032" classname="ShadowRendererTest" />
    <testcase name="ParseInsetBoxShadow" file="C:\Users\Administrator\Desktop\code\MBink\tests\render\test_shadow_renderer.cpp" line="42" status="run" result="completed" time="0." timestamp="2025-12-18T19:48:25.034" classname="ShadowRendererTest" />
    <testcase name="ParseMultipleBoxShadows" file="C:\Users\Administrator\Desktop\code\MBink\tests\render\test_shadow_renderer.cpp" line="49" status="run" result="completed" time="0." timestamp="2025-12-18T19:48:25.036" classname="ShadowRendererTest" />
    <testcase name="ParseNegativeOffsets" file="C:\Users\Administrator\Desktop\code\MBink\tests\render\test_shadow_renderer.cpp" line="61" status="run" result="completed" time="0." timestamp="2025-12-18T19:48:25.038" classname="ShadowRendererTest" />
    <testcase name="ParseSimpleTextShadow" file="C:\Users\Administrator\Desktop\code\MBink\tests\render\test_shadow_renderer.cpp" line="71" status="run" result="completed" time="0." timestamp="2025-12-18T19:48:25.040" classname="ShadowRendererTest" />
    <testcase name="ParseTextShadowWithBlur" file="C:\Users\Administrator\Desktop\code\MBink\tests\render\test_shadow_renderer.cpp" line="79" status="run" result="completed" time="0." timestamp="2025-12-18T19:48:25.041" classname="ShadowRendererTest" />
    <testcase name="ParseMultipleTextShadows" file="C:\Users\Administrator\Desktop\code\MBink\tests\render\test_shadow_renderer.cpp" line="86" status="run" result="completed" time="0." timestamp="2025-12-18T19:48:25.043" classname="ShadowRendererTest" />
    <testcase name="BoxShadowDefaultConstruction" file="C:\Users\Administrator\Desktop\code\MBink\tests\render\test_shadow_renderer.cpp" line="96" status="run" result="completed" time="0." timestamp="2025-12-18T19:48:25.044" classname="ShadowRendererTest" />
    <testcase name="BoxShadowModification" file="C:\Users\Administrator\Desktop\code\MBink\tests\render\test_shadow_renderer.cpp" line="107" status="run" result="completed" time="0." timestamp="2025-12-18T19:48:25.046" classname="ShadowRendererTest" />
    <testcase name="TextShadowDefaultConstruction" file="C:\Users\Administrator\Desktop\code\MBink\tests\render\test_shadow_renderer.cpp" line="124" status="run" result="completed" time="0." timestamp="2025-12-18T19:48:25.048" classname="ShadowRendererTest" />
    <testcase name="ParseEmptyShadow" file="C:\Users\Administrator\Desktop\code\MBink\tests\render\test_shadow_renderer.cpp" line="135" status="run" result="completed" time="0." timestamp="2025-12-18T19:48:25.051" classname="ShadowRendererTest" />
    <testcase name="ParseNoneShadow" file="C:\Users\Administrator\Desktop\code\MBink\tests\render\test_shadow_renderer.cpp" line="140" status="run" result="completed" time="0." timestamp="2025-12-18T19:48:25.053" classname="ShadowRendererTest" />
    <testcase name="ZeroBlurShadow" file="C:\Users\Administrator\Desktop\code\MBink\tests\render\test_shadow_renderer.cpp" line="145" status="run" result="completed" time="0." timestamp="2025-12-18T19:48:25.056" classname="ShadowRendererTest" />
    <testcase name="LargeBlurShadow" file="C:\Users\Administrator\Desktop\code\MBink\tests\render\test_shadow_renderer.cpp" line="152" status="run" result="completed" time="0." timestamp="2025-12-18T19:48:25.059" classname="ShadowRendererTest" />
  </testsuite>
  <testsuite name="TextRendererTest" tests="11" failures="3" disabled="0" skipped="0" errors="0" time="0.328" timestamp="2025-12-18T19:48:25.062">
    <testcase name="TextMetricsDefaultConstruction" file="C:\Users\Administrator\Desktop\code\MBink\tests\render\test_text_renderer.cpp" line="22" status="run" result="completed" time="0." timestamp="2025-12-18T19:48:25.063" classname="TextRendererTest" />
    <testcase name="TextMetricsModification" file="C:\Users\Administrator\Desktop\code\MBink\tests\render\test_text_renderer.cpp" line="32" status="run" result="completed" time="0." timestamp="2025-12-18T19:48:25.064" classname="TextRendererTest" />
    <testcase name="TextAlignValues" file="C:\Users\Administrator\Desktop\code\MBink\tests\render\test_text_renderer.cpp" line="49" status="run" result="completed" time="0." timestamp="2025-12-18T19:48:25.067" classname="TextRendererTest" />
    <testcase name="TextDecorationValues" file="C:\Users\Administrator\Desktop\code\MBink\tests\render\test_text_renderer.cpp" line="58" status="run" result="completed" time="0." timestamp="2025-12-18T19:48:25.069" classname="TextRendererTest" />
    <testcase name="TextDecorationCombination" file="C:\Users\Administrator\Desktop\code\MBink\tests\render\test_text_renderer.cpp" line="65" status="run" result="completed" time="0." timestamp="2025-12-18T19:48:25.072" classname="TextRendererTest" />
    <testcase name="MeasureMixedTextWidthEmpty" file="C:\Users\Administrator\Desktop\code\MBink\tests\render\test_text_renderer.cpp" line="74" status="run" result="completed" time="0." timestamp="2025-12-18T19:48:25.073" classname="TextRendererTest" />
    <testcase name="MeasureMixedTextWidthSimple" file="C:\Users\Administrator\Desktop\code\MBink\tests\render\test_text_renderer.cpp" line="82" status="run" result="completed" time="0.302" timestamp="2025-12-18T19:48:25.076" classname="TextRendererTest">
      <failure message="C:\Users\Administrator\Desktop\code\MBink\tests\render\test_text_renderer.cpp:87&#x0A;Expected: (width) &gt; (0.0f), actual: 0 vs 0&#x0A;" type=""><![CDATA[C:\Users\Administrator\Desktop\code\MBink\tests\render\test_text_renderer.cpp:87
Expected: (width) > (0.0f), actual: 0 vs 0
]]></failure>
    </testcase>
    <testcase name="MeasureMixedTextWidthLonger" file="C:\Users\Administrator\Desktop\code\MBink\tests\render\test_text_renderer.cpp" line="90" status="run" result="completed" time="0." timestamp="2025-12-18T19:48:25.380" classname="TextRendererTest">
      <failure message="C:\Users\Administrator\Desktop\code\MBink\tests\render\test_text_renderer.cpp:97&#x0A;Expected: (width2) &gt; (width1), actual: 0 vs 0&#x0A;" type=""><![CDATA[C:\Users\Administrator\Desktop\code\MBink\tests\render\test_text_renderer.cpp:97
Expected: (width2) > (width1), actual: 0 vs 0
]]></failure>
    </testcase>
    <testcase name="MeasureMixedTextWidthDifferentSizes" file="C:\Users\Administrator\Desktop\code\MBink\tests\render\test_text_renderer.cpp" line="100" status="run" result="completed" time="0." timestamp="2025-12-18T19:48:25.382" classname="TextRendererTest">
      <failure message="C:\Users\Administrator\Desktop\code\MBink\tests\render\test_text_renderer.cpp:110&#x0A;Expected: (width24) &gt; (width12), actual: 0 vs 0&#x0A;" type=""><![CDATA[C:\Users\Administrator\Desktop\code\MBink\tests\render\test_text_renderer.cpp:110
Expected: (width24) > (width12), actual: 0 vs 0
]]></failure>
    </testcase>
    <testcase name="MeasureMixedTextWidthChinese" file="C:\Users\Administrator\Desktop\code\MBink\tests\render\test_text_renderer.cpp" line="115" status="run" result="completed" time="0.004" timestamp="2025-12-18T19:48:25.384" classname="TextRendererTest" />
    <testcase name="MeasureMixedTextWidthMixed" file="C:\Users\Administrator\Desktop\code\MBink\tests\render\test_text_renderer.cpp" line="123" status="run" result="completed" time="0." timestamp="2025-12-18T19:48:25.390" classname="TextRendererTest" />
  </testsuite>
</testsuites>
