<?xml version="1.0" encoding="UTF-8"?>
<testsuites tests="75" failures="0" disabled="0" errors="0" time="0.393" timestamp="2025-12-18T19:44:14.817" name="AllTests">
  <testsuite name="NodeTest" tests="1" failures="0" disabled="0" skipped="0" errors="0" time="0.005" timestamp="2025-12-18T19:44:14.822">
    <testcase name="MarkDirtyLayout" file="C:\Users\Administrator\Desktop\code\MBink\tests\unit\dom\test_node.cpp" line="232" status="run" result="completed" time="0.001" timestamp="2025-12-18T19:44:14.823" classname="NodeTest" />
  </testsuite>
  <testsuite name="NativeLayoutEngineTest" tests="18" failures="0" disabled="0" skipped="0" errors="0" time="0.128" timestamp="2025-12-18T19:44:14.831">
    <testcase name="CreateEngine" file="C:\Users\Administrator\Desktop\code\MBink\tests\unit\layout\test_native_layout_engine.cpp" line="40" status="run" result="completed" time="0." timestamp="2025-12-18T19:44:14.833" classname="NativeLayoutEngineTest" />
    <testcase name="Clear" file="C:\Users\Administrator\Desktop\code\MBink\tests\unit\layout\test_native_layout_engine.cpp" line="44" status="run" result="completed" time="0." timestamp="2025-12-18T19:44:14.854" classname="NativeLayoutEngineTest" />
    <testcase name="BlockLayoutBasic" file="C:\Users\Administrator\Desktop\code\MBink\tests\unit\layout\test_native_layout_engine.cpp" line="51" status="run" result="completed" time="0." timestamp="2025-12-18T19:44:14.856" classname="NativeLayoutEngineTest" />
    <testcase name="BlockLayoutAutoWidth" file="C:\Users\Administrator\Desktop\code\MBink\tests\unit\layout\test_native_layout_engine.cpp" line="69" status="run" result="completed" time="0." timestamp="2025-12-18T19:44:14.860" classname="NativeLayoutEngineTest" />
    <testcase name="BlockLayoutMargin" file="C:\Users\Administrator\Desktop\code\MBink\tests\unit\layout\test_native_layout_engine.cpp" line="79" status="run" result="completed" time="0." timestamp="2025-12-18T19:44:14.864" classname="NativeLayoutEngineTest" />
    <testcase name="BlockLayoutPadding" file="C:\Users\Administrator\Desktop\code\MBink\tests\unit\layout\test_native_layout_engine.cpp" line="90" status="run" result="completed" time="0." timestamp="2025-12-18T19:44:14.872" classname="NativeLayoutEngineTest" />
    <testcase name="FlexLayoutRow" file="C:\Users\Administrator\Desktop\code\MBink\tests\unit\layout\test_native_layout_engine.cpp" line="103" status="run" result="completed" time="0." timestamp="2025-12-18T19:44:14.889" classname="NativeLayoutEngineTest" />
    <testcase name="FlexLayoutColumn" file="C:\Users\Administrator\Desktop\code\MBink\tests\unit\layout\test_native_layout_engine.cpp" line="128" status="run" result="completed" time="0." timestamp="2025-12-18T19:44:14.893" classname="NativeLayoutEngineTest" />
    <testcase name="FlexLayoutJustifyContent" file="C:\Users\Administrator\Desktop\code\MBink\tests\unit\layout\test_native_layout_engine.cpp" line="147" status="run" result="completed" time="0." timestamp="2025-12-18T19:44:14.897" classname="NativeLayoutEngineTest" />
    <testcase name="FlexLayoutAlignItems" file="C:\Users\Administrator\Desktop\code\MBink\tests\unit\layout\test_native_layout_engine.cpp" line="166" status="run" result="completed" time="0." timestamp="2025-12-18T19:44:14.900" classname="NativeLayoutEngineTest" />
    <testcase name="FlexGrow" file="C:\Users\Administrator\Desktop\code\MBink\tests\unit\layout\test_native_layout_engine.cpp" line="182" status="run" result="completed" time="0." timestamp="2025-12-18T19:44:14.904" classname="NativeLayoutEngineTest" />
    <testcase name="FlexShrink" file="C:\Users\Administrator\Desktop\code\MBink\tests\unit\layout\test_native_layout_engine.cpp" line="200" status="run" result="completed" time="0." timestamp="2025-12-18T19:44:14.908" classname="NativeLayoutEngineTest" />
    <testcase name="FlexBasis" file="C:\Users\Administrator\Desktop\code\MBink\tests\unit\layout\test_native_layout_engine.cpp" line="220" status="run" result="completed" time="0." timestamp="2025-12-18T19:44:14.912" classname="NativeLayoutEngineTest" />
    <testcase name="FlexWrap" file="C:\Users\Administrator\Desktop\code\MBink\tests\unit\layout\test_native_layout_engine.cpp" line="234" status="run" result="completed" time="0." timestamp="2025-12-18T19:44:14.915" classname="NativeLayoutEngineTest" />
    <testcase name="PositionRelative" file="C:\Users\Administrator\Desktop\code\MBink\tests\unit\layout\test_native_layout_engine.cpp" line="254" status="run" result="completed" time="0.001" timestamp="2025-12-18T19:44:14.922" classname="NativeLayoutEngineTest" />
    <testcase name="PositionAbsolute" file="C:\Users\Administrator\Desktop\code\MBink\tests\unit\layout\test_native_layout_engine.cpp" line="267" status="run" result="completed" time="0." timestamp="2025-12-18T19:44:14.944" classname="NativeLayoutEngineTest" />
    <testcase name="IncrementalLayout" file="C:\Users\Administrator\Desktop\code\MBink\tests\unit\layout\test_native_layout_engine.cpp" line="288" status="run" result="completed" time="0." timestamp="2025-12-18T19:44:14.949" classname="NativeLayoutEngineTest" />
    <testcase name="NestedFlexbox" file="C:\Users\Administrator\Desktop\code\MBink\tests\unit\layout\test_native_layout_engine.cpp" line="310" status="run" result="completed" time="0." timestamp="2025-12-18T19:44:14.957" classname="NativeLayoutEngineTest" />
  </testsuite>
  <testsuite name="FlexLayoutTest" tests="32" failures="0" disabled="0" skipped="0" errors="0" time="0.133" timestamp="2025-12-18T19:44:14.973">
    <testcase name="FlexDirectionRow" file="C:\Users\Administrator\Desktop\code\MBink\tests\unit\layout\test_flex_layout.cpp" line="23" status="run" result="completed" time="0." timestamp="2025-12-18T19:44:14.974" classname="FlexLayoutTest" />
    <testcase name="FlexDirectionColumn" file="C:\Users\Administrator\Desktop\code\MBink\tests\unit\layout\test_flex_layout.cpp" line="29" status="run" result="completed" time="0." timestamp="2025-12-18T19:44:14.976" classname="FlexLayoutTest" />
    <testcase name="FlexDirectionRowReverse" file="C:\Users\Administrator\Desktop\code\MBink\tests\unit\layout\test_flex_layout.cpp" line="34" status="run" result="completed" time="0." timestamp="2025-12-18T19:44:14.977" classname="FlexLayoutTest" />
    <testcase name="FlexDirectionColumnReverse" file="C:\Users\Administrator\Desktop\code\MBink\tests\unit\layout\test_flex_layout.cpp" line="39" status="run" result="completed" time="0." timestamp="2025-12-18T19:44:14.979" classname="FlexLayoutTest" />
    <testcase name="JustifyContentFlexStart" file="C:\Users\Administrator\Desktop\code\MBink\tests\unit\layout\test_flex_layout.cpp" line="46" status="run" result="completed" time="0." timestamp="2025-12-18T19:44:14.981" classname="FlexLayoutTest" />
    <testcase name="JustifyContentFlexEnd" file="C:\Users\Administrator\Desktop\code\MBink\tests\unit\layout\test_flex_layout.cpp" line="51" status="run" result="completed" time="0." timestamp="2025-12-18T19:44:14.984" classname="FlexLayoutTest" />
    <testcase name="JustifyContentCenter" file="C:\Users\Administrator\Desktop\code\MBink\tests\unit\layout\test_flex_layout.cpp" line="56" status="run" result="completed" time="0." timestamp="2025-12-18T19:44:14.990" classname="FlexLayoutTest" />
    <testcase name="JustifyContentSpaceBetween" file="C:\Users\Administrator\Desktop\code\MBink\tests\unit\layout\test_flex_layout.cpp" line="61" status="run" result="completed" time="0." timestamp="2025-12-18T19:44:14.992" classname="FlexLayoutTest" />
    <testcase name="JustifyContentSpaceAround" file="C:\Users\Administrator\Desktop\code\MBink\tests\unit\layout\test_flex_layout.cpp" line="66" status="run" result="completed" time="0." timestamp="2025-12-18T19:44:14.993" classname="FlexLayoutTest" />
    <testcase name="JustifyContentSpaceEvenly" file="C:\Users\Administrator\Desktop\code\MBink\tests\unit\layout\test_flex_layout.cpp" line="71" status="run" result="completed" time="0." timestamp="2025-12-18T19:44:15.003" classname="FlexLayoutTest" />
    <testcase name="AlignItemsFlexStart" file="C:\Users\Administrator\Desktop\code\MBink\tests\unit\layout\test_flex_layout.cpp" line="78" status="run" result="completed" time="0." timestamp="2025-12-18T19:44:15.005" classname="FlexLayoutTest" />
    <testcase name="AlignItemsFlexEnd" file="C:\Users\Administrator\Desktop\code\MBink\tests\unit\layout\test_flex_layout.cpp" line="83" status="run" result="completed" time="0." timestamp="2025-12-18T19:44:15.011" classname="FlexLayoutTest" />
    <testcase name="AlignItemsCenter" file="C:\Users\Administrator\Desktop\code\MBink\tests\unit\layout\test_flex_layout.cpp" line="88" status="run" result="completed" time="0." timestamp="2025-12-18T19:44:15.014" classname="FlexLayoutTest" />
    <testcase name="AlignItemsStretch" file="C:\Users\Administrator\Desktop\code\MBink\tests\unit\layout\test_flex_layout.cpp" line="93" status="run" result="completed" time="0." timestamp="2025-12-18T19:44:15.016" classname="FlexLayoutTest" />
    <testcase name="AlignItemsBaseline" file="C:\Users\Administrator\Desktop\code\MBink\tests\unit\layout\test_flex_layout.cpp" line="98" status="run" result="completed" time="0." timestamp="2025-12-18T19:44:15.018" classname="FlexLayoutTest" />
    <testcase name="FlexWrapNoWrap" file="C:\Users\Administrator\Desktop\code\MBink\tests\unit\layout\test_flex_layout.cpp" line="105" status="run" result="completed" time="0." timestamp="2025-12-18T19:44:15.020" classname="FlexLayoutTest" />
    <testcase name="FlexWrapWrap" file="C:\Users\Administrator\Desktop\code\MBink\tests\unit\layout\test_flex_layout.cpp" line="110" status="run" result="completed" time="0." timestamp="2025-12-18T19:44:15.034" classname="FlexLayoutTest" />
    <testcase name="FlexWrapWrapReverse" file="C:\Users\Administrator\Desktop\code\MBink\tests\unit\layout\test_flex_layout.cpp" line="115" status="run" result="completed" time="0." timestamp="2025-12-18T19:44:15.038" classname="FlexLayoutTest" />
    <testcase name="AlignContentFlexStart" file="C:\Users\Administrator\Desktop\code\MBink\tests\unit\layout\test_flex_layout.cpp" line="122" status="run" result="completed" time="0." timestamp="2025-12-18T19:44:15.040" classname="FlexLayoutTest" />
    <testcase name="AlignContentFlexEnd" file="C:\Users\Administrator\Desktop\code\MBink\tests\unit\layout\test_flex_layout.cpp" line="127" status="run" result="completed" time="0." timestamp="2025-12-18T19:44:15.042" classname="FlexLayoutTest" />
    <testcase name="AlignContentCenter" file="C:\Users\Administrator\Desktop\code\MBink\tests\unit\layout\test_flex_layout.cpp" line="132" status="run" result="completed" time="0." timestamp="2025-12-18T19:44:15.044" classname="FlexLayoutTest" />
    <testcase name="AlignContentStretch" file="C:\Users\Administrator\Desktop\code\MBink\tests\unit\layout\test_flex_layout.cpp" line="137" status="run" result="completed" time="0." timestamp="2025-12-18T19:44:15.046" classname="FlexLayoutTest" />
    <testcase name="AlignContentSpaceBetween" file="C:\Users\Administrator\Desktop\code\MBink\tests\unit\layout\test_flex_layout.cpp" line="142" status="run" result="completed" time="0." timestamp="2025-12-18T19:44:15.049" classname="FlexLayoutTest" />
    <testcase name="AlignContentSpaceAround" file="C:\Users\Administrator\Desktop\code\MBink\tests\unit\layout\test_flex_layout.cpp" line="147" status="run" result="completed" time="0." timestamp="2025-12-18T19:44:15.051" classname="FlexLayoutTest" />
    <testcase name="AlignSelfStart" file="C:\Users\Administrator\Desktop\code\MBink\tests\unit\layout\test_flex_layout.cpp" line="154" status="run" result="completed" time="0." timestamp="2025-12-18T19:44:15.055" classname="FlexLayoutTest" />
    <testcase name="AlignSelfFlexStart" file="C:\Users\Administrator\Desktop\code\MBink\tests\unit\layout\test_flex_layout.cpp" line="159" status="run" result="completed" time="0." timestamp="2025-12-18T19:44:15.057" classname="FlexLayoutTest" />
    <testcase name="AlignSelfFlexEnd" file="C:\Users\Administrator\Desktop\code\MBink\tests\unit\layout\test_flex_layout.cpp" line="164" status="run" result="completed" time="0." timestamp="2025-12-18T19:44:15.076" classname="FlexLayoutTest" />
    <testcase name="AlignSelfCenter" file="C:\Users\Administrator\Desktop\code\MBink\tests\unit\layout\test_flex_layout.cpp" line="169" status="run" result="completed" time="0." timestamp="2025-12-18T19:44:15.083" classname="FlexLayoutTest" />
    <testcase name="AlignSelfStretch" file="C:\Users\Administrator\Desktop\code\MBink\tests\unit\layout\test_flex_layout.cpp" line="174" status="run" result="completed" time="0." timestamp="2025-12-18T19:44:15.085" classname="FlexLayoutTest" />
    <testcase name="DefaultFlexGrow" file="C:\Users\Administrator\Desktop\code\MBink\tests\unit\layout\test_flex_layout.cpp" line="181" status="run" result="completed" time="0." timestamp="2025-12-18T19:44:15.087" classname="FlexLayoutTest" />
    <testcase name="DefaultFlexShrink" file="C:\Users\Administrator\Desktop\code\MBink\tests\unit\layout\test_flex_layout.cpp" line="187" status="run" result="completed" time="0." timestamp="2025-12-18T19:44:15.096" classname="FlexLayoutTest" />
    <testcase name="DefaultFlexBasis" file="C:\Users\Administrator\Desktop\code\MBink\tests\unit\layout\test_flex_layout.cpp" line="193" status="run" result="completed" time="0." timestamp="2025-12-18T19:44:15.106" classname="FlexLayoutTest" />
  </testsuite>
  <testsuite name="BlockLayoutTest" tests="24" failures="0" disabled="0" skipped="0" errors="0" time="0.097" timestamp="2025-12-18T19:44:15.110">
    <testcase name="DisplayBlock" file="C:\Users\Administrator\Desktop\code\MBink\tests\unit\layout\test_block_layout.cpp" line="23" status="run" result="completed" time="0." timestamp="2025-12-18T19:44:15.110" classname="BlockLayoutTest" />
    <testcase name="DisplayFlex" file="C:\Users\Administrator\Desktop\code\MBink\tests\unit\layout\test_block_layout.cpp" line="28" status="run" result="completed" time="0." timestamp="2025-12-18T19:44:15.113" classname="BlockLayoutTest" />
    <testcase name="DisplayGrid" file="C:\Users\Administrator\Desktop\code\MBink\tests\unit\layout\test_block_layout.cpp" line="33" status="run" result="completed" time="0." timestamp="2025-12-18T19:44:15.117" classname="BlockLayoutTest" />
    <testcase name="DisplayNone" file="C:\Users\Administrator\Desktop\code\MBink\tests\unit\layout\test_block_layout.cpp" line="38" status="run" result="completed" time="0." timestamp="2025-12-18T19:44:15.119" classname="BlockLayoutTest" />
    <testcase name="PositionRelative" file="C:\Users\Administrator\Desktop\code\MBink\tests\unit\layout\test_block_layout.cpp" line="45" status="run" result="completed" time="0." timestamp="2025-12-18T19:44:15.123" classname="BlockLayoutTest" />
    <testcase name="PositionAbsolute" file="C:\Users\Administrator\Desktop\code\MBink\tests\unit\layout\test_block_layout.cpp" line="50" status="run" result="completed" time="0." timestamp="2025-12-18T19:44:15.126" classname="BlockLayoutTest" />
    <testcase name="PositionFixed" file="C:\Users\Administrator\Desktop\code\MBink\tests\unit\layout\test_block_layout.cpp" line="55" status="run" result="completed" time="0." timestamp="2025-12-18T19:44:15.129" classname="BlockLayoutTest" />
    <testcase name="PositionSticky" file="C:\Users\Administrator\Desktop\code\MBink\tests\unit\layout\test_block_layout.cpp" line="60" status="run" result="completed" time="0." timestamp="2025-12-18T19:44:15.133" classname="BlockLayoutTest" />
    <testcase name="BoxSizingContentBox" file="C:\Users\Administrator\Desktop\code\MBink\tests\unit\layout\test_block_layout.cpp" line="67" status="run" result="completed" time="0." timestamp="2025-12-18T19:44:15.141" classname="BlockLayoutTest" />
    <testcase name="BoxSizingBorderBox" file="C:\Users\Administrator\Desktop\code\MBink\tests\unit\layout\test_block_layout.cpp" line="72" status="run" result="completed" time="0." timestamp="2025-12-18T19:44:15.142" classname="BlockLayoutTest" />
    <testcase name="OverflowVisible" file="C:\Users\Administrator\Desktop\code\MBink\tests\unit\layout\test_block_layout.cpp" line="79" status="run" result="completed" time="0." timestamp="2025-12-18T19:44:15.144" classname="BlockLayoutTest" />
    <testcase name="OverflowHidden" file="C:\Users\Administrator\Desktop\code\MBink\tests\unit\layout\test_block_layout.cpp" line="84" status="run" result="completed" time="0." timestamp="2025-12-18T19:44:15.145" classname="BlockLayoutTest" />
    <testcase name="OverflowScroll" file="C:\Users\Administrator\Desktop\code\MBink\tests\unit\layout\test_block_layout.cpp" line="89" status="run" result="completed" time="0." timestamp="2025-12-18T19:44:15.154" classname="BlockLayoutTest" />
    <testcase name="LengthPixels" file="C:\Users\Administrator\Desktop\code\MBink\tests\unit\layout\test_block_layout.cpp" line="102" status="run" result="completed" time="0." timestamp="2025-12-18T19:44:15.155" classname="BlockLayoutTest" />
    <testcase name="LengthPercent" file="C:\Users\Administrator\Desktop\code\MBink\tests\unit\layout\test_block_layout.cpp" line="108" status="run" result="completed" time="0." timestamp="2025-12-18T19:44:15.159" classname="BlockLayoutTest" />
    <testcase name="ResolvePercentage" file="C:\Users\Administrator\Desktop\code\MBink\tests\unit\layout\test_block_layout.cpp" line="114" status="run" result="completed" time="0." timestamp="2025-12-18T19:44:15.161" classname="BlockLayoutTest" />
    <testcase name="ResolveLength" file="C:\Users\Administrator\Desktop\code\MBink\tests\unit\layout\test_block_layout.cpp" line="120" status="run" result="completed" time="0." timestamp="2025-12-18T19:44:15.164" classname="BlockLayoutTest" />
    <testcase name="MarginCollapsePositive" file="C:\Users\Administrator\Desktop\code\MBink\tests\unit\layout\test_block_layout.cpp" line="128" status="run" result="completed" time="0." timestamp="2025-12-18T19:44:15.168" classname="BlockLayoutTest" />
    <testcase name="MarginCollapseNegative" file="C:\Users\Administrator\Desktop\code\MBink\tests\unit\layout\test_block_layout.cpp" line="136" status="run" result="completed" time="0." timestamp="2025-12-18T19:44:15.172" classname="BlockLayoutTest" />
    <testcase name="MarginCollapseMixed" file="C:\Users\Administrator\Desktop\code\MBink\tests\unit\layout\test_block_layout.cpp" line="144" status="run" result="completed" time="0." timestamp="2025-12-18T19:44:15.175" classname="BlockLayoutTest" />
    <testcase name="AutoMarginCentering" file="C:\Users\Administrator\Desktop\code\MBink\tests\unit\layout\test_block_layout.cpp" line="154" status="run" result="completed" time="0." timestamp="2025-12-18T19:44:15.177" classname="BlockLayoutTest" />
    <testcase name="MinWidthConstraint" file="C:\Users\Administrator\Desktop\code\MBink\tests\unit\layout\test_block_layout.cpp" line="166" status="run" result="completed" time="0." timestamp="2025-12-18T19:44:15.180" classname="BlockLayoutTest" />
    <testcase name="MaxWidthConstraint" file="C:\Users\Administrator\Desktop\code\MBink\tests\unit\layout\test_block_layout.cpp" line="174" status="run" result="completed" time="0." timestamp="2025-12-18T19:44:15.182" classname="BlockLayoutTest" />
    <testcase name="MinMaxWidthConstraint" file="C:\Users\Administrator\Desktop\code\MBink\tests\unit\layout\test_block_layout.cpp" line="182" status="run" result="completed" time="0." timestamp="2025-12-18T19:44:15.205" classname="BlockLayoutTest" />
  </testsuite>
</testsuites>
